SF:lib/src/color_converter.dart
DA:8,1
DA:10,0
DA:11,0
DA:13,0
DA:14,0
LF:5
LH:1
end_of_record
SF:lib/src/database.g.dart
DA:11,1
DA:14,2
DA:16,1
DA:21,1
DA:29,2
DA:31,1
DA:41,2
DA:43,1
DA:52,2
DA:54,1
DA:61,2
DA:63,1
DA:65,1
DA:73,1
DA:74,1
DA:76,1
DA:80,2
DA:85,2
DA:87,1
DA:91,1
DA:100,2
DA:102,1
DA:108,1
DA:109,1
DA:110,1
DA:111,1
DA:112,1
DA:113,1
DA:114,1
DA:115,1
DA:116,1
DA:117,1
DA:119,1
DA:120,2
DA:121,1
DA:124,0
DA:129,0
DA:130,0
DA:131,0
DA:132,0
DA:134,0
DA:135,0
DA:137,0
DA:140,0
DA:141,0
DA:143,0
DA:146,0
DA:147,0
DA:149,0
DA:152,0
DA:153,0
DA:155,0
DA:158,0
DA:160,0
DA:161,0
DA:163,0
DA:166,0
DA:167,0
DA:169,0
DA:170,0
DA:178,1
DA:179,1
DA:180,0
DA:182,0
DA:183,0
DA:184,0
DA:186,0
DA:188,0
DA:190,0
DA:192,0
DA:194,0
DA:196,0
DA:198,0
DA:200,0
DA:202,0
DA:204,0
DA:205,0
DA:207,0
DA:210,0
DA:212,0
DA:214,0
DA:216,0
DA:221,0
DA:223,0
DA:226,2
DA:238,0
DA:248,0
DA:250,0
DA:251,0
DA:252,0
DA:253,0
DA:254,0
DA:256,0
DA:257,0
DA:259,0
DA:261,0
DA:262,0
DA:265,0
DA:266,0
DA:270,0
DA:271,0
DA:272,0
DA:273,0
DA:274,0
DA:276,0
DA:277,0
DA:279,0
DA:280,0
DA:281,0
DA:282,0
DA:283,0
DA:287,0
DA:291,0
DA:292,0
DA:293,0
DA:294,0
DA:295,0
DA:296,0
DA:297,0
DA:298,0
DA:299,0
DA:300,0
DA:303,0
DA:305,0
DA:306,0
DA:307,0
DA:308,0
DA:309,0
DA:310,0
DA:311,0
DA:312,0
DA:313,0
DA:314,0
DA:318,0
DA:327,0
DA:328,0
DA:329,0
DA:330,0
DA:331,0
DA:332,0
DA:333,0
DA:334,0
DA:335,0
DA:337,0
DA:338,0
DA:339,0
DA:340,0
DA:341,0
DA:342,0
DA:343,0
DA:344,0
DA:345,0
DA:346,0
DA:347,0
DA:348,0
DA:352,0
DA:354,0
DA:355,0
DA:356,0
DA:357,0
DA:358,0
DA:359,0
DA:360,0
DA:361,0
DA:362,0
DA:363,0
DA:364,0
DA:367,0
DA:368,0
DA:369,0
DA:370,0
DA:371,0
DA:372,0
DA:373,0
DA:374,0
DA:375,0
DA:376,0
DA:378,0
DA:381,0
DA:382,0
DA:383,0
DA:384,0
DA:385,0
DA:386,0
DA:387,0
DA:388,0
DA:389,0
DA:401,0
DA:411,0
DA:420,0
DA:421,0
DA:422,0
DA:432,0
DA:433,0
DA:434,0
DA:435,0
DA:436,0
DA:437,0
DA:438,0
DA:439,0
DA:440,0
DA:444,0
DA:454,0
DA:455,0
DA:456,0
DA:457,0
DA:458,0
DA:459,0
DA:460,0
DA:461,0
DA:462,0
DA:466,0
DA:468,0
DA:469,0
DA:470,0
DA:472,0
DA:473,0
DA:475,0
DA:476,0
DA:478,0
DA:479,0
DA:481,0
DA:482,0
DA:484,0
DA:485,0
DA:486,0
DA:489,0
DA:490,0
DA:492,0
DA:493,0
DA:498,0
DA:500,0
DA:501,0
DA:502,0
DA:503,0
DA:504,0
DA:505,0
DA:506,0
DA:507,0
DA:508,0
DA:509,0
DA:510,0
DA:519,1
DA:522,2
DA:524,1
DA:529,1
DA:537,2
DA:539,1
DA:549,2
DA:551,1
DA:560,2
DA:562,1
DA:569,2
DA:571,1
DA:580,2
DA:582,1
DA:592,2
DA:594,1
DA:603,2
DA:605,1
DA:609,1
DA:616,2
DA:618,1
DA:622,1
DA:628,2
DA:630,1
DA:634,1
DA:640,2
DA:642,1
DA:650,2
DA:652,1
DA:662,2
DA:664,1
DA:672,2
DA:674,1
DA:684,2
DA:686,1
DA:691,1
DA:692,1
DA:693,1
DA:694,1
DA:695,1
DA:696,1
DA:697,1
DA:698,1
DA:699,1
DA:700,1
DA:701,1
DA:702,1
DA:703,1
DA:704,1
DA:705,1
DA:706,1
DA:707,1
DA:709,1
DA:710,2
DA:711,1
DA:714,1
DA:719,1
DA:720,1
DA:721,1
DA:722,0
DA:724,1
DA:725,1
DA:727,3
DA:730,1
DA:731,0
DA:733,0
DA:736,1
DA:737,0
DA:739,0
DA:742,1
DA:743,1
DA:745,3
DA:748,0
DA:750,1
DA:751,0
DA:753,0
DA:754,0
DA:759,1
DA:760,0
DA:762,0
DA:765,1
DA:766,0
DA:768,0
DA:771,1
DA:772,0
DA:774,0
DA:777,1
DA:778,0
DA:780,0
DA:783,1
DA:784,0
DA:786,0
DA:789,1
DA:790,0
DA:792,0
DA:795,1
DA:796,0
DA:798,0
DA:801,1
DA:802,0
DA:804,0
DA:807,1
DA:808,1
DA:810,2
DA:811,1
DA:819,1
DA:820,1
DA:821,1
DA:823,0
DA:824,1
DA:825,3
DA:827,2
DA:829,3
DA:831,2
DA:833,3
DA:835,2
DA:837,3
DA:839,2
DA:841,3
DA:843,2
DA:845,3
DA:847,2
DA:849,3
DA:851,2
DA:853,3
DA:855,2
DA:857,3
DA:859,2
DA:861,3
DA:863,2
DA:865,3
DA:867,2
DA:869,3
DA:871,2
DA:873,3
DA:875,2
DA:877,3
DA:879,2
DA:881,3
DA:883,2
DA:888,0
DA:890,0
DA:910,1
DA:927,0
DA:929,0
DA:930,0
DA:931,0
DA:932,0
DA:933,0
DA:935,0
DA:936,0
DA:938,0
DA:939,0
DA:940,0
DA:941,0
DA:943,0
DA:944,0
DA:945,0
DA:947,0
DA:948,0
DA:950,0
DA:951,0
DA:952,0
DA:953,0
DA:954,0
DA:955,0
DA:960,0
DA:961,0
DA:962,0
DA:963,0
DA:964,0
DA:966,0
DA:967,0
DA:969,0
DA:970,0
DA:971,0
DA:972,0
DA:974,0
DA:975,0
DA:976,0
DA:977,0
DA:979,0
DA:980,0
DA:981,0
DA:982,0
DA:983,0
DA:984,0
DA:986,0
DA:990,0
DA:994,0
DA:995,0
DA:996,0
DA:997,0
DA:998,0
DA:999,0
DA:1000,0
DA:1001,0
DA:1002,0
DA:1003,0
DA:1004,0
DA:1005,0
DA:1006,0
DA:1007,0
DA:1008,0
DA:1009,0
DA:1010,0
DA:1013,0
DA:1015,0
DA:1016,0
DA:1017,0
DA:1018,0
DA:1019,0
DA:1020,0
DA:1021,0
DA:1022,0
DA:1023,0
DA:1024,0
DA:1025,0
DA:1026,0
DA:1027,0
DA:1028,0
DA:1029,0
DA:1030,0
DA:1031,0
DA:1035,0
DA:1051,0
DA:1052,0
DA:1053,0
DA:1054,0
DA:1055,0
DA:1056,0
DA:1057,0
DA:1058,0
DA:1059,0
DA:1060,0
DA:1061,0
DA:1062,0
DA:1063,0
DA:1064,0
DA:1065,0
DA:1066,0
DA:1068,0
DA:1069,0
DA:1070,0
DA:1071,0
DA:1072,0
DA:1073,0
DA:1074,0
DA:1075,0
DA:1076,0
DA:1077,0
DA:1078,0
DA:1079,0
DA:1080,0
DA:1081,0
DA:1082,0
DA:1083,0
DA:1084,0
DA:1085,0
DA:1086,0
DA:1087,0
DA:1088,0
DA:1089,0
DA:1090,0
DA:1091,0
DA:1092,0
DA:1093,0
DA:1094,0
DA:1098,0
DA:1100,0
DA:1101,0
DA:1102,0
DA:1103,0
DA:1104,0
DA:1105,0
DA:1106,0
DA:1107,0
DA:1108,0
DA:1109,0
DA:1110,0
DA:1111,0
DA:1112,0
DA:1113,0
DA:1114,0
DA:1115,0
DA:1116,0
DA:1117,0
DA:1120,0
DA:1121,0
DA:1122,0
DA:1123,0
DA:1124,0
DA:1125,0
DA:1126,0
DA:1127,0
DA:1128,0
DA:1129,0
DA:1130,0
DA:1131,0
DA:1132,0
DA:1133,0
DA:1134,0
DA:1135,0
DA:1136,0
DA:1138,0
DA:1141,0
DA:1142,0
DA:1143,0
DA:1144,0
DA:1145,0
DA:1146,0
DA:1147,0
DA:1148,0
DA:1149,0
DA:1150,0
DA:1151,0
DA:1152,0
DA:1153,0
DA:1154,0
DA:1155,0
DA:1156,0
DA:1175,0
DA:1192,1
DA:1208,1
DA:1209,0
DA:1226,0
DA:1227,0
DA:1228,0
DA:1229,0
DA:1230,0
DA:1231,0
DA:1232,0
DA:1233,0
DA:1234,0
DA:1235,0
DA:1236,0
DA:1237,0
DA:1238,0
DA:1239,0
DA:1240,0
DA:1241,0
DA:1245,0
DA:1262,0
DA:1263,0
DA:1264,0
DA:1265,0
DA:1266,0
DA:1267,0
DA:1268,0
DA:1269,0
DA:1270,0
DA:1271,0
DA:1272,0
DA:1273,0
DA:1274,0
DA:1275,0
DA:1276,0
DA:1277,0
DA:1281,1
DA:1283,1
DA:1284,2
DA:1285,0
DA:1287,2
DA:1288,4
DA:1290,2
DA:1291,0
DA:1293,2
DA:1294,0
DA:1296,2
DA:1297,4
DA:1299,2
DA:1300,0
DA:1302,2
DA:1303,0
DA:1305,2
DA:1306,0
DA:1308,2
DA:1309,0
DA:1311,2
DA:1312,0
DA:1314,2
DA:1315,0
DA:1317,2
DA:1318,0
DA:1320,2
DA:1321,0
DA:1323,2
DA:1324,0
DA:1326,2
DA:1327,4
DA:1332,0
DA:1334,0
DA:1335,0
DA:1336,0
DA:1337,0
DA:1338,0
DA:1339,0
DA:1340,0
DA:1341,0
DA:1342,0
DA:1343,0
DA:1344,0
DA:1345,0
DA:1346,0
DA:1347,0
DA:1348,0
DA:1349,0
DA:1350,0
DA:1351,0
DA:1360,1
DA:1363,2
DA:1365,1
DA:1370,1
DA:1378,2
DA:1380,1
DA:1390,2
DA:1392,1
DA:1401,2
DA:1403,1
DA:1410,2
DA:1412,1
DA:1421,2
DA:1423,1
DA:1427,1
DA:1432,1
DA:1433,1
DA:1434,1
DA:1435,1
DA:1436,1
DA:1437,1
DA:1438,1
DA:1439,1
DA:1441,1
DA:1442,2
DA:1443,1
DA:1446,0
DA:1451,0
DA:1452,0
DA:1453,0
DA:1454,0
DA:1456,0
DA:1457,0
DA:1459,0
DA:1462,0
DA:1463,0
DA:1465,0
DA:1468,0
DA:1469,0
DA:1471,0
DA:1474,0
DA:1475,0
DA:1477,0
DA:1480,0
DA:1482,0
DA:1483,0
DA:1485,0
DA:1486,0
DA:1494,1
DA:1495,1
DA:1496,0
DA:1498,0
DA:1499,0
DA:1500,0
DA:1502,0
DA:1504,0
DA:1506,0
DA:1508,0
DA:1510,0
DA:1512,0
DA:1514,0
DA:1516,0
DA:1518,0
DA:1520,0
DA:1522,0
DA:1527,0
DA:1529,0
DA:1540,0
DA:1548,0
DA:1550,0
DA:1551,0
DA:1552,0
DA:1553,0
DA:1554,0
DA:1556,0
DA:1557,0
DA:1559,0
DA:1560,0
DA:1564,0
DA:1565,0
DA:1566,0
DA:1567,0
DA:1568,0
DA:1570,0
DA:1571,0
DA:1573,0
DA:1574,0
DA:1575,0
DA:1579,0
DA:1583,0
DA:1584,0
DA:1585,0
DA:1586,0
DA:1587,0
DA:1588,0
DA:1589,0
DA:1590,0
DA:1593,0
DA:1595,0
DA:1596,0
DA:1597,0
DA:1598,0
DA:1599,0
DA:1600,0
DA:1601,0
DA:1602,0
DA:1606,0
DA:1613,0
DA:1614,0
DA:1615,0
DA:1616,0
DA:1617,0
DA:1618,0
DA:1619,0
DA:1621,0
DA:1622,0
DA:1623,0
DA:1624,0
DA:1625,0
DA:1626,0
DA:1627,0
DA:1628,0
DA:1629,0
DA:1630,0
DA:1634,0
DA:1636,0
DA:1637,0
DA:1638,0
DA:1639,0
DA:1640,0
DA:1641,0
DA:1642,0
DA:1643,0
DA:1644,0
DA:1647,0
DA:1649,0
DA:1650,0
DA:1653,0
DA:1654,0
DA:1655,0
DA:1656,0
DA:1657,0
DA:1658,0
DA:1659,0
DA:1669,0
DA:1677,0
DA:1684,0
DA:1685,0
DA:1693,0
DA:1694,0
DA:1695,0
DA:1696,0
DA:1697,0
DA:1698,0
DA:1699,0
DA:1703,0
DA:1711,0
DA:1712,0
DA:1713,0
DA:1714,0
DA:1715,0
DA:1716,0
DA:1717,0
DA:1721,0
DA:1723,0
DA:1724,0
DA:1725,0
DA:1727,0
DA:1728,0
DA:1730,0
DA:1731,0
DA:1733,0
DA:1734,0
DA:1736,0
DA:1737,0
DA:1739,0
DA:1740,0
DA:1745,0
DA:1747,0
DA:1748,0
DA:1749,0
DA:1750,0
DA:1751,0
DA:1752,0
DA:1753,0
DA:1754,0
DA:1755,0
DA:1764,1
DA:1767,2
DA:1769,1
DA:1774,1
DA:1782,2
DA:1784,1
DA:1794,2
DA:1796,1
DA:1805,2
DA:1807,1
DA:1816,2
DA:1818,1
DA:1822,1
DA:1828,2
DA:1830,1
DA:1839,2
DA:1841,1
DA:1847,1
DA:1848,1
DA:1849,1
DA:1850,1
DA:1851,1
DA:1852,1
DA:1853,1
DA:1854,1
DA:1855,1
DA:1857,1
DA:1858,2
DA:1859,1
DA:1862,0
DA:1867,0
DA:1868,0
DA:1869,0
DA:1870,0
DA:1872,0
DA:1873,0
DA:1875,0
DA:1878,0
DA:1879,0
DA:1881,0
DA:1884,0
DA:1885,0
DA:1887,0
DA:1890,0
DA:1891,0
DA:1893,0
DA:1896,0
DA:1898,0
DA:1899,0
DA:1901,0
DA:1904,0
DA:1906,0
DA:1907,0
DA:1909,0
DA:1910,0
DA:1918,1
DA:1919,1
DA:1920,0
DA:1922,0
DA:1923,0
DA:1924,0
DA:1926,0
DA:1928,0
DA:1930,0
DA:1932,0
DA:1934,0
DA:1936,0
DA:1938,0
DA:1940,0
DA:1942,0
DA:1944,0
DA:1946,0
DA:1948,0
DA:1950,0
DA:1955,0
DA:1957,0
DA:1970,0
DA:1979,0
DA:1981,0
DA:1982,0
DA:1983,0
DA:1984,0
DA:1985,0
DA:1987,0
DA:1988,0
DA:1990,0
DA:1991,0
DA:1992,0
DA:1996,0
DA:1997,0
DA:1998,0
DA:1999,0
DA:2000,0
DA:2002,0
DA:2003,0
DA:2005,0
DA:2006,0
DA:2007,0
DA:2008,0
DA:2012,0
DA:2016,0
DA:2017,0
DA:2018,0
DA:2019,0
DA:2020,0
DA:2021,0
DA:2022,0
DA:2023,0
DA:2024,0
DA:2027,0
DA:2029,0
DA:2030,0
DA:2031,0
DA:2032,0
DA:2033,0
DA:2034,0
DA:2035,0
DA:2036,0
DA:2037,0
DA:2041,0
DA:2049,0
DA:2050,0
DA:2051,0
DA:2052,0
DA:2053,0
DA:2054,0
DA:2055,0
DA:2056,0
DA:2058,0
DA:2059,0
DA:2060,0
DA:2061,0
DA:2062,0
DA:2063,0
DA:2064,0
DA:2065,0
DA:2066,0
DA:2067,0
DA:2068,0
DA:2069,0
DA:2070,0
DA:2074,0
DA:2076,0
DA:2077,0
DA:2078,0
DA:2079,0
DA:2080,0
DA:2081,0
DA:2082,0
DA:2083,0
DA:2084,0
DA:2085,0
DA:2088,0
DA:2089,0
DA:2090,0
DA:2091,0
DA:2092,0
DA:2093,0
DA:2094,0
DA:2095,0
DA:2096,0
DA:2098,0
DA:2101,0
DA:2102,0
DA:2103,0
DA:2104,0
DA:2105,0
DA:2106,0
DA:2107,0
DA:2108,0
DA:2120,0
DA:2129,0
DA:2137,0
DA:2138,0
DA:2139,0
DA:2148,0
DA:2149,0
DA:2150,0
DA:2151,0
DA:2152,0
DA:2153,0
DA:2154,0
DA:2155,0
DA:2159,0
DA:2168,0
DA:2169,0
DA:2170,0
DA:2171,0
DA:2172,0
DA:2173,0
DA:2174,0
DA:2175,0
DA:2179,0
DA:2181,0
DA:2182,0
DA:2183,0
DA:2185,0
DA:2186,0
DA:2188,0
DA:2189,0
DA:2191,0
DA:2192,0
DA:2194,0
DA:2195,0
DA:2197,0
DA:2198,0
DA:2200,0
DA:2201,0
DA:2206,0
DA:2208,0
DA:2209,0
DA:2210,0
DA:2211,0
DA:2212,0
DA:2213,0
DA:2214,0
DA:2215,0
DA:2216,0
DA:2217,0
DA:2226,1
DA:2229,2
DA:2231,1
DA:2236,1
DA:2244,2
DA:2246,1
DA:2256,2
DA:2258,1
DA:2267,2
DA:2269,1
DA:2278,2
DA:2280,1
DA:2284,1
DA:2292,2
DA:2294,1
DA:2298,1
DA:2302,1
DA:2303,1
DA:2304,1
DA:2305,1
DA:2306,1
DA:2307,1
DA:2308,1
DA:2309,1
DA:2311,1
DA:2312,2
DA:2313,1
DA:2316,0
DA:2321,0
DA:2322,0
DA:2323,0
DA:2324,0
DA:2326,0
DA:2327,0
DA:2329,0
DA:2332,0
DA:2333,0
DA:2335,0
DA:2338,0
DA:2339,0
DA:2341,0
DA:2344,0
DA:2345,0
DA:2347,0
DA:2350,0
DA:2352,0
DA:2353,0
DA:2355,0
DA:2358,0
DA:2363,1
DA:2364,1
DA:2365,1
DA:2366,1
DA:2367,2
DA:2369,0
DA:2374,0
DA:2375,0
DA:2376,0
DA:2378,0
DA:2380,0
DA:2382,0
DA:2384,0
DA:2386,0
DA:2388,0
DA:2390,0
DA:2392,0
DA:2394,0
DA:2396,0
DA:2398,0
DA:2403,0
DA:2405,0
DA:2417,0
DA:2425,0
DA:2427,0
DA:2428,0
DA:2429,0
DA:2430,0
DA:2431,0
DA:2433,0
DA:2434,0
DA:2436,0
DA:2437,0
DA:2441,0
DA:2442,0
DA:2443,0
DA:2444,0
DA:2445,0
DA:2447,0
DA:2448,0
DA:2450,0
DA:2451,0
DA:2452,0
DA:2456,0
DA:2460,0
DA:2461,0
DA:2462,0
DA:2463,0
DA:2464,0
DA:2465,0
DA:2466,0
DA:2467,0
DA:2470,0
DA:2472,0
DA:2473,0
DA:2474,0
DA:2475,0
DA:2476,0
DA:2477,0
DA:2478,0
DA:2479,0
DA:2483,0
DA:2490,0
DA:2491,0
DA:2492,0
DA:2493,0
DA:2494,0
DA:2495,0
DA:2496,0
DA:2498,0
DA:2501,0
DA:2502,0
DA:2503,0
DA:2504,0
DA:2505,0
DA:2506,0
DA:2507,0
DA:2508,0
DA:2509,0
DA:2513,0
DA:2515,0
DA:2516,0
DA:2517,0
DA:2518,0
DA:2519,0
DA:2520,0
DA:2521,0
DA:2522,0
DA:2523,0
DA:2526,0
DA:2528,0
DA:2529,0
DA:2532,0
DA:2533,0
DA:2534,0
DA:2535,0
DA:2536,0
DA:2537,0
DA:2538,0
DA:2549,0
DA:2557,0
DA:2564,0
DA:2565,0
DA:2566,0
DA:2574,0
DA:2575,0
DA:2576,0
DA:2577,0
DA:2578,0
DA:2579,0
DA:2580,0
DA:2584,0
DA:2592,0
DA:2593,0
DA:2594,0
DA:2595,0
DA:2596,0
DA:2597,0
DA:2598,0
DA:2602,0
DA:2604,0
DA:2605,0
DA:2606,0
DA:2608,0
DA:2609,0
DA:2611,0
DA:2612,0
DA:2614,0
DA:2615,0
DA:2617,0
DA:2618,0
DA:2620,0
DA:2621,0
DA:2626,0
DA:2628,0
DA:2629,0
DA:2630,0
DA:2631,0
DA:2632,0
DA:2633,0
DA:2634,0
DA:2635,0
DA:2636,0
DA:2645,1
DA:2648,2
DA:2650,1
DA:2655,1
DA:2663,2
DA:2665,1
DA:2675,2
DA:2677,1
DA:2686,2
DA:2688,1
DA:2697,2
DA:2699,1
DA:2703,1
DA:2711,2
DA:2713,1
DA:2719,1
DA:2720,1
DA:2721,1
DA:2722,1
DA:2723,1
DA:2724,1
DA:2725,1
DA:2726,1
DA:2728,1
DA:2729,2
DA:2730,1
DA:2733,0
DA:2738,0
DA:2739,0
DA:2740,0
DA:2741,0
DA:2743,0
DA:2744,0
DA:2746,0
DA:2749,0
DA:2750,0
DA:2752,0
DA:2755,0
DA:2756,0
DA:2758,0
DA:2761,0
DA:2762,0
DA:2764,0
DA:2767,0
DA:2769,0
DA:2770,0
DA:2772,0
DA:2778,1
DA:2779,1
DA:2780,0
DA:2782,0
DA:2783,0
DA:2784,0
DA:2786,0
DA:2788,0
DA:2790,0
DA:2792,0
DA:2794,0
DA:2796,0
DA:2798,0
DA:2800,0
DA:2802,0
DA:2804,0
DA:2806,0
DA:2811,0
DA:2813,0
DA:2824,0
DA:2832,0
DA:2834,0
DA:2835,0
DA:2836,0
DA:2837,0
DA:2838,0
DA:2840,0
DA:2841,0
DA:2843,0
DA:2844,0
DA:2848,0
DA:2849,0
DA:2850,0
DA:2851,0
DA:2852,0
DA:2854,0
DA:2855,0
DA:2857,0
DA:2858,0
DA:2859,0
DA:2863,0
DA:2867,0
DA:2868,0
DA:2869,0
DA:2870,0
DA:2871,0
DA:2872,0
DA:2873,0
DA:2874,0
DA:2877,0
DA:2879,0
DA:2880,0
DA:2881,0
DA:2882,0
DA:2883,0
DA:2884,0
DA:2885,0
DA:2886,0
DA:2890,0
DA:2897,0
DA:2898,0
DA:2899,0
DA:2900,0
DA:2901,0
DA:2902,0
DA:2903,0
DA:2905,0
DA:2906,0
DA:2907,0
DA:2908,0
DA:2909,0
DA:2910,0
DA:2911,0
DA:2912,0
DA:2916,0
DA:2918,0
DA:2919,0
DA:2920,0
DA:2921,0
DA:2922,0
DA:2923,0
DA:2924,0
DA:2925,0
DA:2926,0
DA:2929,0
DA:2931,0
DA:2932,0
DA:2935,0
DA:2936,0
DA:2937,0
DA:2938,0
DA:2939,0
DA:2940,0
DA:2941,0
DA:2951,0
DA:2959,0
DA:2966,0
DA:2967,0
DA:2975,0
DA:2976,0
DA:2977,0
DA:2978,0
DA:2979,0
DA:2980,0
DA:2981,0
DA:2985,0
DA:2993,0
DA:2994,0
DA:2995,0
DA:2996,0
DA:2997,0
DA:2998,0
DA:2999,0
DA:3003,0
DA:3005,0
DA:3006,0
DA:3007,0
DA:3009,0
DA:3010,0
DA:3012,0
DA:3013,0
DA:3015,0
DA:3016,0
DA:3018,0
DA:3019,0
DA:3021,0
DA:3022,0
DA:3027,0
DA:3029,0
DA:3030,0
DA:3031,0
DA:3032,0
DA:3033,0
DA:3034,0
DA:3035,0
DA:3036,0
DA:3037,0
DA:3046,1
DA:3049,2
DA:3051,1
DA:3056,1
DA:3064,2
DA:3066,1
DA:3076,2
DA:3078,1
DA:3087,2
DA:3089,1
DA:3098,2
DA:3100,1
DA:3104,1
DA:3112,2
DA:3114,1
DA:3121,2
DA:3123,1
DA:3132,2
DA:3134,1
DA:3142,2
DA:3144,1
DA:3149,1
DA:3150,1
DA:3151,1
DA:3152,1
DA:3153,1
DA:3154,1
DA:3155,1
DA:3156,1
DA:3157,1
DA:3158,1
DA:3159,1
DA:3161,1
DA:3162,2
DA:3163,1
DA:3166,0
DA:3171,0
DA:3172,0
DA:3173,0
DA:3174,0
DA:3176,0
DA:3177,0
DA:3179,0
DA:3182,0
DA:3183,0
DA:3185,0
DA:3188,0
DA:3189,0
DA:3191,0
DA:3194,0
DA:3195,0
DA:3197,0
DA:3200,0
DA:3202,0
DA:3203,0
DA:3205,0
DA:3206,0
DA:3211,0
DA:3213,0
DA:3214,0
DA:3216,0
DA:3219,0
DA:3221,0
DA:3222,0
DA:3224,0
DA:3227,0
DA:3228,0
DA:3230,0
DA:3236,1
DA:3237,1
DA:3238,1
DA:3240,0
DA:3241,1
DA:3242,3
DA:3244,2
DA:3246,3
DA:3248,2
DA:3250,3
DA:3252,2
DA:3254,3
DA:3256,2
DA:3258,3
DA:3260,2
DA:3262,3
DA:3264,2
DA:3266,3
DA:3268,2
DA:3270,3
DA:3272,2
DA:3274,3
DA:3276,2
DA:3281,0
DA:3283,0
DA:3298,1
DA:3309,0
DA:3311,0
DA:3312,0
DA:3313,0
DA:3314,0
DA:3315,0
DA:3317,0
DA:3318,0
DA:3320,0
DA:3321,0
DA:3322,0
DA:3323,0
DA:3324,0
DA:3325,0
DA:3330,0
DA:3331,0
DA:3332,0
DA:3333,0
DA:3334,0
DA:3336,0
DA:3337,0
DA:3339,0
DA:3340,0
DA:3341,0
DA:3342,0
DA:3343,0
DA:3344,0
DA:3346,0
DA:3350,0
DA:3354,0
DA:3355,0
DA:3356,0
DA:3357,0
DA:3358,0
DA:3359,0
DA:3360,0
DA:3361,0
DA:3362,0
DA:3363,0
DA:3364,0
DA:3367,0
DA:3369,0
DA:3370,0
DA:3371,0
DA:3372,0
DA:3373,0
DA:3374,0
DA:3375,0
DA:3376,0
DA:3377,0
DA:3378,0
DA:3379,0
DA:3383,0
DA:3393,0
DA:3394,0
DA:3395,0
DA:3396,0
DA:3397,0
DA:3398,0
DA:3399,0
DA:3400,0
DA:3401,0
DA:3402,0
DA:3404,0
DA:3405,0
DA:3406,0
DA:3407,0
DA:3408,0
DA:3409,0
DA:3410,0
DA:3411,0
DA:3412,0
DA:3413,0
DA:3414,0
DA:3415,0
DA:3416,0
DA:3420,0
DA:3422,0
DA:3423,0
DA:3424,0
DA:3425,0
DA:3426,0
DA:3427,0
DA:3428,0
DA:3429,0
DA:3430,0
DA:3431,0
DA:3432,0
DA:3433,0
DA:3436,0
DA:3437,0
DA:3438,0
DA:3439,0
DA:3440,0
DA:3441,0
DA:3442,0
DA:3443,0
DA:3444,0
DA:3445,0
DA:3446,0
DA:3448,0
DA:3451,0
DA:3452,0
DA:3453,0
DA:3454,0
DA:3455,0
DA:3456,0
DA:3457,0
DA:3458,0
DA:3459,0
DA:3460,0
DA:3474,0
DA:3485,0
DA:3495,0
DA:3496,0
DA:3497,0
DA:3498,0
DA:3509,0
DA:3510,0
DA:3511,0
DA:3512,0
DA:3513,0
DA:3514,0
DA:3515,0
DA:3516,0
DA:3517,0
DA:3518,0
DA:3522,0
DA:3533,0
DA:3534,0
DA:3535,0
DA:3536,0
DA:3537,0
DA:3538,0
DA:3539,0
DA:3540,0
DA:3541,0
DA:3542,0
DA:3546,0
DA:3548,0
DA:3549,0
DA:3550,0
DA:3552,0
DA:3553,0
DA:3555,0
DA:3556,0
DA:3558,0
DA:3559,0
DA:3561,0
DA:3562,0
DA:3564,0
DA:3565,0
DA:3567,0
DA:3568,0
DA:3570,0
DA:3571,0
DA:3573,0
DA:3574,0
DA:3579,0
DA:3581,0
DA:3582,0
DA:3583,0
DA:3584,0
DA:3585,0
DA:3586,0
DA:3587,0
DA:3588,0
DA:3589,0
DA:3590,0
DA:3591,0
DA:3592,0
DA:3601,1
DA:3604,2
DA:3606,1
DA:3611,1
DA:3619,2
DA:3621,1
DA:3631,2
DA:3633,1
DA:3642,2
DA:3644,1
DA:3651,2
DA:3653,1
DA:3662,2
DA:3664,1
DA:3671,2
DA:3673,1
DA:3683,2
DA:3685,1
DA:3689,1
DA:3698,2
DA:3700,1
DA:3710,2
DA:3712,1
DA:3717,1
DA:3718,1
DA:3719,1
DA:3720,1
DA:3721,1
DA:3722,1
DA:3723,1
DA:3724,1
DA:3725,1
DA:3726,1
DA:3727,1
DA:3728,1
DA:3730,1
DA:3731,2
DA:3732,1
DA:3735,0
DA:3740,0
DA:3741,0
DA:3742,0
DA:3743,0
DA:3745,0
DA:3746,0
DA:3748,0
DA:3751,0
DA:3752,0
DA:3754,0
DA:3757,0
DA:3758,0
DA:3760,0
DA:3763,0
DA:3764,0
DA:3766,0
DA:3769,0
DA:3771,0
DA:3772,0
DA:3774,0
DA:3777,0
DA:3779,0
DA:3780,0
DA:3782,0
DA:3785,0
DA:3786,0
DA:3788,0
DA:3791,0
DA:3792,0
DA:3794,0
DA:3795,0
DA:3800,0
DA:3801,0
DA:3803,0
DA:3809,1
DA:3810,1
DA:3811,0
DA:3813,0
DA:3814,0
DA:3815,0
DA:3817,0
DA:3819,0
DA:3821,0
DA:3823,0
DA:3825,0
DA:3827,0
DA:3829,0
DA:3831,0
DA:3833,0
DA:3835,0
DA:3837,0
DA:3839,0
DA:3841,0
DA:3843,0
DA:3845,0
DA:3847,0
DA:3849,0
DA:3851,0
DA:3853,0
DA:3858,0
DA:3860,0
DA:3875,0
DA:3887,0
DA:3889,0
DA:3890,0
DA:3891,0
DA:3892,0
DA:3893,0
DA:3895,0
DA:3896,0
DA:3898,0
DA:3899,0
DA:3900,0
DA:3901,0
DA:3902,0
DA:3903,0
DA:3904,0
DA:3909,0
DA:3910,0
DA:3911,0
DA:3912,0
DA:3913,0
DA:3915,0
DA:3916,0
DA:3918,0
DA:3919,0
DA:3920,0
DA:3921,0
DA:3922,0
DA:3923,0
DA:3924,0
DA:3926,0
DA:3930,0
DA:3934,0
DA:3935,0
DA:3936,0
DA:3937,0
DA:3938,0
DA:3939,0
DA:3940,0
DA:3941,0
DA:3942,0
DA:3943,0
DA:3944,0
DA:3945,0
DA:3948,0
DA:3950,0
DA:3951,0
DA:3952,0
DA:3953,0
DA:3954,0
DA:3955,0
DA:3956,0
DA:3957,0
DA:3958,0
DA:3959,0
DA:3960,0
DA:3961,0
DA:3965,0
DA:3976,0
DA:3977,0
DA:3978,0
DA:3979,0
DA:3980,0
DA:3981,0
DA:3982,0
DA:3983,0
DA:3984,0
DA:3985,0
DA:3986,0
DA:3988,0
DA:3989,0
DA:3990,0
DA:3991,0
DA:3992,0
DA:3993,0
DA:3994,0
DA:3995,0
DA:3996,0
DA:3997,0
DA:3998,0
DA:3999,0
DA:4000,0
DA:4001,0
DA:4005,0
DA:4007,0
DA:4008,0
DA:4009,0
DA:4010,0
DA:4011,0
DA:4012,0
DA:4013,0
DA:4014,0
DA:4015,0
DA:4016,0
DA:4017,0
DA:4018,0
DA:4019,0
DA:4022,0
DA:4023,0
DA:4024,0
DA:4025,0
DA:4026,0
DA:4027,0
DA:4028,0
DA:4029,0
DA:4030,0
DA:4031,0
DA:4032,0
DA:4033,0
DA:4035,0
DA:4038,0
DA:4039,0
DA:4040,0
DA:4041,0
DA:4042,0
DA:4043,0
DA:4044,0
DA:4045,0
DA:4046,0
DA:4047,0
DA:4048,0
DA:4062,0
DA:4074,0
DA:4085,0
DA:4086,0
DA:4087,0
DA:4099,0
DA:4100,0
DA:4101,0
DA:4102,0
DA:4103,0
DA:4104,0
DA:4105,0
DA:4106,0
DA:4107,0
DA:4108,0
DA:4109,0
DA:4113,0
DA:4125,0
DA:4126,0
DA:4127,0
DA:4128,0
DA:4129,0
DA:4130,0
DA:4131,0
DA:4132,0
DA:4133,0
DA:4134,0
DA:4135,0
DA:4139,0
DA:4141,0
DA:4142,0
DA:4143,0
DA:4145,0
DA:4146,0
DA:4148,0
DA:4149,0
DA:4151,0
DA:4152,0
DA:4154,0
DA:4155,0
DA:4157,0
DA:4158,0
DA:4160,0
DA:4161,0
DA:4163,0
DA:4164,0
DA:4166,0
DA:4167,0
DA:4169,0
DA:4170,0
DA:4175,0
DA:4177,0
DA:4178,0
DA:4179,0
DA:4180,0
DA:4181,0
DA:4182,0
DA:4183,0
DA:4184,0
DA:4185,0
DA:4186,0
DA:4187,0
DA:4188,0
DA:4189,0
DA:4198,1
DA:4201,2
DA:4203,1
DA:4208,1
DA:4216,2
DA:4218,1
DA:4228,2
DA:4230,1
DA:4239,2
DA:4241,1
DA:4248,2
DA:4250,1
DA:4260,2
DA:4262,1
DA:4272,2
DA:4274,1
DA:4283,2
DA:4285,1
DA:4295,2
DA:4297,1
DA:4307,2
DA:4309,1
DA:4318,2
DA:4320,1
DA:4327,2
DA:4329,1
DA:4336,2
DA:4338,1
DA:4347,2
DA:4349,1
DA:4353,1
DA:4357,1
DA:4358,1
DA:4359,1
DA:4360,1
DA:4361,1
DA:4362,1
DA:4363,1
DA:4364,1
DA:4365,1
DA:4366,1
DA:4367,1
DA:4368,1
DA:4369,1
DA:4370,1
DA:4371,1
DA:4372,1
DA:4374,1
DA:4375,2
DA:4376,1
DA:4379,1
DA:4384,1
DA:4385,1
DA:4386,1
DA:4387,0
DA:4389,1
DA:4390,1
DA:4392,3
DA:4395,1
DA:4396,0
DA:4398,0
DA:4401,1
DA:4402,0
DA:4404,0
DA:4407,1
DA:4408,0
DA:4410,0
DA:4413,1
DA:4414,0
DA:4416,0
DA:4419,1
DA:4420,1
DA:4422,3
DA:4425,0
DA:4427,1
DA:4428,0
DA:4430,0
DA:4431,0
DA:4436,1
DA:4437,0
DA:4439,0
DA:4442,1
DA:4443,1
DA:4445,3
DA:4448,0
DA:4450,1
DA:4451,0
DA:4453,0
DA:4454,0
DA:4459,1
DA:4460,0
DA:4462,0
DA:4465,1
DA:4466,1
DA:4468,3
DA:4471,1
DA:4472,0
DA:4474,0
DA:4480,1
DA:4481,1
DA:4482,1
DA:4484,0
DA:4485,1
DA:4486,3
DA:4488,2
DA:4490,3
DA:4492,2
DA:4494,3
DA:4496,2
DA:4498,3
DA:4500,2
DA:4502,3
DA:4504,2
DA:4506,3
DA:4508,2
DA:4510,3
DA:4512,2
DA:4514,3
DA:4516,2
DA:4518,3
DA:4520,2
DA:4522,3
DA:4524,2
DA:4526,3
DA:4528,2
DA:4530,3
DA:4532,2
DA:4534,3
DA:4536,2
DA:4538,3
DA:4540,2
DA:4545,0
DA:4547,0
DA:4566,1
DA:4582,0
DA:4584,0
DA:4585,0
DA:4586,0
DA:4587,0
DA:4588,0
DA:4590,0
DA:4591,0
DA:4593,0
DA:4594,0
DA:4595,0
DA:4596,0
DA:4597,0
DA:4598,0
DA:4599,0
DA:4600,0
DA:4602,0
DA:4603,0
DA:4605,0
DA:4606,0
DA:4608,0
DA:4609,0
DA:4614,0
DA:4615,0
DA:4616,0
DA:4617,0
DA:4618,0
DA:4620,0
DA:4621,0
DA:4623,0
DA:4624,0
DA:4625,0
DA:4626,0
DA:4627,0
DA:4628,0
DA:4629,0
DA:4630,0
DA:4632,0
DA:4633,0
DA:4634,0
DA:4636,0
DA:4637,0
DA:4639,0
DA:4643,0
DA:4647,0
DA:4648,0
DA:4649,0
DA:4650,0
DA:4651,0
DA:4652,0
DA:4653,0
DA:4654,0
DA:4655,0
DA:4656,0
DA:4657,0
DA:4658,0
DA:4659,0
DA:4660,0
DA:4661,0
DA:4662,0
DA:4665,0
DA:4667,0
DA:4668,0
DA:4669,0
DA:4670,0
DA:4671,0
DA:4672,0
DA:4673,0
DA:4674,0
DA:4675,0
DA:4676,0
DA:4677,0
DA:4678,0
DA:4679,0
DA:4680,0
DA:4681,0
DA:4682,0
DA:4686,0
DA:4701,0
DA:4702,0
DA:4703,0
DA:4704,0
DA:4705,0
DA:4706,0
DA:4707,0
DA:4708,0
DA:4709,0
DA:4710,0
DA:4711,0
DA:4712,0
DA:4713,0
DA:4714,0
DA:4715,0
DA:4716,0
DA:4717,0
DA:4719,0
DA:4720,0
DA:4721,0
DA:4722,0
DA:4723,0
DA:4724,0
DA:4725,0
DA:4726,0
DA:4727,0
DA:4728,0
DA:4729,0
DA:4730,0
DA:4731,0
DA:4732,0
DA:4733,0
DA:4734,0
DA:4735,0
DA:4736,0
DA:4737,0
DA:4738,0
DA:4739,0
DA:4740,0
DA:4741,0
DA:4742,0
DA:4746,0
DA:4748,0
DA:4749,0
DA:4750,0
DA:4751,0
DA:4752,0
DA:4753,0
DA:4754,0
DA:4755,0
DA:4756,0
DA:4757,0
DA:4758,0
DA:4759,0
DA:4760,0
DA:4761,0
DA:4762,0
DA:4763,0
DA:4764,0
DA:4767,0
DA:4768,0
DA:4769,0
DA:4770,0
DA:4771,0
DA:4772,0
DA:4773,0
DA:4774,0
DA:4775,0
DA:4776,0
DA:4777,0
DA:4778,0
DA:4779,0
DA:4780,0
DA:4781,0
DA:4782,0
DA:4784,0
DA:4787,0
DA:4788,0
DA:4789,0
DA:4790,0
DA:4791,0
DA:4792,0
DA:4793,0
DA:4794,0
DA:4795,0
DA:4796,0
DA:4797,0
DA:4798,0
DA:4799,0
DA:4800,0
DA:4801,0
DA:4819,0
DA:4835,1
DA:4850,1
DA:4851,1
DA:4852,0
DA:4868,0
DA:4869,0
DA:4870,0
DA:4871,0
DA:4872,0
DA:4873,0
DA:4874,0
DA:4875,0
DA:4876,0
DA:4877,0
DA:4878,0
DA:4879,0
DA:4880,0
DA:4881,0
DA:4882,0
DA:4886,0
DA:4902,0
DA:4903,0
DA:4904,0
DA:4905,0
DA:4906,0
DA:4907,0
DA:4908,0
DA:4909,0
DA:4910,0
DA:4911,0
DA:4912,0
DA:4913,0
DA:4914,0
DA:4915,0
DA:4916,0
DA:4920,1
DA:4922,1
DA:4923,2
DA:4924,0
DA:4926,2
DA:4927,4
DA:4929,2
DA:4930,0
DA:4932,2
DA:4933,0
DA:4935,2
DA:4936,0
DA:4938,2
DA:4939,0
DA:4941,2
DA:4942,4
DA:4944,2
DA:4945,0
DA:4947,2
DA:4948,0
DA:4950,2
DA:4951,4
DA:4953,2
DA:4954,0
DA:4956,2
DA:4957,0
DA:4959,2
DA:4960,4
DA:4962,2
DA:4963,0
DA:4968,0
DA:4970,0
DA:4971,0
DA:4972,0
DA:4973,0
DA:4974,0
DA:4975,0
DA:4976,0
DA:4977,0
DA:4978,0
DA:4979,0
DA:4980,0
DA:4981,0
DA:4982,0
DA:4983,0
DA:4984,0
DA:4985,0
DA:4986,0
DA:4995,1
DA:4998,2
DA:5000,1
DA:5005,1
DA:5013,2
DA:5015,1
DA:5025,2
DA:5027,1
DA:5036,2
DA:5038,1
DA:5045,2
DA:5047,1
DA:5054,2
DA:5056,1
DA:5065,2
DA:5067,1
DA:5071,1
DA:5076,1
DA:5077,1
DA:5078,1
DA:5079,1
DA:5080,1
DA:5081,1
DA:5082,1
DA:5083,1
DA:5084,1
DA:5086,1
DA:5087,2
DA:5088,1
DA:5091,1
DA:5096,1
DA:5097,1
DA:5098,1
DA:5099,0
DA:5101,1
DA:5102,1
DA:5104,3
DA:5107,1
DA:5108,0
DA:5110,0
DA:5113,1
DA:5114,0
DA:5116,0
DA:5119,1
DA:5120,1
DA:5122,3
DA:5125,0
DA:5127,1
DA:5128,1
DA:5130,3
DA:5133,0
DA:5135,1
DA:5136,0
DA:5138,0
DA:5144,1
DA:5145,1
DA:5146,1
DA:5148,0
DA:5149,1
DA:5150,3
DA:5152,2
DA:5154,3
DA:5156,2
DA:5158,3
DA:5160,2
DA:5162,3
DA:5164,2
DA:5166,3
DA:5168,2
DA:5170,3
DA:5172,2
DA:5174,3
DA:5176,2
DA:5181,0
DA:5183,0
DA:5195,1
DA:5204,0
DA:5206,0
DA:5207,0
DA:5208,0
DA:5209,0
DA:5210,0
DA:5212,0
DA:5213,0
DA:5215,0
DA:5216,0
DA:5217,0
DA:5221,0
DA:5222,0
DA:5223,0
DA:5224,0
DA:5225,0
DA:5227,0
DA:5228,0
DA:5230,0
DA:5231,0
DA:5232,0
DA:5233,0
DA:5237,0
DA:5241,0
DA:5242,0
DA:5243,0
DA:5244,0
DA:5245,0
DA:5246,0
DA:5247,0
DA:5248,0
DA:5249,0
DA:5252,0
DA:5254,0
DA:5255,0
DA:5256,0
DA:5257,0
DA:5258,0
DA:5259,0
DA:5260,0
DA:5261,0
DA:5262,0
DA:5266,0
DA:5274,0
DA:5275,0
DA:5276,0
DA:5277,0
DA:5278,0
DA:5279,0
DA:5280,0
DA:5281,0
DA:5283,0
DA:5284,0
DA:5285,0
DA:5286,0
DA:5287,0
DA:5288,0
DA:5289,0
DA:5290,0
DA:5291,0
DA:5295,0
DA:5297,0
DA:5298,0
DA:5299,0
DA:5300,0
DA:5301,0
DA:5302,0
DA:5303,0
DA:5304,0
DA:5305,0
DA:5306,0
DA:5309,0
DA:5311,0
DA:5312,0
DA:5315,0
DA:5316,0
DA:5317,0
DA:5318,0
DA:5319,0
DA:5320,0
DA:5321,0
DA:5322,0
DA:5333,0
DA:5342,1
DA:5350,1
DA:5351,1
DA:5352,0
DA:5361,0
DA:5362,0
DA:5363,0
DA:5364,0
DA:5365,0
DA:5366,0
DA:5367,0
DA:5368,0
DA:5372,0
DA:5381,0
DA:5382,0
DA:5383,0
DA:5384,0
DA:5385,0
DA:5386,0
DA:5387,0
DA:5388,0
DA:5392,1
DA:5394,1
DA:5395,2
DA:5396,0
DA:5398,2
DA:5399,4
DA:5401,2
DA:5402,0
DA:5404,2
DA:5405,0
DA:5407,2
DA:5408,4
DA:5410,2
DA:5411,4
DA:5413,2
DA:5414,0
DA:5419,0
DA:5421,0
DA:5422,0
DA:5423,0
DA:5424,0
DA:5425,0
DA:5426,0
DA:5427,0
DA:5428,0
DA:5429,0
DA:5430,0
DA:5439,1
DA:5442,2
DA:5444,1
DA:5449,1
DA:5457,2
DA:5459,1
DA:5469,2
DA:5471,1
DA:5480,2
DA:5482,1
DA:5491,2
DA:5493,1
DA:5497,1
DA:5505,2
DA:5507,1
DA:5511,1
DA:5519,2
DA:5521,1
DA:5530,2
DA:5532,1
DA:5541,2
DA:5543,1
DA:5552,2
DA:5554,1
DA:5564,2
DA:5566,1
DA:5576,2
DA:5578,1
DA:5587,2
DA:5589,1
DA:5599,2
DA:5601,1
DA:5605,1
DA:5613,2
DA:5615,1
DA:5624,2
DA:5626,1
DA:5635,2
DA:5637,1
DA:5642,1
DA:5643,1
DA:5644,1
DA:5645,1
DA:5646,1
DA:5647,1
DA:5648,1
DA:5649,1
DA:5650,1
DA:5651,1
DA:5652,1
DA:5653,1
DA:5654,1
DA:5655,1
DA:5656,1
DA:5657,1
DA:5658,1
DA:5659,1
DA:5660,1
DA:5662,1
DA:5663,2
DA:5664,1
DA:5667,1
DA:5672,1
DA:5673,1
DA:5674,1
DA:5675,0
DA:5677,1
DA:5678,1
DA:5680,3
DA:5683,1
DA:5684,0
DA:5686,0
DA:5689,1
DA:5690,0
DA:5692,0
DA:5695,1
DA:5696,1
DA:5698,3
DA:5701,0
DA:5703,1
DA:5704,1
DA:5706,3
DA:5709,1
DA:5710,1
DA:5712,2
DA:5713,1
DA:5718,0
DA:5720,1
DA:5721,1
DA:5723,3
DA:5726,0
DA:5728,1
DA:5729,1
DA:5731,3
DA:5734,0
DA:5736,1
DA:5737,0
DA:5739,0
DA:5742,1
DA:5743,0
DA:5745,0
DA:5746,0
DA:5751,1
DA:5752,1
DA:5754,2
DA:5755,1
DA:5760,1
DA:5761,1
DA:5763,2
DA:5764,1
DA:5769,1
DA:5770,1
DA:5772,3
DA:5775,1
DA:5776,1
DA:5778,3
DA:5781,1
DA:5782,1
DA:5784,2
DA:5785,1
DA:5790,1
DA:5791,1
DA:5793,2
DA:5794,1
DA:5802,1
DA:5803,1
DA:5804,1
DA:5806,0
DA:5807,1
DA:5808,3
DA:5810,2
DA:5812,3
DA:5814,2
DA:5816,3
DA:5818,2
DA:5820,3
DA:5822,2
DA:5824,3
DA:5826,2
DA:5828,3
DA:5830,2
DA:5832,3
DA:5834,2
DA:5836,3
DA:5838,2
DA:5840,3
DA:5842,2
DA:5844,3
DA:5846,2
DA:5848,3
DA:5850,2
DA:5852,3
DA:5854,2
DA:5856,3
DA:5858,2
DA:5860,3
DA:5862,2
DA:5864,3
DA:5866,2
DA:5868,3
DA:5870,2
DA:5872,3
DA:5874,2
DA:5879,0
DA:5881,0
DA:5903,1
DA:5922,0
DA:5924,0
DA:5925,0
DA:5926,0
DA:5927,0
DA:5928,0
DA:5930,0
DA:5931,0
DA:5933,0
DA:5934,0
DA:5935,0
DA:5937,0
DA:5938,0
DA:5939,0
DA:5940,0
DA:5941,0
DA:5942,0
DA:5943,0
DA:5945,0
DA:5946,0
DA:5947,0
DA:5949,0
DA:5950,0
DA:5952,0
DA:5953,0
DA:5955,0
DA:5956,0
DA:5961,0
DA:5962,0
DA:5963,0
DA:5964,0
DA:5965,0
DA:5967,0
DA:5968,0
DA:5970,0
DA:5971,0
DA:5972,0
DA:5974,0
DA:5975,0
DA:5976,0
DA:5977,0
DA:5978,0
DA:5979,0
DA:5980,0
DA:5982,0
DA:5983,0
DA:5984,0
DA:5986,0
DA:5987,0
DA:5989,0
DA:5990,0
DA:5992,0
DA:5993,0
DA:5995,0
DA:5999,0
DA:6003,0
DA:6004,0
DA:6005,0
DA:6006,0
DA:6007,0
DA:6008,0
DA:6009,0
DA:6010,0
DA:6011,0
DA:6012,0
DA:6013,0
DA:6014,0
DA:6015,0
DA:6016,0
DA:6017,0
DA:6018,0
DA:6019,0
DA:6020,0
DA:6021,0
DA:6024,0
DA:6026,0
DA:6027,0
DA:6028,0
DA:6029,0
DA:6030,0
DA:6031,0
DA:6032,0
DA:6033,0
DA:6034,0
DA:6035,0
DA:6036,0
DA:6037,0
DA:6038,0
DA:6039,0
DA:6040,0
DA:6041,0
DA:6042,0
DA:6043,0
DA:6044,0
DA:6048,0
DA:6066,0
DA:6067,0
DA:6068,0
DA:6069,0
DA:6070,0
DA:6071,0
DA:6072,0
DA:6073,0
DA:6074,0
DA:6075,0
DA:6076,0
DA:6077,0
DA:6078,0
DA:6079,0
DA:6080,0
DA:6081,0
DA:6082,0
DA:6083,0
DA:6084,0
DA:6085,0
DA:6087,0
DA:6088,0
DA:6089,0
DA:6090,0
DA:6091,0
DA:6092,0
DA:6093,0
DA:6094,0
DA:6095,0
DA:6096,0
DA:6097,0
DA:6098,0
DA:6099,0
DA:6100,0
DA:6101,0
DA:6102,0
DA:6103,0
DA:6104,0
DA:6105,0
DA:6106,0
DA:6107,0
DA:6108,0
DA:6109,0
DA:6110,0
DA:6111,0
DA:6112,0
DA:6113,0
DA:6114,0
DA:6115,0
DA:6116,0
DA:6117,0
DA:6121,0
DA:6123,0
DA:6124,0
DA:6125,0
DA:6126,0
DA:6127,0
DA:6128,0
DA:6129,0
DA:6130,0
DA:6131,0
DA:6132,0
DA:6133,0
DA:6134,0
DA:6135,0
DA:6136,0
DA:6137,0
DA:6138,0
DA:6139,0
DA:6140,0
DA:6141,0
DA:6142,0
DA:6145,0
DA:6146,0
DA:6147,0
DA:6148,0
DA:6149,0
DA:6150,0
DA:6151,0
DA:6152,0
DA:6153,0
DA:6154,0
DA:6155,0
DA:6156,0
DA:6157,0
DA:6158,0
DA:6159,0
DA:6160,0
DA:6161,0
DA:6162,0
DA:6163,0
DA:6165,0
DA:6168,0
DA:6169,0
DA:6170,0
DA:6171,0
DA:6172,0
DA:6173,0
DA:6174,0
DA:6175,0
DA:6176,0
DA:6177,0
DA:6178,0
DA:6179,0
DA:6180,0
DA:6181,0
DA:6182,0
DA:6183,0
DA:6184,0
DA:6185,0
DA:6206,1
DA:6225,1
DA:6243,1
DA:6244,1
DA:6245,1
DA:6246,1
DA:6247,0
DA:6266,0
DA:6267,0
DA:6268,0
DA:6269,0
DA:6270,0
DA:6271,0
DA:6272,0
DA:6273,0
DA:6274,0
DA:6275,0
DA:6276,0
DA:6277,0
DA:6278,0
DA:6279,0
DA:6280,0
DA:6281,0
DA:6282,0
DA:6283,0
DA:6287,0
DA:6306,0
DA:6307,0
DA:6308,0
DA:6309,0
DA:6310,0
DA:6311,0
DA:6312,0
DA:6313,0
DA:6314,0
DA:6315,0
DA:6316,0
DA:6317,0
DA:6318,0
DA:6319,0
DA:6320,0
DA:6321,0
DA:6322,0
DA:6323,0
DA:6327,1
DA:6329,1
DA:6330,2
DA:6331,0
DA:6333,2
DA:6334,4
DA:6336,2
DA:6337,0
DA:6339,2
DA:6340,0
DA:6342,2
DA:6343,4
DA:6345,2
DA:6346,4
DA:6348,2
DA:6349,4
DA:6351,2
DA:6352,4
DA:6354,2
DA:6355,4
DA:6357,2
DA:6358,0
DA:6360,2
DA:6361,0
DA:6363,2
DA:6364,4
DA:6366,2
DA:6367,4
DA:6369,2
DA:6370,4
DA:6372,2
DA:6373,4
DA:6375,2
DA:6376,4
DA:6378,2
DA:6379,4
DA:6384,0
DA:6386,0
DA:6387,0
DA:6388,0
DA:6389,0
DA:6390,0
DA:6391,0
DA:6392,0
DA:6393,0
DA:6394,0
DA:6395,0
DA:6396,0
DA:6397,0
DA:6398,0
DA:6399,0
DA:6400,0
DA:6401,0
DA:6402,0
DA:6403,0
DA:6404,0
DA:6405,0
DA:6414,1
DA:6417,2
DA:6419,1
DA:6424,1
DA:6432,2
DA:6434,1
DA:6444,2
DA:6446,1
DA:6455,2
DA:6457,1
DA:6466,2
DA:6468,1
DA:6472,1
DA:6480,2
DA:6482,1
DA:6491,2
DA:6493,1
DA:6502,2
DA:6504,1
DA:6509,1
DA:6510,1
DA:6511,1
DA:6512,1
DA:6513,1
DA:6514,1
DA:6515,1
DA:6516,1
DA:6517,1
DA:6518,1
DA:6520,1
DA:6521,2
DA:6522,1
DA:6525,0
DA:6530,0
DA:6531,0
DA:6532,0
DA:6533,0
DA:6535,0
DA:6536,0
DA:6538,0
DA:6541,0
DA:6542,0
DA:6544,0
DA:6547,0
DA:6548,0
DA:6550,0
DA:6553,0
DA:6554,0
DA:6556,0
DA:6557,0
DA:6562,0
DA:6564,0
DA:6565,0
DA:6567,0
DA:6568,0
DA:6573,0
DA:6575,0
DA:6576,0
DA:6578,0
DA:6581,0
DA:6583,0
DA:6584,0
DA:6586,0
DA:6587,0
DA:6592,0
DA:6597,1
DA:6598,1
DA:6599,0
DA:6604,0
DA:6605,0
DA:6606,0
DA:6608,0
DA:6610,0
DA:6612,0
DA:6614,0
DA:6616,0
DA:6618,0
DA:6620,0
DA:6622,0
DA:6624,0
DA:6626,0
DA:6628,0
DA:6630,0
DA:6632,0
DA:6634,0
DA:6636,0
DA:6641,0
DA:6643,0
DA:6657,0
DA:6667,0
DA:6669,0
DA:6670,0
DA:6671,0
DA:6672,0
DA:6673,0
DA:6675,0
DA:6676,0
DA:6678,0
DA:6679,0
DA:6680,0
DA:6681,0
DA:6685,0
DA:6686,0
DA:6687,0
DA:6688,0
DA:6689,0
DA:6691,0
DA:6692,0
DA:6694,0
DA:6695,0
DA:6696,0
DA:6697,0
DA:6698,0
DA:6702,0
DA:6706,0
DA:6707,0
DA:6708,0
DA:6709,0
DA:6710,0
DA:6711,0
DA:6712,0
DA:6713,0
DA:6714,0
DA:6715,0
DA:6718,0
DA:6720,0
DA:6721,0
DA:6722,0
DA:6723,0
DA:6724,0
DA:6725,0
DA:6726,0
DA:6727,0
DA:6728,0
DA:6729,0
DA:6733,0
DA:6742,0
DA:6743,0
DA:6744,0
DA:6745,0
DA:6746,0
DA:6747,0
DA:6748,0
DA:6749,0
DA:6750,0
DA:6752,0
DA:6753,0
DA:6754,0
DA:6755,0
DA:6756,0
DA:6757,0
DA:6758,0
DA:6759,0
DA:6760,0
DA:6761,0
DA:6762,0
DA:6763,0
DA:6764,0
DA:6765,0
DA:6766,0
DA:6767,0
DA:6768,0
DA:6769,0
DA:6773,0
DA:6775,0
DA:6776,0
DA:6777,0
DA:6778,0
DA:6779,0
DA:6780,0
DA:6781,0
DA:6782,0
DA:6783,0
DA:6784,0
DA:6785,0
DA:6788,0
DA:6789,0
DA:6790,0
DA:6791,0
DA:6792,0
DA:6793,0
DA:6794,0
DA:6795,0
DA:6796,0
DA:6797,0
DA:6799,0
DA:6802,0
DA:6803,0
DA:6804,0
DA:6805,0
DA:6806,0
DA:6807,0
DA:6808,0
DA:6809,0
DA:6810,0
DA:6823,0
DA:6833,0
DA:6842,0
DA:6843,0
DA:6844,0
DA:6845,0
DA:6846,0
DA:6856,0
DA:6857,0
DA:6858,0
DA:6859,0
DA:6860,0
DA:6861,0
DA:6862,0
DA:6863,0
DA:6864,0
DA:6868,0
DA:6878,0
DA:6879,0
DA:6880,0
DA:6881,0
DA:6882,0
DA:6883,0
DA:6884,0
DA:6885,0
DA:6886,0
DA:6890,0
DA:6892,0
DA:6893,0
DA:6894,0
DA:6896,0
DA:6897,0
DA:6899,0
DA:6900,0
DA:6902,0
DA:6903,0
DA:6905,0
DA:6906,0
DA:6908,0
DA:6909,0
DA:6911,0
DA:6912,0
DA:6914,0
DA:6915,0
DA:6920,0
DA:6922,0
DA:6923,0
DA:6924,0
DA:6925,0
DA:6926,0
DA:6927,0
DA:6928,0
DA:6929,0
DA:6930,0
DA:6931,0
DA:6932,0
DA:6941,1
DA:6944,2
DA:6946,1
DA:6951,1
DA:6959,2
DA:6961,1
DA:6971,2
DA:6973,1
DA:6982,2
DA:6984,1
DA:6991,2
DA:6993,1
DA:7000,2
DA:7002,1
DA:7009,2
DA:7011,1
DA:7018,2
DA:7020,1
DA:7029,2
DA:7031,1
DA:7040,2
DA:7042,1
DA:7046,1
DA:7055,2
DA:7057,1
DA:7066,2
DA:7068,1
DA:7074,1
DA:7075,1
DA:7076,1
DA:7077,1
DA:7078,1
DA:7079,1
DA:7080,1
DA:7081,1
DA:7082,1
DA:7083,1
DA:7084,1
DA:7085,1
DA:7086,1
DA:7087,1
DA:7089,1
DA:7090,2
DA:7091,1
DA:7094,0
DA:7099,0
DA:7100,0
DA:7101,0
DA:7102,0
DA:7104,0
DA:7105,0
DA:7107,0
DA:7110,0
DA:7111,0
DA:7113,0
DA:7116,0
DA:7117,0
DA:7119,0
DA:7122,0
DA:7123,0
DA:7125,0
DA:7128,0
DA:7130,0
DA:7131,0
DA:7133,0
DA:7136,0
DA:7138,0
DA:7139,0
DA:7141,0
DA:7144,0
DA:7146,0
DA:7147,0
DA:7149,0
DA:7152,0
DA:7153,0
DA:7155,0
DA:7158,0
DA:7159,0
DA:7161,0
DA:7164,0
DA:7165,0
DA:7167,0
DA:7170,0
DA:7171,0
DA:7173,0
DA:7179,1
DA:7180,1
DA:7181,0
DA:7183,0
DA:7184,0
DA:7185,0
DA:7187,0
DA:7189,0
DA:7191,0
DA:7193,0
DA:7195,0
DA:7197,0
DA:7199,0
DA:7201,0
DA:7203,0
DA:7205,0
DA:7207,0
DA:7209,0
DA:7211,0
DA:7213,0
DA:7215,0
DA:7217,0
DA:7219,0
DA:7221,0
DA:7223,0
DA:7225,0
DA:7227,0
DA:7229,0
DA:7231,0
DA:7236,0
DA:7238,0
DA:7256,0
DA:7270,0
DA:7272,0
DA:7273,0
DA:7274,0
DA:7275,0
DA:7276,0
DA:7278,0
DA:7279,0
DA:7281,0
DA:7282,0
DA:7283,0
DA:7284,0
DA:7285,0
DA:7287,0
DA:7288,0
DA:7290,0
DA:7291,0
DA:7292,0
DA:7294,0
DA:7298,0
DA:7299,0
DA:7300,0
DA:7301,0
DA:7302,0
DA:7304,0
DA:7305,0
DA:7307,0
DA:7308,0
DA:7309,0
DA:7310,0
DA:7311,0
DA:7312,0
DA:7314,0
DA:7315,0
DA:7316,0
DA:7318,0
DA:7319,0
DA:7323,0
DA:7327,0
DA:7328,0
DA:7329,0
DA:7330,0
DA:7331,0
DA:7332,0
DA:7333,0
DA:7334,0
DA:7335,0
DA:7336,0
DA:7337,0
DA:7338,0
DA:7339,0
DA:7340,0
DA:7343,0
DA:7345,0
DA:7346,0
DA:7347,0
DA:7348,0
DA:7349,0
DA:7350,0
DA:7351,0
DA:7352,0
DA:7353,0
DA:7354,0
DA:7355,0
DA:7356,0
DA:7357,0
DA:7358,0
DA:7362,0
DA:7375,0
DA:7376,0
DA:7377,0
DA:7378,0
DA:7379,0
DA:7380,0
DA:7381,0
DA:7382,0
DA:7383,0
DA:7384,0
DA:7385,0
DA:7386,0
DA:7387,0
DA:7389,0
DA:7390,0
DA:7391,0
DA:7392,0
DA:7393,0
DA:7394,0
DA:7395,0
DA:7396,0
DA:7397,0
DA:7398,0
DA:7399,0
DA:7400,0
DA:7401,0
DA:7402,0
DA:7403,0
DA:7404,0
DA:7405,0
DA:7406,0
DA:7407,0
DA:7408,0
DA:7412,0
DA:7414,0
DA:7415,0
DA:7416,0
DA:7417,0
DA:7418,0
DA:7419,0
DA:7420,0
DA:7421,0
DA:7422,0
DA:7423,0
DA:7424,0
DA:7425,0
DA:7426,0
DA:7427,0
DA:7428,0
DA:7431,0
DA:7432,0
DA:7433,0
DA:7434,0
DA:7435,0
DA:7436,0
DA:7437,0
DA:7438,0
DA:7439,0
DA:7440,0
DA:7441,0
DA:7442,0
DA:7443,0
DA:7444,0
DA:7446,0
DA:7449,0
DA:7450,0
DA:7451,0
DA:7452,0
DA:7453,0
DA:7454,0
DA:7455,0
DA:7456,0
DA:7457,0
DA:7458,0
DA:7459,0
DA:7460,0
DA:7461,0
DA:7477,0
DA:7491,0
DA:7504,0
DA:7505,0
DA:7506,0
DA:7507,0
DA:7521,0
DA:7522,0
DA:7523,0
DA:7524,0
DA:7525,0
DA:7526,0
DA:7527,0
DA:7528,0
DA:7529,0
DA:7530,0
DA:7531,0
DA:7532,0
DA:7533,0
DA:7537,0
DA:7551,0
DA:7552,0
DA:7553,0
DA:7554,0
DA:7555,0
DA:7556,0
DA:7557,0
DA:7558,0
DA:7559,0
DA:7560,0
DA:7561,0
DA:7562,0
DA:7563,0
DA:7567,0
DA:7569,0
DA:7570,0
DA:7571,0
DA:7573,0
DA:7574,0
DA:7576,0
DA:7577,0
DA:7579,0
DA:7580,0
DA:7582,0
DA:7583,0
DA:7585,0
DA:7586,0
DA:7588,0
DA:7589,0
DA:7591,0
DA:7592,0
DA:7594,0
DA:7595,0
DA:7597,0
DA:7598,0
DA:7600,0
DA:7601,0
DA:7603,0
DA:7604,0
DA:7609,0
DA:7611,0
DA:7612,0
DA:7613,0
DA:7614,0
DA:7615,0
DA:7616,0
DA:7617,0
DA:7618,0
DA:7619,0
DA:7620,0
DA:7621,0
DA:7622,0
DA:7623,0
DA:7624,0
DA:7625,0
DA:7634,1
DA:7637,2
DA:7639,1
DA:7646,2
DA:7648,1
DA:7655,2
DA:7657,1
DA:7663,1
DA:7664,4
DA:7665,1
DA:7666,2
DA:7667,1
DA:7670,0
DA:7675,0
DA:7676,0
DA:7677,0
DA:7678,0
DA:7680,0
DA:7683,0
DA:7685,0
DA:7686,0
DA:7688,0
DA:7691,0
DA:7693,0
DA:7694,0
DA:7696,0
DA:7702,1
DA:7703,1
DA:7704,0
DA:7706,0
DA:7707,0
DA:7708,0
DA:7710,0
DA:7712,0
DA:7714,0
DA:7716,0
DA:7718,0
DA:7723,0
DA:7725,0
DA:7734,0
DA:7739,0
DA:7741,0
DA:7742,0
DA:7743,0
DA:7744,0
DA:7748,0
DA:7749,0
DA:7750,0
DA:7751,0
DA:7752,0
DA:7756,0
DA:7760,0
DA:7761,0
DA:7762,0
DA:7763,0
DA:7764,0
DA:7767,0
DA:7769,0
DA:7770,0
DA:7771,0
DA:7772,0
DA:7773,0
DA:7777,0
DA:7778,0
DA:7779,0
DA:7780,0
DA:7781,0
DA:7783,0
DA:7784,0
DA:7785,0
DA:7786,0
DA:7787,0
DA:7791,0
DA:7793,0
DA:7794,0
DA:7795,0
DA:7796,0
DA:7797,0
DA:7798,0
DA:7801,0
DA:7802,0
DA:7803,0
DA:7806,0
DA:7807,0
DA:7808,0
DA:7809,0
DA:7817,0
DA:7823,0
DA:7828,0
DA:7829,0
DA:7830,0
DA:7836,0
DA:7837,0
DA:7838,0
DA:7839,0
DA:7840,0
DA:7844,0
DA:7850,0
DA:7851,0
DA:7852,0
DA:7853,0
DA:7854,0
DA:7858,0
DA:7860,0
DA:7861,0
DA:7862,0
DA:7864,0
DA:7865,0
DA:7867,0
DA:7868,0
DA:7870,0
DA:7871,0
DA:7876,0
DA:7878,0
DA:7879,0
DA:7880,0
DA:7881,0
DA:7882,0
DA:7883,0
DA:7884,0
DA:7893,1
DA:7896,2
DA:7898,1
DA:7903,1
DA:7911,2
DA:7913,1
DA:7922,2
DA:7924,1
DA:7933,2
DA:7935,1
DA:7944,2
DA:7946,1
DA:7955,2
DA:7957,1
DA:7964,2
DA:7966,1
DA:7976,2
DA:7978,1
DA:7988,2
DA:7990,1
DA:7999,2
DA:8001,1
DA:8011,2
DA:8013,1
DA:8018,1
DA:8019,1
DA:8020,1
DA:8021,1
DA:8022,1
DA:8023,1
DA:8024,1
DA:8025,1
DA:8026,1
DA:8027,1
DA:8028,1
DA:8029,1
DA:8030,1
DA:8032,1
DA:8033,2
DA:8034,1
DA:8037,0
DA:8042,0
DA:8043,0
DA:8044,0
DA:8045,0
DA:8047,0
DA:8048,0
DA:8050,0
DA:8051,0
DA:8056,0
DA:8058,0
DA:8059,0
DA:8061,0
DA:8064,0
DA:8066,0
DA:8067,0
DA:8069,0
DA:8070,0
DA:8075,0
DA:8077,0
DA:8078,0
DA:8080,0
DA:8083,0
DA:8084,0
DA:8086,0
DA:8089,0
DA:8091,0
DA:8092,0
DA:8094,0
DA:8097,0
DA:8098,0
DA:8100,0
DA:8103,0
DA:8104,0
DA:8106,0
DA:8107,0
DA:8112,0
DA:8113,0
DA:8115,0
DA:8118,0
DA:8119,0
DA:8121,0
DA:8122,0
DA:8130,1
DA:8131,1
DA:8132,0
DA:8134,0
DA:8135,0
DA:8136,0
DA:8138,0
DA:8140,0
DA:8142,0
DA:8144,0
DA:8146,0
DA:8148,0
DA:8150,0
DA:8152,0
DA:8154,0
DA:8156,0
DA:8158,0
DA:8160,0
DA:8162,0
DA:8164,0
DA:8166,0
DA:8168,0
DA:8170,0
DA:8172,0
DA:8174,0
DA:8176,0
DA:8178,0
DA:8183,0
DA:8185,0
DA:8201,0
DA:8214,0
DA:8216,0
DA:8217,0
DA:8218,0
DA:8219,0
DA:8220,0
DA:8221,0
DA:8222,0
DA:8224,0
DA:8225,0
DA:8226,0
DA:8227,0
DA:8228,0
DA:8230,0
DA:8231,0
DA:8232,0
DA:8237,0
DA:8238,0
DA:8239,0
DA:8240,0
DA:8241,0
DA:8242,0
DA:8243,0
DA:8245,0
DA:8246,0
DA:8247,0
DA:8248,0
DA:8249,0
DA:8251,0
DA:8252,0
DA:8253,0
DA:8255,0
DA:8259,0
DA:8263,0
DA:8264,0
DA:8265,0
DA:8266,0
DA:8267,0
DA:8268,0
DA:8269,0
DA:8270,0
DA:8271,0
DA:8272,0
DA:8273,0
DA:8274,0
DA:8275,0
DA:8278,0
DA:8280,0
DA:8281,0
DA:8282,0
DA:8283,0
DA:8284,0
DA:8285,0
DA:8286,0
DA:8287,0
DA:8288,0
DA:8289,0
DA:8290,0
DA:8291,0
DA:8292,0
DA:8296,0
DA:8308,0
DA:8309,0
DA:8310,0
DA:8311,0
DA:8312,0
DA:8313,0
DA:8314,0
DA:8315,0
DA:8316,0
DA:8317,0
DA:8318,0
DA:8319,0
DA:8321,0
DA:8322,0
DA:8323,0
DA:8324,0
DA:8325,0
DA:8326,0
DA:8327,0
DA:8328,0
DA:8329,0
DA:8330,0
DA:8331,0
DA:8332,0
DA:8333,0
DA:8334,0
DA:8335,0
DA:8336,0
DA:8337,0
DA:8338,0
DA:8339,0
DA:8340,0
DA:8341,0
DA:8342,0
DA:8343,0
DA:8344,0
DA:8345,0
DA:8349,0
DA:8351,0
DA:8352,0
DA:8353,0
DA:8354,0
DA:8355,0
DA:8356,0
DA:8357,0
DA:8358,0
DA:8359,0
DA:8360,0
DA:8361,0
DA:8362,0
DA:8363,0
DA:8364,0
DA:8367,0
DA:8368,0
DA:8369,0
DA:8370,0
DA:8371,0
DA:8372,0
DA:8373,0
DA:8374,0
DA:8375,0
DA:8376,0
DA:8377,0
DA:8378,0
DA:8379,0
DA:8381,0
DA:8384,0
DA:8385,0
DA:8386,0
DA:8387,0
DA:8388,0
DA:8389,0
DA:8390,0
DA:8391,0
DA:8392,0
DA:8393,0
DA:8394,0
DA:8395,0
DA:8410,0
DA:8423,0
DA:8435,0
DA:8436,0
DA:8437,0
DA:8438,0
DA:8439,0
DA:8452,0
DA:8453,0
DA:8454,0
DA:8455,0
DA:8456,0
DA:8457,0
DA:8458,0
DA:8459,0
DA:8460,0
DA:8461,0
DA:8462,0
DA:8463,0
DA:8467,0
DA:8480,0
DA:8481,0
DA:8482,0
DA:8483,0
DA:8484,0
DA:8485,0
DA:8486,0
DA:8487,0
DA:8488,0
DA:8489,0
DA:8490,0
DA:8491,0
DA:8495,0
DA:8497,0
DA:8498,0
DA:8499,0
DA:8501,0
DA:8502,0
DA:8504,0
DA:8505,0
DA:8507,0
DA:8508,0
DA:8510,0
DA:8511,0
DA:8513,0
DA:8514,0
DA:8516,0
DA:8517,0
DA:8519,0
DA:8520,0
DA:8522,0
DA:8523,0
DA:8525,0
DA:8526,0
DA:8528,0
DA:8529,0
DA:8534,0
DA:8536,0
DA:8537,0
DA:8538,0
DA:8539,0
DA:8540,0
DA:8541,0
DA:8542,0
DA:8543,0
DA:8544,0
DA:8545,0
DA:8546,0
DA:8547,0
DA:8548,0
DA:8549,0
DA:8558,1
DA:8561,2
DA:8563,1
DA:8568,1
DA:8576,2
DA:8578,1
DA:8588,2
DA:8590,1
DA:8599,2
DA:8601,1
DA:8610,2
DA:8612,1
DA:8616,1
DA:8624,2
DA:8626,1
DA:8635,2
DA:8637,1
DA:8644,2
DA:8646,1
DA:8651,1
DA:8652,1
DA:8653,1
DA:8654,1
DA:8655,1
DA:8656,1
DA:8657,1
DA:8658,1
DA:8659,1
DA:8660,1
DA:8662,1
DA:8663,2
DA:8664,1
DA:8667,0
DA:8672,0
DA:8673,0
DA:8674,0
DA:8675,0
DA:8677,0
DA:8678,0
DA:8680,0
DA:8683,0
DA:8684,0
DA:8686,0
DA:8689,0
DA:8690,0
DA:8692,0
DA:8695,0
DA:8696,0
DA:8698,0
DA:8701,0
DA:8703,0
DA:8704,0
DA:8706,0
DA:8707,0
DA:8712,0
DA:8714,0
DA:8715,0
DA:8717,0
DA:8718,0
DA:8723,0
DA:8724,0
DA:8726,0
DA:8732,1
DA:8733,1
DA:8734,0
DA:8736,0
DA:8737,0
DA:8738,0
DA:8740,0
DA:8742,0
DA:8744,0
DA:8746,0
DA:8748,0
DA:8750,0
DA:8752,0
DA:8754,0
DA:8756,0
DA:8758,0
DA:8760,0
DA:8762,0
DA:8764,0
DA:8766,0
DA:8768,0
DA:8773,0
DA:8775,0
DA:8789,0
DA:8799,0
DA:8801,0
DA:8802,0
DA:8803,0
DA:8804,0
DA:8805,0
DA:8807,0
DA:8808,0
DA:8810,0
DA:8811,0
DA:8812,0
DA:8813,0
DA:8815,0
DA:8816,0
DA:8821,0
DA:8822,0
DA:8823,0
DA:8824,0
DA:8825,0
DA:8827,0
DA:8828,0
DA:8830,0
DA:8831,0
DA:8832,0
DA:8833,0
DA:8835,0
DA:8836,0
DA:8840,0
DA:8844,0
DA:8845,0
DA:8846,0
DA:8847,0
DA:8848,0
DA:8849,0
DA:8850,0
DA:8851,0
DA:8852,0
DA:8853,0
DA:8856,0
DA:8858,0
DA:8859,0
DA:8860,0
DA:8861,0
DA:8862,0
DA:8863,0
DA:8864,0
DA:8865,0
DA:8866,0
DA:8867,0
DA:8871,0
DA:8880,0
DA:8881,0
DA:8882,0
DA:8883,0
DA:8884,0
DA:8885,0
DA:8886,0
DA:8887,0
DA:8888,0
DA:8890,0
DA:8891,0
DA:8892,0
DA:8893,0
DA:8894,0
DA:8895,0
DA:8896,0
DA:8897,0
DA:8898,0
DA:8899,0
DA:8900,0
DA:8901,0
DA:8902,0
DA:8903,0
DA:8904,0
DA:8905,0
DA:8909,0
DA:8911,0
DA:8912,0
DA:8913,0
DA:8914,0
DA:8915,0
DA:8916,0
DA:8917,0
DA:8918,0
DA:8919,0
DA:8920,0
DA:8921,0
DA:8924,0
DA:8925,0
DA:8926,0
DA:8927,0
DA:8928,0
DA:8929,0
DA:8930,0
DA:8931,0
DA:8932,0
DA:8933,0
DA:8935,0
DA:8938,0
DA:8939,0
DA:8940,0
DA:8941,0
DA:8942,0
DA:8943,0
DA:8944,0
DA:8945,0
DA:8946,0
DA:8958,0
DA:8968,0
DA:8977,0
DA:8978,0
DA:8979,0
DA:8989,0
DA:8990,0
DA:8991,0
DA:8992,0
DA:8993,0
DA:8994,0
DA:8995,0
DA:8996,0
DA:8997,0
DA:9001,0
DA:9011,0
DA:9012,0
DA:9013,0
DA:9014,0
DA:9015,0
DA:9016,0
DA:9017,0
DA:9018,0
DA:9019,0
DA:9023,0
DA:9025,0
DA:9026,0
DA:9027,0
DA:9029,0
DA:9030,0
DA:9032,0
DA:9033,0
DA:9035,0
DA:9036,0
DA:9038,0
DA:9039,0
DA:9041,0
DA:9042,0
DA:9044,0
DA:9045,0
DA:9047,0
DA:9048,0
DA:9053,0
DA:9055,0
DA:9056,0
DA:9057,0
DA:9058,0
DA:9059,0
DA:9060,0
DA:9061,0
DA:9062,0
DA:9063,0
DA:9064,0
DA:9065,0
DA:9074,1
DA:9077,2
DA:9079,1
DA:9084,1
DA:9092,2
DA:9094,1
DA:9104,2
DA:9106,1
DA:9115,2
DA:9117,1
DA:9126,2
DA:9128,1
DA:9132,1
DA:9140,2
DA:9142,1
DA:9146,1
DA:9154,2
DA:9156,1
DA:9165,2
DA:9167,1
DA:9173,1
DA:9174,1
DA:9175,1
DA:9176,1
DA:9177,1
DA:9178,1
DA:9179,1
DA:9180,1
DA:9181,1
DA:9182,1
DA:9184,1
DA:9185,2
DA:9186,1
DA:9189,1
DA:9194,1
DA:9195,1
DA:9196,1
DA:9197,0
DA:9199,1
DA:9200,1
DA:9202,3
DA:9205,1
DA:9206,0
DA:9208,0
DA:9211,1
DA:9212,0
DA:9214,0
DA:9217,1
DA:9218,1
DA:9220,3
DA:9223,0
DA:9225,1
DA:9226,1
DA:9228,3
DA:9231,0
DA:9233,1
DA:9234,1
DA:9236,2
DA:9237,1
DA:9242,0
DA:9244,1
DA:9245,0
DA:9247,0
DA:9253,1
DA:9254,1
DA:9255,1
DA:9257,0
DA:9258,1
DA:9259,3
DA:9261,2
DA:9263,3
DA:9265,2
DA:9267,3
DA:9269,2
DA:9271,3
DA:9273,2
DA:9275,3
DA:9277,2
DA:9279,3
DA:9281,2
DA:9283,3
DA:9285,2
DA:9287,3
DA:9289,2
DA:9294,0
DA:9296,0
DA:9309,1
DA:9319,0
DA:9321,0
DA:9322,0
DA:9323,0
DA:9324,0
DA:9325,0
DA:9327,0
DA:9328,0
DA:9330,0
DA:9331,0
DA:9332,0
DA:9333,0
DA:9337,0
DA:9338,0
DA:9339,0
DA:9340,0
DA:9341,0
DA:9343,0
DA:9344,0
DA:9346,0
DA:9347,0
DA:9348,0
DA:9349,0
DA:9350,0
DA:9354,0
DA:9358,0
DA:9359,0
DA:9360,0
DA:9361,0
DA:9362,0
DA:9363,0
DA:9364,0
DA:9365,0
DA:9366,0
DA:9367,0
DA:9370,0
DA:9372,0
DA:9373,0
DA:9374,0
DA:9375,0
DA:9376,0
DA:9377,0
DA:9378,0
DA:9379,0
DA:9380,0
DA:9381,0
DA:9385,0
DA:9394,0
DA:9395,0
DA:9396,0
DA:9397,0
DA:9398,0
DA:9399,0
DA:9400,0
DA:9401,0
DA:9402,0
DA:9404,0
DA:9405,0
DA:9406,0
DA:9407,0
DA:9408,0
DA:9409,0
DA:9410,0
DA:9411,0
DA:9412,0
DA:9413,0
DA:9414,0
DA:9415,0
DA:9419,0
DA:9421,0
DA:9422,0
DA:9423,0
DA:9424,0
DA:9425,0
DA:9426,0
DA:9427,0
DA:9428,0
DA:9429,0
DA:9430,0
DA:9431,0
DA:9434,0
DA:9435,0
DA:9436,0
DA:9437,0
DA:9438,0
DA:9439,0
DA:9440,0
DA:9441,0
DA:9442,0
DA:9443,0
DA:9445,0
DA:9448,0
DA:9449,0
DA:9450,0
DA:9451,0
DA:9452,0
DA:9453,0
DA:9454,0
DA:9455,0
DA:9456,0
DA:9468,0
DA:9478,1
DA:9487,1
DA:9488,1
DA:9489,1
DA:9490,0
DA:9500,0
DA:9501,0
DA:9502,0
DA:9503,0
DA:9504,0
DA:9505,0
DA:9506,0
DA:9507,0
DA:9508,0
DA:9512,0
DA:9522,0
DA:9523,0
DA:9524,0
DA:9525,0
DA:9526,0
DA:9527,0
DA:9528,0
DA:9529,0
DA:9530,0
DA:9534,1
DA:9536,1
DA:9537,2
DA:9538,0
DA:9540,2
DA:9541,4
DA:9543,2
DA:9544,0
DA:9546,2
DA:9547,0
DA:9549,2
DA:9550,4
DA:9552,2
DA:9553,4
DA:9555,2
DA:9556,4
DA:9558,2
DA:9559,0
DA:9564,0
DA:9566,0
DA:9567,0
DA:9568,0
DA:9569,0
DA:9570,0
DA:9571,0
DA:9572,0
DA:9573,0
DA:9574,0
DA:9575,0
DA:9576,0
DA:9585,1
DA:9588,2
DA:9590,1
DA:9595,1
DA:9603,2
DA:9605,1
DA:9615,2
DA:9617,1
DA:9626,2
DA:9628,1
DA:9637,2
DA:9639,1
DA:9643,1
DA:9651,2
DA:9653,1
DA:9662,2
DA:9664,1
DA:9673,2
DA:9675,1
DA:9682,2
DA:9684,1
DA:9689,1
DA:9690,1
DA:9691,1
DA:9692,1
DA:9693,1
DA:9694,1
DA:9695,1
DA:9696,1
DA:9697,1
DA:9698,1
DA:9699,1
DA:9701,1
DA:9702,2
DA:9703,1
DA:9706,0
DA:9711,0
DA:9712,0
DA:9713,0
DA:9714,0
DA:9716,0
DA:9717,0
DA:9719,0
DA:9722,0
DA:9723,0
DA:9725,0
DA:9728,0
DA:9729,0
DA:9731,0
DA:9734,0
DA:9735,0
DA:9737,0
DA:9738,0
DA:9743,0
DA:9745,0
DA:9746,0
DA:9748,0
DA:9749,0
DA:9754,0
DA:9756,0
DA:9757,0
DA:9759,0
DA:9760,0
DA:9765,0
DA:9767,0
DA:9768,0
DA:9770,0
DA:9771,0
DA:9776,0
DA:9778,0
DA:9779,0
DA:9781,0
DA:9787,1
DA:9788,1
DA:9789,0
DA:9794,0
DA:9795,0
DA:9796,0
DA:9798,0
DA:9800,0
DA:9802,0
DA:9804,0
DA:9806,0
DA:9808,0
DA:9810,0
DA:9812,0
DA:9814,0
DA:9816,0
DA:9818,0
DA:9820,0
DA:9822,0
DA:9824,0
DA:9826,0
DA:9828,0
DA:9830,0
DA:9835,0
DA:9837,0
DA:9852,0
DA:9863,0
DA:9865,0
DA:9866,0
DA:9867,0
DA:9868,0
DA:9869,0
DA:9871,0
DA:9872,0
DA:9874,0
DA:9875,0
DA:9876,0
DA:9877,0
DA:9878,0
DA:9879,0
DA:9884,0
DA:9885,0
DA:9886,0
DA:9887,0
DA:9888,0
DA:9890,0
DA:9891,0
DA:9893,0
DA:9894,0
DA:9895,0
DA:9896,0
DA:9897,0
DA:9898,0
DA:9902,0
DA:9906,0
DA:9907,0
DA:9908,0
DA:9909,0
DA:9910,0
DA:9911,0
DA:9912,0
DA:9913,0
DA:9914,0
DA:9915,0
DA:9916,0
DA:9919,0
DA:9921,0
DA:9922,0
DA:9923,0
DA:9924,0
DA:9925,0
DA:9926,0
DA:9927,0
DA:9928,0
DA:9929,0
DA:9930,0
DA:9931,0
DA:9935,0
DA:9945,0
DA:9946,0
DA:9947,0
DA:9948,0
DA:9949,0
DA:9950,0
DA:9951,0
DA:9952,0
DA:9953,0
DA:9954,0
DA:9956,0
DA:9959,0
DA:9960,0
DA:9961,0
DA:9962,0
DA:9963,0
DA:9964,0
DA:9965,0
DA:9966,0
DA:9967,0
DA:9968,0
DA:9969,0
DA:9970,0
DA:9971,0
DA:9972,0
DA:9973,0
DA:9974,0
DA:9975,0
DA:9976,0
DA:9980,0
DA:9982,0
DA:9983,0
DA:9984,0
DA:9985,0
DA:9986,0
DA:9987,0
DA:9988,0
DA:9989,0
DA:9990,0
DA:9991,0
DA:9992,0
DA:9993,0
DA:9996,0
DA:9997,0
DA:9998,0
DA:9999,0
DA:10000,0
DA:10001,0
DA:10002,0
DA:10003,0
DA:10004,0
DA:10005,0
DA:10006,0
DA:10008,0
DA:10011,0
DA:10012,0
DA:10013,0
DA:10014,0
DA:10015,0
DA:10016,0
DA:10017,0
DA:10018,0
DA:10019,0
DA:10020,0
DA:10034,0
DA:10045,0
DA:10055,0
DA:10056,0
DA:10057,0
DA:10058,0
DA:10059,0
DA:10070,0
DA:10071,0
DA:10072,0
DA:10073,0
DA:10074,0
DA:10075,0
DA:10076,0
DA:10077,0
DA:10078,0
DA:10079,0
DA:10083,0
DA:10094,0
DA:10095,0
DA:10096,0
DA:10097,0
DA:10098,0
DA:10099,0
DA:10100,0
DA:10101,0
DA:10102,0
DA:10103,0
DA:10107,0
DA:10109,0
DA:10110,0
DA:10111,0
DA:10113,0
DA:10114,0
DA:10116,0
DA:10117,0
DA:10119,0
DA:10120,0
DA:10122,0
DA:10123,0
DA:10125,0
DA:10126,0
DA:10128,0
DA:10129,0
DA:10131,0
DA:10132,0
DA:10134,0
DA:10135,0
DA:10140,0
DA:10142,0
DA:10143,0
DA:10144,0
DA:10145,0
DA:10146,0
DA:10147,0
DA:10148,0
DA:10149,0
DA:10150,0
DA:10151,0
DA:10152,0
DA:10153,0
DA:10162,1
DA:10165,2
DA:10167,1
DA:10172,1
DA:10180,2
DA:10182,1
DA:10192,2
DA:10194,1
DA:10203,2
DA:10205,1
DA:10212,2
DA:10214,1
DA:10216,1
DA:10227,2
DA:10229,1
DA:10234,1
DA:10235,1
DA:10236,1
DA:10237,1
DA:10238,1
DA:10239,1
DA:10240,1
DA:10241,1
DA:10243,1
DA:10244,2
DA:10245,1
DA:10248,1
DA:10253,1
DA:10254,1
DA:10255,1
DA:10256,0
DA:10258,1
DA:10259,0
DA:10261,0
DA:10264,1
DA:10265,0
DA:10267,0
DA:10270,1
DA:10271,0
DA:10273,0
DA:10276,1
DA:10277,1
DA:10279,3
DA:10282,0
DA:10284,1
DA:10285,1
DA:10287,2
DA:10288,1
DA:10293,0
DA:10298,1
DA:10299,1
DA:10300,1
DA:10302,0
DA:10303,1
DA:10304,3
DA:10306,2
DA:10308,3
DA:10310,2
DA:10312,3
DA:10314,2
DA:10316,3
DA:10318,2
DA:10320,3
DA:10322,2
DA:10324,3
DA:10326,2
DA:10331,0
DA:10333,0
DA:10345,1
DA:10353,0
DA:10355,0
DA:10356,0
DA:10357,0
DA:10358,0
DA:10359,0
DA:10361,0
DA:10362,0
DA:10364,0
DA:10365,0
DA:10369,0
DA:10370,0
DA:10371,0
DA:10372,0
DA:10373,0
DA:10375,0
DA:10376,0
DA:10378,0
DA:10379,0
DA:10380,0
DA:10384,0
DA:10388,0
DA:10389,0
DA:10390,0
DA:10391,0
DA:10392,0
DA:10393,0
DA:10394,0
DA:10395,0
DA:10398,0
DA:10400,0
DA:10401,0
DA:10402,0
DA:10403,0
DA:10404,0
DA:10405,0
DA:10406,0
DA:10407,0
DA:10411,0
DA:10418,0
DA:10419,0
DA:10420,0
DA:10421,0
DA:10422,0
DA:10423,0
DA:10424,0
DA:10426,0
DA:10427,0
DA:10428,0
DA:10429,0
DA:10430,0
DA:10431,0
DA:10432,0
DA:10433,0
DA:10434,0
DA:10435,0
DA:10439,0
DA:10441,0
DA:10442,0
DA:10443,0
DA:10444,0
DA:10445,0
DA:10446,0
DA:10447,0
DA:10448,0
DA:10449,0
DA:10452,0
DA:10454,0
DA:10455,0
DA:10458,0
DA:10459,0
DA:10460,0
DA:10461,0
DA:10462,0
DA:10463,0
DA:10464,0
DA:10475,0
DA:10483,1
DA:10490,1
DA:10491,1
DA:10492,0
DA:10500,0
DA:10501,0
DA:10502,0
DA:10503,0
DA:10504,0
DA:10505,0
DA:10506,0
DA:10510,0
DA:10518,0
DA:10519,0
DA:10520,0
DA:10521,0
DA:10522,0
DA:10523,0
DA:10524,0
DA:10528,1
DA:10530,1
DA:10531,2
DA:10532,0
DA:10534,2
DA:10535,0
DA:10537,2
DA:10538,0
DA:10540,2
DA:10541,0
DA:10543,2
DA:10544,4
DA:10546,2
DA:10547,4
DA:10552,0
DA:10554,0
DA:10555,0
DA:10556,0
DA:10557,0
DA:10558,0
DA:10559,0
DA:10560,0
DA:10561,0
DA:10562,0
DA:10567,2
DA:10568,0
DA:10569,2
DA:10572,2
DA:10573,2
DA:10574,1
DA:10575,1
DA:10576,1
DA:10577,1
DA:10578,2
DA:10579,1
DA:10580,1
DA:10581,2
DA:10582,2
DA:10583,2
DA:10584,2
DA:10587,1
DA:10588,1
DA:10589,2
DA:10590,2
DA:10593,2
DA:10594,1
DA:10595,1
DA:10596,2
DA:10599,1
DA:10600,1
DA:10601,1
DA:10602,1
DA:10603,2
DA:10607,2
DA:10611,2
DA:10615,0
DA:10617,0
DA:10618,1
DA:10619,1
DA:10620,1
DA:10621,1
DA:10622,1
DA:10623,1
DA:10624,1
DA:10625,1
DA:10626,1
DA:10627,1
DA:10628,1
DA:10629,1
DA:10630,1
DA:10631,1
DA:10632,1
DA:10633,1
DA:10634,1
DA:10635,1
DA:10636,1
DA:10637,1
DA:10638,1
DA:10639,1
DA:10640,1
DA:10641,1
DA:10643,1
DA:10695,0
DA:10701,0
DA:10702,0
DA:10703,0
DA:10704,0
DA:10705,0
DA:10706,0
DA:10710,0
DA:10711,0
DA:10712,0
DA:10713,0
DA:10714,0
DA:10716,0
DA:10717,0
DA:10718,0
DA:10725,0
DA:10732,0
DA:10733,0
DA:10734,0
DA:10737,0
DA:10738,0
DA:10739,0
DA:10742,0
DA:10743,0
DA:10744,0
DA:10747,0
DA:10748,0
DA:10749,0
DA:10752,0
DA:10753,0
DA:10754,0
DA:10757,0
DA:10758,0
DA:10759,0
DA:10760,0
DA:10763,0
DA:10764,0
DA:10765,0
DA:10768,0
DA:10769,0
DA:10770,0
DA:10773,0
DA:10776,0
DA:10778,0
DA:10779,0
DA:10780,0
DA:10782,0
DA:10786,0
DA:10787,0
DA:10788,0
DA:10795,0
DA:10801,0
DA:10808,0
DA:10809,0
DA:10810,0
DA:10813,0
DA:10814,0
DA:10815,0
DA:10818,0
DA:10819,0
DA:10820,0
DA:10823,0
DA:10824,0
DA:10825,0
DA:10828,0
DA:10829,0
DA:10830,0
DA:10833,0
DA:10834,0
DA:10835,0
DA:10838,0
DA:10839,0
DA:10840,0
DA:10843,0
DA:10844,0
DA:10845,0
DA:10851,0
DA:10858,0
DA:10859,0
DA:10861,0
DA:10862,0
DA:10864,0
DA:10865,0
DA:10867,0
DA:10868,0
DA:10870,0
DA:10871,0
DA:10873,0
DA:10874,0
DA:10876,0
DA:10877,0
DA:10879,0
DA:10880,0
DA:10881,0
DA:10884,0
DA:10887,0
DA:10889,0
DA:10890,0
DA:10891,0
DA:10893,0
DA:10897,0
DA:10898,0
DA:10899,0
DA:10906,0
DA:10925,0
DA:10928,0
DA:10929,0
DA:10932,0
DA:10933,0
DA:10934,0
DA:10935,0
DA:10936,0
DA:10937,0
DA:10939,0
DA:10948,0
DA:10959,0
DA:10968,0
DA:10978,0
DA:10979,0
DA:10980,0
DA:10981,0
DA:10982,0
DA:10985,0
DA:10986,0
DA:10987,0
DA:10989,0
DA:10990,0
DA:10993,0
DA:10994,0
DA:10996,0
DA:11003,0
DA:11004,0
DA:11005,0
DA:11009,0
DA:11010,0
DA:11011,0
DA:11076,0
DA:11082,0
DA:11083,0
DA:11084,0
DA:11085,0
DA:11086,0
DA:11090,0
DA:11091,0
DA:11093,0
DA:11094,0
DA:11095,0
DA:11096,0
DA:11097,0
DA:11099,0
DA:11100,0
DA:11104,0
DA:11109,0
DA:11110,0
DA:11111,0
DA:11112,0
DA:11113,0
DA:11117,0
DA:11119,0
DA:11120,0
DA:11121,0
DA:11122,0
DA:11124,0
DA:11125,0
DA:11127,0
DA:11128,0
DA:11132,0
DA:11133,0
DA:11134,0
DA:11135,0
DA:11136,0
DA:11137,0
DA:11141,0
DA:11142,0
DA:11143,0
DA:11144,0
DA:11145,0
DA:11147,0
DA:11148,0
DA:11149,0
DA:11153,0
DA:11158,0
DA:11159,0
DA:11160,0
DA:11161,0
DA:11162,0
DA:11166,0
DA:11167,0
DA:11168,0
DA:11169,0
DA:11170,0
DA:11172,0
DA:11173,0
DA:11175,0
DA:11176,0
DA:11180,0
DA:11182,0
DA:11183,0
DA:11184,0
DA:11185,0
DA:11186,0
DA:11190,0
DA:11191,0
DA:11192,0
DA:11193,0
DA:11194,0
DA:11196,0
DA:11197,0
DA:11199,0
DA:11200,0
DA:11204,0
DA:11206,0
DA:11207,0
DA:11208,0
DA:11209,0
DA:11210,0
DA:11214,0
DA:11215,0
DA:11216,0
DA:11217,0
DA:11218,0
DA:11220,0
DA:11221,0
DA:11223,0
DA:11224,0
DA:11231,0
DA:11238,0
DA:11239,0
DA:11240,0
DA:11243,0
DA:11244,0
DA:11245,0
DA:11248,0
DA:11249,0
DA:11250,0
DA:11253,0
DA:11254,0
DA:11255,0
DA:11258,0
DA:11259,0
DA:11260,0
DA:11263,0
DA:11264,0
DA:11265,0
DA:11268,0
DA:11269,0
DA:11270,0
DA:11273,0
DA:11274,0
DA:11275,0
DA:11278,0
DA:11279,0
DA:11280,0
DA:11283,0
DA:11284,0
DA:11285,0
DA:11288,0
DA:11289,0
DA:11290,0
DA:11293,0
DA:11294,0
DA:11295,0
DA:11298,0
DA:11299,0
DA:11300,0
DA:11303,0
DA:11304,0
DA:11305,0
DA:11308,0
DA:11309,0
DA:11311,0
DA:11312,0
DA:11313,0
DA:11315,0
DA:11319,0
DA:11320,0
DA:11321,0
DA:11331,0
DA:11336,0
DA:11338,0
DA:11339,0
DA:11340,0
DA:11342,0
DA:11346,0
DA:11347,0
DA:11348,0
DA:11355,0
DA:11358,0
DA:11361,0
DA:11363,0
DA:11364,0
DA:11365,0
DA:11367,0
DA:11371,0
DA:11372,0
DA:11373,0
DA:11380,0
DA:11383,0
DA:11386,0
DA:11388,0
DA:11389,0
DA:11390,0
DA:11392,0
DA:11396,0
DA:11397,0
DA:11398,0
DA:11405,0
DA:11408,0
DA:11411,0
DA:11413,0
DA:11414,0
DA:11415,0
DA:11417,0
DA:11421,0
DA:11422,0
DA:11423,0
DA:11430,0
DA:11433,0
DA:11436,0
DA:11438,0
DA:11439,0
DA:11440,0
DA:11442,0
DA:11446,0
DA:11447,0
DA:11448,0
DA:11455,0
DA:11461,0
DA:11468,0
DA:11469,0
DA:11470,0
DA:11473,0
DA:11474,0
DA:11475,0
DA:11478,0
DA:11479,0
DA:11480,0
DA:11483,0
DA:11484,0
DA:11485,0
DA:11488,0
DA:11489,0
DA:11490,0
DA:11493,0
DA:11494,0
DA:11495,0
DA:11498,0
DA:11499,0
DA:11500,0
DA:11503,0
DA:11504,0
DA:11505,0
DA:11508,0
DA:11509,0
DA:11510,0
DA:11513,0
DA:11514,0
DA:11515,0
DA:11518,0
DA:11519,0
DA:11520,0
DA:11523,0
DA:11524,0
DA:11525,0
DA:11528,0
DA:11529,0
DA:11530,0
DA:11533,0
DA:11534,0
DA:11535,0
DA:11538,0
DA:11539,0
DA:11541,0
DA:11542,0
DA:11543,0
DA:11545,0
DA:11549,0
DA:11550,0
DA:11551,0
DA:11564,0
DA:11571,0
DA:11572,0
DA:11574,0
DA:11575,0
DA:11577,0
DA:11578,0
DA:11580,0
DA:11581,0
DA:11583,0
DA:11584,0
DA:11586,0
DA:11587,0
DA:11588,0
DA:11591,0
DA:11592,0
DA:11594,0
DA:11595,0
DA:11596,0
DA:11599,0
DA:11600,0
DA:11602,0
DA:11603,0
DA:11605,0
DA:11606,0
DA:11608,0
DA:11609,0
DA:11610,0
DA:11613,0
DA:11614,0
DA:11616,0
DA:11617,0
DA:11618,0
DA:11621,0
DA:11622,0
DA:11624,0
DA:11625,0
DA:11626,0
DA:11628,0
DA:11632,0
DA:11633,0
DA:11634,0
DA:11644,0
DA:11649,0
DA:11651,0
DA:11652,0
DA:11653,0
DA:11655,0
DA:11659,0
DA:11660,0
DA:11661,0
DA:11668,0
DA:11671,0
DA:11674,0
DA:11676,0
DA:11677,0
DA:11678,0
DA:11680,0
DA:11684,0
DA:11685,0
DA:11686,0
DA:11693,0
DA:11696,0
DA:11700,0
DA:11702,0
DA:11703,0
DA:11704,0
DA:11706,0
DA:11710,0
DA:11711,0
DA:11712,0
DA:11719,0
DA:11722,0
DA:11725,0
DA:11727,0
DA:11728,0
DA:11729,0
DA:11731,0
DA:11735,0
DA:11736,0
DA:11737,0
DA:11744,0
DA:11747,0
DA:11750,0
DA:11752,0
DA:11753,0
DA:11754,0
DA:11756,0
DA:11760,0
DA:11761,0
DA:11762,0
DA:11769,0
DA:11795,0
DA:11798,0
DA:11799,0
DA:11802,0
DA:11803,0
DA:11804,0
DA:11805,0
DA:11806,0
DA:11807,0
DA:11809,0
DA:11825,0
DA:11843,0
DA:11859,0
DA:11876,0
DA:11877,0
DA:11878,0
DA:11879,0
DA:11880,0
DA:11883,0
DA:11885,0
DA:11893,0
DA:11895,0
DA:11897,0
DA:11898,0
DA:11899,0
DA:11900,0
DA:11901,0
DA:11918,0
DA:11921,0
DA:11923,0
DA:11926,0
DA:11929,0
DA:11930,0
DA:11937,0
DA:11938,0
DA:11940,0
DA:11947,0
DA:11948,0
DA:11949,0
DA:11953,0
DA:11955,0
DA:11956,0
DA:11961,0
DA:11968,0
DA:11969,0
DA:11970,0
DA:11974,0
DA:11976,0
DA:11977,0
DA:11982,0
DA:11989,0
DA:11990,0
DA:11991,0
DA:11995,0
DA:11997,0
DA:11998,0
DA:12003,0
DA:12010,0
DA:12011,0
DA:12012,0
DA:12016,0
DA:12018,0
DA:12019,0
DA:12024,0
DA:12031,0
DA:12032,0
DA:12033,0
DA:12037,0
DA:12039,0
DA:12040,0
DA:12095,0
DA:12101,0
DA:12106,0
DA:12107,0
DA:12108,0
DA:12109,0
DA:12110,0
DA:12114,0
DA:12116,0
DA:12117,0
DA:12118,0
DA:12119,0
DA:12121,0
DA:12122,0
DA:12124,0
DA:12125,0
DA:12129,0
DA:12134,0
DA:12135,0
DA:12136,0
DA:12137,0
DA:12138,0
DA:12142,0
DA:12144,0
DA:12145,0
DA:12146,0
DA:12147,0
DA:12149,0
DA:12150,0
DA:12152,0
DA:12153,0
DA:12160,0
DA:12167,0
DA:12168,0
DA:12169,0
DA:12172,0
DA:12173,0
DA:12174,0
DA:12177,0
DA:12178,0
DA:12179,0
DA:12182,0
DA:12183,0
DA:12184,0
DA:12187,0
DA:12188,0
DA:12189,0
DA:12192,0
DA:12193,0
DA:12194,0
DA:12197,0
DA:12200,0
DA:12202,0
DA:12203,0
DA:12204,0
DA:12206,0
DA:12210,0
DA:12211,0
DA:12212,0
DA:12219,0
DA:12222,0
DA:12227,0
DA:12229,0
DA:12230,0
DA:12231,0
DA:12233,0
DA:12237,0
DA:12238,0
DA:12239,0
DA:12246,0
DA:12252,0
DA:12259,0
DA:12260,0
DA:12261,0
DA:12264,0
DA:12265,0
DA:12266,0
DA:12269,0
DA:12270,0
DA:12271,0
DA:12274,0
DA:12275,0
DA:12276,0
DA:12279,0
DA:12280,0
DA:12281,0
DA:12284,0
DA:12285,0
DA:12286,0
DA:12292,0
DA:12299,0
DA:12300,0
DA:12302,0
DA:12303,0
DA:12305,0
DA:12306,0
DA:12308,0
DA:12309,0
DA:12311,0
DA:12312,0
DA:12314,0
DA:12315,0
DA:12316,0
DA:12319,0
DA:12323,0
DA:12325,0
DA:12326,0
DA:12327,0
DA:12329,0
DA:12333,0
DA:12334,0
DA:12335,0
DA:12342,0
DA:12345,0
DA:12350,0
DA:12352,0
DA:12353,0
DA:12354,0
DA:12356,0
DA:12360,0
DA:12361,0
DA:12362,0
DA:12369,0
DA:12391,0
DA:12394,0
DA:12395,0
DA:12398,0
DA:12399,0
DA:12400,0
DA:12401,0
DA:12402,0
DA:12403,0
DA:12405,0
DA:12412,0
DA:12421,0
DA:12428,0
DA:12436,0
DA:12437,0
DA:12438,0
DA:12439,0
DA:12440,0
DA:12443,0
DA:12445,0
DA:12449,0
DA:12451,0
DA:12452,0
DA:12454,0
DA:12457,0
DA:12458,0
DA:12460,0
DA:12467,0
DA:12468,0
DA:12469,0
DA:12473,0
DA:12475,0
DA:12476,0
DA:12481,0
DA:12488,0
DA:12489,0
DA:12490,0
DA:12494,0
DA:12496,0
DA:12497,0
DA:12554,0
DA:12560,0
DA:12561,0
DA:12562,0
DA:12563,0
DA:12564,0
DA:12568,0
DA:12569,0
DA:12571,0
DA:12572,0
DA:12573,0
DA:12574,0
DA:12575,0
DA:12577,0
DA:12578,0
DA:12585,0
DA:12592,0
DA:12593,0
DA:12594,0
DA:12597,0
DA:12598,0
DA:12599,0
DA:12602,0
DA:12603,0
DA:12604,0
DA:12607,0
DA:12608,0
DA:12609,0
DA:12612,0
DA:12613,0
DA:12614,0
DA:12617,0
DA:12618,0
DA:12619,0
DA:12622,0
DA:12623,0
DA:12625,0
DA:12626,0
DA:12627,0
DA:12629,0
DA:12633,0
DA:12634,0
DA:12635,0
DA:12648,0
DA:12655,0
DA:12656,0
DA:12657,0
DA:12660,0
DA:12661,0
DA:12662,0
DA:12665,0
DA:12666,0
DA:12667,0
DA:12670,0
DA:12671,0
DA:12672,0
DA:12675,0
DA:12676,0
DA:12677,0
DA:12680,0
DA:12681,0
DA:12682,0
DA:12685,0
DA:12686,0
DA:12688,0
DA:12689,0
DA:12690,0
DA:12692,0
DA:12696,0
DA:12697,0
DA:12698,0
DA:12711,0
DA:12718,0
DA:12719,0
DA:12721,0
DA:12722,0
DA:12724,0
DA:12725,0
DA:12727,0
DA:12728,0
DA:12730,0
DA:12731,0
DA:12733,0
DA:12734,0
DA:12735,0
DA:12738,0
DA:12739,0
DA:12741,0
DA:12742,0
DA:12743,0
DA:12745,0
DA:12749,0
DA:12750,0
DA:12751,0
DA:12777,0
DA:12780,0
DA:12781,0
DA:12784,0
DA:12785,0
DA:12786,0
DA:12787,0
DA:12791,0
DA:12792,0
DA:12797,0
DA:12805,0
DA:12815,0
DA:12823,0
DA:12832,0
DA:12833,0
DA:12834,0
DA:12835,0
DA:12836,0
DA:12839,0
DA:12840,0
DA:12841,0
DA:12843,0
DA:12859,0
DA:12862,0
DA:12864,0
DA:12867,0
DA:12870,0
DA:12871,0
DA:12878,0
DA:12879,0
DA:12927,0
DA:12933,0
DA:12934,0
DA:12935,0
DA:12936,0
DA:12937,0
DA:12941,0
DA:12942,0
DA:12944,0
DA:12945,0
DA:12946,0
DA:12947,0
DA:12948,0
DA:12950,0
DA:12951,0
DA:12955,0
DA:12956,0
DA:12957,0
DA:12958,0
DA:12959,0
DA:12963,0
DA:12964,0
DA:12966,0
DA:12967,0
DA:12968,0
DA:12969,0
DA:12970,0
DA:12972,0
DA:12973,0
DA:12980,0
DA:12987,0
DA:12988,0
DA:12989,0
DA:12992,0
DA:12993,0
DA:12994,0
DA:12997,0
DA:12998,0
DA:12999,0
DA:13002,0
DA:13003,0
DA:13004,0
DA:13007,0
DA:13008,0
DA:13010,0
DA:13011,0
DA:13012,0
DA:13014,0
DA:13018,0
DA:13019,0
DA:13020,0
DA:13030,0
DA:13031,0
DA:13033,0
DA:13034,0
DA:13035,0
DA:13037,0
DA:13041,0
DA:13042,0
DA:13043,0
DA:13056,0
DA:13063,0
DA:13064,0
DA:13065,0
DA:13068,0
DA:13069,0
DA:13070,0
DA:13073,0
DA:13074,0
DA:13075,0
DA:13078,0
DA:13079,0
DA:13080,0
DA:13083,0
DA:13084,0
DA:13086,0
DA:13087,0
DA:13088,0
DA:13090,0
DA:13094,0
DA:13095,0
DA:13096,0
DA:13106,0
DA:13107,0
DA:13109,0
DA:13110,0
DA:13111,0
DA:13113,0
DA:13117,0
DA:13118,0
DA:13119,0
DA:13132,0
DA:13139,0
DA:13140,0
DA:13142,0
DA:13143,0
DA:13145,0
DA:13146,0
DA:13148,0
DA:13149,0
DA:13151,0
DA:13152,0
DA:13154,0
DA:13155,0
DA:13156,0
DA:13158,0
DA:13162,0
DA:13163,0
DA:13164,0
DA:13174,0
DA:13175,0
DA:13177,0
DA:13178,0
DA:13179,0
DA:13181,0
DA:13185,0
DA:13186,0
DA:13187,0
DA:13216,0
DA:13219,0
DA:13220,0
DA:13223,0
DA:13224,0
DA:13228,0
DA:13229,0
DA:13233,0
DA:13234,0
DA:13239,0
DA:13246,0
DA:13255,0
DA:13262,0
DA:13270,0
DA:13271,0
DA:13272,0
DA:13273,0
DA:13274,0
DA:13277,0
DA:13278,0
DA:13279,0
DA:13281,0
DA:13297,0
DA:13300,0
DA:13302,0
DA:13305,0
DA:13308,0
DA:13309,0
DA:13315,0
DA:13317,0
DA:13320,0
DA:13323,0
DA:13324,0
DA:13331,0
DA:13332,0
DA:13375,0
DA:13377,0
DA:13378,0
DA:13379,0
DA:13382,0
DA:13383,0
DA:13385,0
DA:13386,0
DA:13387,0
DA:13388,0
DA:13389,0
DA:13391,0
DA:13392,0
DA:13399,0
DA:13406,0
DA:13407,0
DA:13408,0
DA:13411,0
DA:13412,0
DA:13413,0
DA:13416,0
DA:13417,0
DA:13418,0
DA:13421,0
DA:13422,0
DA:13423,0
DA:13426,0
DA:13427,0
DA:13428,0
DA:13431,0
DA:13432,0
DA:13434,0
DA:13435,0
DA:13436,0
DA:13438,0
DA:13442,0
DA:13443,0
DA:13444,0
DA:13457,0
DA:13464,0
DA:13465,0
DA:13466,0
DA:13469,0
DA:13470,0
DA:13471,0
DA:13474,0
DA:13475,0
DA:13476,0
DA:13479,0
DA:13480,0
DA:13481,0
DA:13484,0
DA:13485,0
DA:13486,0
DA:13489,0
DA:13490,0
DA:13492,0
DA:13493,0
DA:13494,0
DA:13496,0
DA:13500,0
DA:13501,0
DA:13502,0
DA:13515,0
DA:13522,0
DA:13523,0
DA:13525,0
DA:13526,0
DA:13528,0
DA:13529,0
DA:13531,0
DA:13532,0
DA:13534,0
DA:13535,0
DA:13537,0
DA:13538,0
DA:13540,0
DA:13541,0
DA:13542,0
DA:13544,0
DA:13548,0
DA:13549,0
DA:13550,0
DA:13576,0
DA:13577,0
DA:13578,0
DA:13581,0
DA:13582,0
DA:13583,0
DA:13584,0
DA:13585,0
DA:13586,0
DA:13588,0
DA:13595,0
DA:13604,0
DA:13611,0
DA:13619,0
DA:13620,0
DA:13621,0
DA:13622,0
DA:13623,0
DA:13626,0
DA:13627,0
DA:13628,0
DA:13630,0
DA:13646,0
DA:13649,0
DA:13651,0
DA:13653,0
DA:13655,0
DA:13656,0
DA:13663,0
DA:13664,0
DA:13718,0
DA:13724,0
DA:13725,0
DA:13726,0
DA:13727,0
DA:13728,0
DA:13732,0
DA:13733,0
DA:13735,0
DA:13736,0
DA:13737,0
DA:13738,0
DA:13739,0
DA:13741,0
DA:13742,0
DA:13749,0
DA:13756,0
DA:13757,0
DA:13758,0
DA:13761,0
DA:13762,0
DA:13763,0
DA:13766,0
DA:13767,0
DA:13768,0
DA:13771,0
DA:13772,0
DA:13773,0
DA:13776,0
DA:13777,0
DA:13778,0
DA:13781,0
DA:13782,0
DA:13783,0
DA:13786,0
DA:13787,0
DA:13788,0
DA:13791,0
DA:13792,0
DA:13793,0
DA:13796,0
DA:13797,0
DA:13799,0
DA:13800,0
DA:13801,0
DA:13803,0
DA:13807,0
DA:13808,0
DA:13809,0
DA:13822,0
DA:13829,0
DA:13830,0
DA:13831,0
DA:13834,0
DA:13835,0
DA:13836,0
DA:13839,0
DA:13840,0
DA:13841,0
DA:13844,0
DA:13845,0
DA:13846,0
DA:13849,0
DA:13850,0
DA:13851,0
DA:13854,0
DA:13855,0
DA:13856,0
DA:13859,0
DA:13860,0
DA:13861,0
DA:13864,0
DA:13865,0
DA:13866,0
DA:13869,0
DA:13870,0
DA:13872,0
DA:13873,0
DA:13874,0
DA:13876,0
DA:13880,0
DA:13881,0
DA:13882,0
DA:13895,0
DA:13902,0
DA:13903,0
DA:13905,0
DA:13906,0
DA:13908,0
DA:13909,0
DA:13911,0
DA:13912,0
DA:13914,0
DA:13915,0
DA:13916,0
DA:13919,0
DA:13920,0
DA:13922,0
DA:13923,0
DA:13925,0
DA:13926,0
DA:13928,0
DA:13929,0
DA:13931,0
DA:13932,0
DA:13933,0
DA:13935,0
DA:13939,0
DA:13940,0
DA:13941,0
DA:13967,0
DA:13970,0
DA:13971,0
DA:13974,0
DA:13975,0
DA:13976,0
DA:13977,0
DA:13981,0
DA:13982,0
DA:13987,0
DA:13997,0
DA:14009,0
DA:14019,0
DA:14030,0
DA:14031,0
DA:14032,0
DA:14033,0
DA:14034,0
DA:14037,0
DA:14038,0
DA:14039,0
DA:14041,0
DA:14057,0
DA:14060,0
DA:14062,0
DA:14065,0
DA:14068,0
DA:14069,0
DA:14076,0
DA:14077,0
DA:14129,0
DA:14135,0
DA:14136,0
DA:14137,0
DA:14138,0
DA:14139,0
DA:14140,0
DA:14144,0
DA:14145,0
DA:14146,0
DA:14147,0
DA:14148,0
DA:14150,0
DA:14151,0
DA:14152,0
DA:14156,0
DA:14158,0
DA:14159,0
DA:14160,0
DA:14161,0
DA:14162,0
DA:14166,0
DA:14167,0
DA:14168,0
DA:14169,0
DA:14170,0
DA:14172,0
DA:14173,0
DA:14175,0
DA:14176,0
DA:14183,0
DA:14190,0
DA:14191,0
DA:14192,0
DA:14195,0
DA:14196,0
DA:14197,0
DA:14200,0
DA:14201,0
DA:14202,0
DA:14205,0
DA:14206,0
DA:14207,0
DA:14210,0
DA:14211,0
DA:14212,0
DA:14215,0
DA:14216,0
DA:14217,0
DA:14220,0
DA:14221,0
DA:14222,0
DA:14225,0
DA:14226,0
DA:14227,0
DA:14230,0
DA:14231,0
DA:14232,0
DA:14235,0
DA:14236,0
DA:14237,0
DA:14240,0
DA:14243,0
DA:14245,0
DA:14246,0
DA:14247,0
DA:14249,0
DA:14253,0
DA:14254,0
DA:14255,0
DA:14262,0
DA:14265,0
DA:14268,0
DA:14270,0
DA:14271,0
DA:14272,0
DA:14274,0
DA:14278,0
DA:14279,0
DA:14280,0
DA:14287,0
DA:14293,0
DA:14300,0
DA:14301,0
DA:14302,0
DA:14305,0
DA:14306,0
DA:14307,0
DA:14310,0
DA:14311,0
DA:14312,0
DA:14315,0
DA:14316,0
DA:14317,0
DA:14320,0
DA:14321,0
DA:14322,0
DA:14325,0
DA:14326,0
DA:14327,0
DA:14330,0
DA:14331,0
DA:14332,0
DA:14335,0
DA:14336,0
DA:14337,0
DA:14340,0
DA:14341,0
DA:14342,0
DA:14345,0
DA:14346,0
DA:14347,0
DA:14353,0
DA:14360,0
DA:14361,0
DA:14363,0
DA:14364,0
DA:14366,0
DA:14367,0
DA:14369,0
DA:14370,0
DA:14372,0
DA:14373,0
DA:14375,0
DA:14376,0
DA:14378,0
DA:14379,0
DA:14381,0
DA:14382,0
DA:14384,0
DA:14385,0
DA:14386,0
DA:14389,0
DA:14390,0
DA:14392,0
DA:14395,0
DA:14397,0
DA:14398,0
DA:14399,0
DA:14401,0
DA:14405,0
DA:14406,0
DA:14407,0
DA:14414,0
DA:14417,0
DA:14421,0
DA:14423,0
DA:14424,0
DA:14425,0
DA:14427,0
DA:14431,0
DA:14432,0
DA:14433,0
DA:14440,0
DA:14462,0
DA:14465,0
DA:14466,0
DA:14469,0
DA:14470,0
DA:14471,0
DA:14472,0
DA:14473,0
DA:14474,0
DA:14476,0
DA:14487,0
DA:14500,0
DA:14511,0
DA:14523,0
DA:14524,0
DA:14525,0
DA:14526,0
DA:14527,0
DA:14530,0
DA:14532,0
DA:14533,0
DA:14535,0
DA:14536,0
DA:14537,0
DA:14540,0
DA:14541,0
DA:14543,0
DA:14550,0
DA:14551,0
DA:14552,0
DA:14556,0
DA:14558,0
DA:14559,0
DA:14564,0
DA:14571,0
DA:14572,0
DA:14573,0
DA:14577,0
DA:14579,0
DA:14580,0
DA:14643,0
DA:14645,0
DA:14646,0
DA:14647,0
DA:14650,0
DA:14651,0
DA:14653,0
DA:14654,0
DA:14655,0
DA:14656,0
DA:14657,0
DA:14659,0
DA:14660,0
DA:14664,0
DA:14666,0
DA:14667,0
DA:14668,0
DA:14669,0
DA:14670,0
DA:14674,0
DA:14675,0
DA:14676,0
DA:14677,0
DA:14678,0
DA:14680,0
DA:14681,0
DA:14683,0
DA:14684,0
DA:14691,0
DA:14698,0
DA:14699,0
DA:14700,0
DA:14703,0
DA:14704,0
DA:14705,0
DA:14708,0
DA:14709,0
DA:14710,0
DA:14713,0
DA:14714,0
DA:14715,0
DA:14718,0
DA:14719,0
DA:14720,0
DA:14723,0
DA:14724,0
DA:14725,0
DA:14728,0
DA:14729,0
DA:14730,0
DA:14733,0
DA:14734,0
DA:14735,0
DA:14738,0
DA:14739,0
DA:14740,0
DA:14743,0
DA:14744,0
DA:14745,0
DA:14748,0
DA:14749,0
DA:14750,0
DA:14753,0
DA:14754,0
DA:14755,0
DA:14758,0
DA:14759,0
DA:14760,0
DA:14763,0
DA:14764,0
DA:14766,0
DA:14767,0
DA:14768,0
DA:14770,0
DA:14774,0
DA:14775,0
DA:14776,0
DA:14786,0
DA:14789,0
DA:14791,0
DA:14792,0
DA:14793,0
DA:14795,0
DA:14799,0
DA:14800,0
DA:14801,0
DA:14808,0
DA:14814,0
DA:14821,0
DA:14822,0
DA:14823,0
DA:14826,0
DA:14827,0
DA:14828,0
DA:14831,0
DA:14832,0
DA:14833,0
DA:14836,0
DA:14837,0
DA:14838,0
DA:14841,0
DA:14842,0
DA:14843,0
DA:14846,0
DA:14847,0
DA:14848,0
DA:14851,0
DA:14852,0
DA:14853,0
DA:14856,0
DA:14857,0
DA:14858,0
DA:14861,0
DA:14862,0
DA:14863,0
DA:14866,0
DA:14867,0
DA:14868,0
DA:14871,0
DA:14872,0
DA:14873,0
DA:14876,0
DA:14877,0
DA:14878,0
DA:14881,0
DA:14882,0
DA:14883,0
DA:14886,0
DA:14887,0
DA:14889,0
DA:14890,0
DA:14891,0
DA:14893,0
DA:14897,0
DA:14898,0
DA:14899,0
DA:14912,0
DA:14919,0
DA:14920,0
DA:14922,0
DA:14923,0
DA:14925,0
DA:14926,0
DA:14928,0
DA:14929,0
DA:14931,0
DA:14932,0
DA:14934,0
DA:14935,0
DA:14937,0
DA:14938,0
DA:14940,0
DA:14941,0
DA:14942,0
DA:14945,0
DA:14946,0
DA:14948,0
DA:14949,0
DA:14950,0
DA:14953,0
DA:14954,0
DA:14955,0
DA:14958,0
DA:14959,0
DA:14961,0
DA:14962,0
DA:14964,0
DA:14965,0
DA:14967,0
DA:14968,0
DA:14969,0
DA:14971,0
DA:14975,0
DA:14976,0
DA:14977,0
DA:14987,0
DA:14990,0
DA:14992,0
DA:14993,0
DA:14994,0
DA:14996,0
DA:15000,0
DA:15001,0
DA:15002,0
DA:15009,0
DA:15028,0
DA:15029,0
DA:15030,0
DA:15033,0
DA:15034,0
DA:15035,0
DA:15036,0
DA:15037,0
DA:15038,0
DA:15040,0
DA:15055,0
DA:15072,0
DA:15087,0
DA:15103,0
DA:15104,0
DA:15105,0
DA:15106,0
DA:15107,0
DA:15110,0
DA:15112,0
DA:15113,0
DA:15115,0
DA:15116,0
DA:15133,0
DA:15136,0
DA:15138,0
DA:15141,0
DA:15144,0
DA:15145,0
DA:15152,0
DA:15153,0
DA:15155,0
DA:15162,0
DA:15163,0
DA:15164,0
DA:15168,0
DA:15170,0
DA:15171,0
DA:15220,0
DA:15222,0
DA:15224,0
DA:15225,0
DA:15226,0
DA:15227,0
DA:15228,0
DA:15232,0
DA:15233,0
DA:15234,0
DA:15235,0
DA:15236,0
DA:15238,0
DA:15239,0
DA:15241,0
DA:15242,0
DA:15246,0
DA:15248,0
DA:15249,0
DA:15250,0
DA:15251,0
DA:15252,0
DA:15256,0
DA:15257,0
DA:15258,0
DA:15259,0
DA:15260,0
DA:15262,0
DA:15263,0
DA:15265,0
DA:15266,0
DA:15273,0
DA:15280,0
DA:15281,0
DA:15282,0
DA:15285,0
DA:15286,0
DA:15287,0
DA:15290,0
DA:15291,0
DA:15292,0
DA:15295,0
DA:15296,0
DA:15297,0
DA:15300,0
DA:15301,0
DA:15302,0
DA:15305,0
DA:15306,0
DA:15307,0
DA:15310,0
DA:15311,0
DA:15312,0
DA:15315,0
DA:15318,0
DA:15320,0
DA:15321,0
DA:15322,0
DA:15324,0
DA:15328,0
DA:15329,0
DA:15330,0
DA:15337,0
DA:15340,0
DA:15343,0
DA:15345,0
DA:15346,0
DA:15347,0
DA:15349,0
DA:15353,0
DA:15354,0
DA:15355,0
DA:15362,0
DA:15368,0
DA:15375,0
DA:15376,0
DA:15377,0
DA:15380,0
DA:15381,0
DA:15382,0
DA:15385,0
DA:15386,0
DA:15387,0
DA:15390,0
DA:15391,0
DA:15392,0
DA:15395,0
DA:15396,0
DA:15397,0
DA:15400,0
DA:15401,0
DA:15402,0
DA:15405,0
DA:15406,0
DA:15407,0
DA:15413,0
DA:15420,0
DA:15421,0
DA:15423,0
DA:15424,0
DA:15426,0
DA:15427,0
DA:15429,0
DA:15430,0
DA:15432,0
DA:15433,0
DA:15435,0
DA:15436,0
DA:15438,0
DA:15439,0
DA:15441,0
DA:15444,0
DA:15446,0
DA:15447,0
DA:15448,0
DA:15450,0
DA:15454,0
DA:15455,0
DA:15456,0
DA:15463,0
DA:15466,0
DA:15469,0
DA:15471,0
DA:15472,0
DA:15473,0
DA:15475,0
DA:15479,0
DA:15480,0
DA:15481,0
DA:15488,0
DA:15510,0
DA:15511,0
DA:15512,0
DA:15515,0
DA:15516,0
DA:15517,0
DA:15518,0
DA:15519,0
DA:15520,0
DA:15522,0
DA:15530,0
DA:15540,0
DA:15548,0
DA:15557,0
DA:15558,0
DA:15559,0
DA:15560,0
DA:15561,0
DA:15564,0
DA:15566,0
DA:15567,0
DA:15569,0
DA:15570,0
DA:15571,0
DA:15574,0
DA:15575,0
DA:15577,0
DA:15584,0
DA:15585,0
DA:15586,0
DA:15590,0
DA:15592,0
DA:15593,0
DA:15598,0
DA:15605,0
DA:15606,0
DA:15607,0
DA:15611,0
DA:15613,0
DA:15614,0
DA:15691,0
DA:15697,0
DA:15698,0
DA:15699,0
DA:15702,0
DA:15703,0
DA:15705,0
DA:15706,0
DA:15707,0
DA:15708,0
DA:15709,0
DA:15711,0
DA:15712,0
DA:15716,0
DA:15717,0
DA:15718,0
DA:15721,0
DA:15722,0
DA:15724,0
DA:15725,0
DA:15726,0
DA:15727,0
DA:15728,0
DA:15730,0
DA:15731,0
DA:15735,0
DA:15736,0
DA:15737,0
DA:15740,0
DA:15741,0
DA:15743,0
DA:15744,0
DA:15745,0
DA:15746,0
DA:15747,0
DA:15749,0
DA:15750,0
DA:15754,0
DA:15759,0
DA:15760,0
DA:15761,0
DA:15762,0
DA:15763,0
DA:15767,0
DA:15768,0
DA:15769,0
DA:15770,0
DA:15771,0
DA:15773,0
DA:15774,0
DA:15776,0
DA:15777,0
DA:15784,0
DA:15791,0
DA:15792,0
DA:15793,0
DA:15796,0
DA:15797,0
DA:15798,0
DA:15801,0
DA:15802,0
DA:15803,0
DA:15806,0
DA:15807,0
DA:15808,0
DA:15811,0
DA:15812,0
DA:15813,0
DA:15816,0
DA:15817,0
DA:15818,0
DA:15821,0
DA:15822,0
DA:15823,0
DA:15826,0
DA:15827,0
DA:15828,0
DA:15831,0
DA:15832,0
DA:15833,0
DA:15836,0
DA:15837,0
DA:15838,0
DA:15841,0
DA:15842,0
DA:15843,0
DA:15846,0
DA:15847,0
DA:15848,0
DA:15851,0
DA:15852,0
DA:15853,0
DA:15856,0
DA:15857,0
DA:15858,0
DA:15861,0
DA:15862,0
DA:15864,0
DA:15865,0
DA:15866,0
DA:15868,0
DA:15872,0
DA:15873,0
DA:15874,0
DA:15884,0
DA:15885,0
DA:15887,0
DA:15888,0
DA:15889,0
DA:15891,0
DA:15895,0
DA:15896,0
DA:15897,0
DA:15907,0
DA:15908,0
DA:15910,0
DA:15911,0
DA:15912,0
DA:15914,0
DA:15918,0
DA:15919,0
DA:15920,0
DA:15930,0
DA:15933,0
DA:15935,0
DA:15936,0
DA:15937,0
DA:15939,0
DA:15943,0
DA:15944,0
DA:15945,0
DA:15952,0
DA:15958,0
DA:15965,0
DA:15966,0
DA:15967,0
DA:15970,0
DA:15971,0
DA:15972,0
DA:15975,0
DA:15976,0
DA:15977,0
DA:15980,0
DA:15981,0
DA:15982,0
DA:15985,0
DA:15986,0
DA:15987,0
DA:15990,0
DA:15991,0
DA:15992,0
DA:15995,0
DA:15996,0
DA:15997,0
DA:16000,0
DA:16001,0
DA:16002,0
DA:16005,0
DA:16006,0
DA:16007,0
DA:16010,0
DA:16011,0
DA:16012,0
DA:16015,0
DA:16016,0
DA:16017,0
DA:16020,0
DA:16021,0
DA:16022,0
DA:16025,0
DA:16026,0
DA:16027,0
DA:16030,0
DA:16031,0
DA:16032,0
DA:16035,0
DA:16036,0
DA:16038,0
DA:16039,0
DA:16040,0
DA:16042,0
DA:16046,0
DA:16047,0
DA:16048,0
DA:16058,0
DA:16059,0
DA:16061,0
DA:16062,0
DA:16063,0
DA:16065,0
DA:16069,0
DA:16070,0
DA:16071,0
DA:16081,0
DA:16082,0
DA:16084,0
DA:16085,0
DA:16086,0
DA:16088,0
DA:16092,0
DA:16093,0
DA:16094,0
DA:16107,0
DA:16114,0
DA:16115,0
DA:16117,0
DA:16118,0
DA:16120,0
DA:16121,0
DA:16123,0
DA:16124,0
DA:16126,0
DA:16127,0
DA:16128,0
DA:16131,0
DA:16132,0
DA:16134,0
DA:16135,0
DA:16137,0
DA:16138,0
DA:16140,0
DA:16141,0
DA:16142,0
DA:16145,0
DA:16146,0
DA:16147,0
DA:16150,0
DA:16151,0
DA:16152,0
DA:16155,0
DA:16156,0
DA:16158,0
DA:16159,0
DA:16160,0
DA:16163,0
DA:16164,0
DA:16165,0
DA:16168,0
DA:16169,0
DA:16171,0
DA:16172,0
DA:16173,0
DA:16175,0
DA:16179,0
DA:16180,0
DA:16181,0
DA:16191,0
DA:16192,0
DA:16194,0
DA:16195,0
DA:16196,0
DA:16198,0
DA:16202,0
DA:16203,0
DA:16204,0
DA:16214,0
DA:16215,0
DA:16217,0
DA:16218,0
DA:16219,0
DA:16221,0
DA:16225,0
DA:16226,0
DA:16227,0
DA:16237,0
DA:16241,0
DA:16243,0
DA:16244,0
DA:16245,0
DA:16247,0
DA:16251,0
DA:16252,0
DA:16253,0
DA:16260,0
DA:16284,0
DA:16287,0
DA:16288,0
DA:16291,0
DA:16292,0
DA:16293,0
DA:16294,0
DA:16295,0
DA:16296,0
DA:16298,0
DA:16316,0
DA:16336,0
DA:16354,0
DA:16373,0
DA:16374,0
DA:16375,0
DA:16376,0
DA:16377,0
DA:16380,0
DA:16382,0
DA:16388,0
DA:16390,0
DA:16391,0
DA:16408,0
DA:16411,0
DA:16413,0
DA:16416,0
DA:16419,0
DA:16420,0
DA:16426,0
DA:16428,0
DA:16431,0
DA:16434,0
DA:16435,0
DA:16441,0
DA:16443,0
DA:16446,0
DA:16449,0
DA:16450,0
DA:16457,0
DA:16458,0
DA:16460,0
DA:16467,0
DA:16468,0
DA:16469,0
DA:16473,0
DA:16475,0
DA:16476,0
DA:16537,0
DA:16543,0
DA:16544,0
DA:16545,0
DA:16546,0
DA:16547,0
DA:16551,0
DA:16552,0
DA:16554,0
DA:16555,0
DA:16556,0
DA:16557,0
DA:16558,0
DA:16560,0
DA:16561,0
DA:16568,0
DA:16575,0
DA:16576,0
DA:16577,0
DA:16580,0
DA:16581,0
DA:16582,0
DA:16585,0
DA:16586,0
DA:16587,0
DA:16590,0
DA:16591,0
DA:16592,0
DA:16595,0
DA:16596,0
DA:16597,0
DA:16600,0
DA:16601,0
DA:16602,0
DA:16605,0
DA:16606,0
DA:16607,0
DA:16610,0
DA:16611,0
DA:16613,0
DA:16614,0
DA:16615,0
DA:16617,0
DA:16621,0
DA:16622,0
DA:16623,0
DA:16636,0
DA:16643,0
DA:16644,0
DA:16645,0
DA:16648,0
DA:16649,0
DA:16650,0
DA:16653,0
DA:16654,0
DA:16655,0
DA:16658,0
DA:16659,0
DA:16660,0
DA:16663,0
DA:16664,0
DA:16665,0
DA:16668,0
DA:16669,0
DA:16670,0
DA:16673,0
DA:16674,0
DA:16675,0
DA:16678,0
DA:16679,0
DA:16681,0
DA:16682,0
DA:16683,0
DA:16685,0
DA:16689,0
DA:16690,0
DA:16691,0
DA:16704,0
DA:16711,0
DA:16712,0
DA:16714,0
DA:16715,0
DA:16717,0
DA:16718,0
DA:16720,0
DA:16721,0
DA:16723,0
DA:16724,0
DA:16725,0
DA:16728,0
DA:16729,0
DA:16730,0
DA:16733,0
DA:16734,0
DA:16735,0
DA:16738,0
DA:16739,0
DA:16741,0
DA:16742,0
DA:16743,0
DA:16745,0
DA:16749,0
DA:16750,0
DA:16751,0
DA:16777,0
DA:16780,0
DA:16781,0
DA:16784,0
DA:16785,0
DA:16786,0
DA:16787,0
DA:16788,0
DA:16789,0
DA:16794,0
DA:16803,0
DA:16814,0
DA:16823,0
DA:16833,0
DA:16834,0
DA:16835,0
DA:16836,0
DA:16837,0
DA:16840,0
DA:16841,0
DA:16842,0
DA:16844,0
DA:16860,0
DA:16863,0
DA:16865,0
DA:16868,0
DA:16871,0
DA:16872,0
DA:16879,0
DA:16880,0
DA:16935,0
DA:16942,0
DA:16943,0
DA:16944,0
DA:16947,0
DA:16948,0
DA:16949,0
DA:16952,0
DA:16953,0
DA:16954,0
DA:16957,0
DA:16958,0
DA:16959,0
DA:16962,0
DA:16963,0
DA:16964,0
DA:16967,0
DA:16968,0
DA:16969,0
DA:16972,0
DA:16973,0
DA:16974,0
DA:16977,0
DA:16978,0
DA:16979,0
DA:16982,0
DA:16983,0
DA:16984,0
DA:16987,0
DA:16988,0
DA:16989,0
DA:16992,0
DA:16993,0
DA:16994,0
DA:16997,0
DA:16998,0
DA:16999,0
DA:17005,0
DA:17012,0
DA:17013,0
DA:17014,0
DA:17017,0
DA:17018,0
DA:17019,0
DA:17022,0
DA:17023,0
DA:17024,0
DA:17027,0
DA:17028,0
DA:17029,0
DA:17032,0
DA:17033,0
DA:17034,0
DA:17037,0
DA:17038,0
DA:17039,0
DA:17042,0
DA:17043,0
DA:17044,0
DA:17047,0
DA:17048,0
DA:17049,0
DA:17052,0
DA:17053,0
DA:17054,0
DA:17057,0
DA:17058,0
DA:17059,0
DA:17062,0
DA:17063,0
DA:17064,0
DA:17067,0
DA:17068,0
DA:17069,0
DA:17075,0
DA:17082,0
DA:17083,0
DA:17085,0
DA:17086,0
DA:17088,0
DA:17089,0
DA:17091,0
DA:17092,0
DA:17094,0
DA:17095,0
DA:17097,0
DA:17098,0
DA:17100,0
DA:17101,0
DA:17103,0
DA:17104,0
DA:17106,0
DA:17107,0
DA:17108,0
DA:17111,0
DA:17112,0
DA:17114,0
DA:17115,0
DA:17116,0
DA:17119,0
DA:17120,0
DA:17121,0
DA:17147,0
DA:17150,0
DA:17151,0
DA:17154,0
DA:17155,0
DA:17156,0
DA:17157,0
DA:17158,0
DA:17159,0
DA:17161,0
DA:17174,0
DA:17189,0
DA:17202,0
DA:17216,0
DA:17217,0
DA:17218,0
DA:17262,0
DA:17269,0
DA:17270,0
DA:17271,0
DA:17274,0
DA:17275,0
DA:17276,0
DA:17279,0
DA:17280,0
DA:17281,0
DA:17287,0
DA:17294,0
DA:17295,0
DA:17296,0
DA:17299,0
DA:17300,0
DA:17301,0
DA:17304,0
DA:17305,0
DA:17306,0
DA:17312,0
DA:17319,0
DA:17320,0
DA:17322,0
DA:17323,0
DA:17325,0
DA:17326,0
DA:17351,0
DA:17354,0
DA:17355,0
DA:17358,0
DA:17359,0
DA:17360,0
DA:17361,0
DA:17362,0
DA:17363,0
DA:17365,0
DA:17370,0
DA:17377,0
DA:17382,0
DA:17388,0
DA:17389,0
DA:17390,0
DA:17448,0
DA:17455,0
DA:17456,0
DA:17457,0
DA:17460,0
DA:17461,0
DA:17462,0
DA:17465,0
DA:17466,0
DA:17467,0
DA:17470,0
DA:17471,0
DA:17472,0
DA:17475,0
DA:17476,0
DA:17477,0
DA:17480,0
DA:17481,0
DA:17482,0
DA:17485,0
DA:17486,0
DA:17487,0
DA:17490,0
DA:17491,0
DA:17492,0
DA:17495,0
DA:17496,0
DA:17497,0
DA:17500,0
DA:17501,0
DA:17502,0
DA:17505,0
DA:17506,0
DA:17507,0
DA:17513,0
DA:17520,0
DA:17521,0
DA:17522,0
DA:17525,0
DA:17526,0
DA:17527,0
DA:17530,0
DA:17531,0
DA:17532,0
DA:17535,0
DA:17536,0
DA:17537,0
DA:17540,0
DA:17541,0
DA:17542,0
DA:17545,0
DA:17546,0
DA:17547,0
DA:17550,0
DA:17551,0
DA:17552,0
DA:17555,0
DA:17556,0
DA:17557,0
DA:17560,0
DA:17561,0
DA:17562,0
DA:17565,0
DA:17566,0
DA:17567,0
DA:17570,0
DA:17571,0
DA:17572,0
DA:17578,0
DA:17585,0
DA:17586,0
DA:17588,0
DA:17589,0
DA:17590,0
DA:17593,0
DA:17594,0
DA:17595,0
DA:17598,0
DA:17599,0
DA:17600,0
DA:17603,0
DA:17604,0
DA:17606,0
DA:17607,0
DA:17609,0
DA:17610,0
DA:17612,0
DA:17613,0
DA:17614,0
DA:17617,0
DA:17618,0
DA:17619,0
DA:17622,0
DA:17623,0
DA:17625,0
DA:17626,0
DA:17627,0
DA:17649,0
DA:17650,0
DA:17651,0
DA:17654,0
DA:17655,0
DA:17656,0
DA:17657,0
DA:17658,0
DA:17659,0
DA:17661,0
DA:17673,0
DA:17687,0
DA:17699,0
DA:17712,0
DA:17713,0
DA:17714,0
DA:17767,0
DA:17773,0
DA:17774,0
DA:17775,0
DA:17776,0
DA:17777,0
DA:17781,0
DA:17782,0
DA:17784,0
DA:17785,0
DA:17786,0
DA:17787,0
DA:17788,0
DA:17790,0
DA:17791,0
DA:17795,0
DA:17800,0
DA:17801,0
DA:17802,0
DA:17803,0
DA:17804,0
DA:17808,0
DA:17810,0
DA:17811,0
DA:17812,0
DA:17813,0
DA:17815,0
DA:17816,0
DA:17818,0
DA:17819,0
DA:17826,0
DA:17833,0
DA:17834,0
DA:17835,0
DA:17838,0
DA:17839,0
DA:17840,0
DA:17843,0
DA:17844,0
DA:17845,0
DA:17848,0
DA:17849,0
DA:17850,0
DA:17853,0
DA:17854,0
DA:17855,0
DA:17858,0
DA:17859,0
DA:17860,0
DA:17863,0
DA:17864,0
DA:17865,0
DA:17868,0
DA:17869,0
DA:17871,0
DA:17872,0
DA:17873,0
DA:17875,0
DA:17879,0
DA:17880,0
DA:17881,0
DA:17891,0
DA:17896,0
DA:17898,0
DA:17899,0
DA:17900,0
DA:17902,0
DA:17906,0
DA:17907,0
DA:17908,0
DA:17915,0
DA:17921,0
DA:17928,0
DA:17929,0
DA:17930,0
DA:17933,0
DA:17934,0
DA:17935,0
DA:17938,0
DA:17939,0
DA:17940,0
DA:17943,0
DA:17944,0
DA:17945,0
DA:17948,0
DA:17949,0
DA:17950,0
DA:17953,0
DA:17954,0
DA:17955,0
DA:17958,0
DA:17959,0
DA:17960,0
DA:17963,0
DA:17964,0
DA:17966,0
DA:17967,0
DA:17968,0
DA:17970,0
DA:17974,0
DA:17975,0
DA:17976,0
DA:17989,0
DA:17996,0
DA:17997,0
DA:17999,0
DA:18000,0
DA:18002,0
DA:18003,0
DA:18005,0
DA:18006,0
DA:18008,0
DA:18009,0
DA:18010,0
DA:18013,0
DA:18014,0
DA:18015,0
DA:18018,0
DA:18019,0
DA:18021,0
DA:18022,0
DA:18024,0
DA:18025,0
DA:18026,0
DA:18028,0
DA:18032,0
DA:18033,0
DA:18034,0
DA:18044,0
DA:18049,0
DA:18051,0
DA:18052,0
DA:18053,0
DA:18055,0
DA:18059,0
DA:18060,0
DA:18061,0
DA:18068,0
DA:18090,0
DA:18093,0
DA:18094,0
DA:18097,0
DA:18098,0
DA:18099,0
DA:18100,0
DA:18101,0
DA:18102,0
DA:18107,0
DA:18116,0
DA:18127,0
DA:18136,0
DA:18146,0
DA:18147,0
DA:18148,0
DA:18149,0
DA:18150,0
DA:18153,0
DA:18155,0
DA:18156,0
DA:18158,0
DA:18160,0
DA:18177,0
DA:18180,0
DA:18182,0
DA:18185,0
DA:18188,0
DA:18189,0
DA:18196,0
DA:18197,0
DA:18199,0
DA:18206,0
DA:18207,0
DA:18208,0
DA:18212,0
DA:18214,0
DA:18215,0
DA:18274,0
DA:18280,0
DA:18281,0
DA:18282,0
DA:18285,0
DA:18286,0
DA:18288,0
DA:18289,0
DA:18290,0
DA:18291,0
DA:18292,0
DA:18294,0
DA:18295,0
DA:18299,0
DA:18300,0
DA:18301,0
DA:18304,0
DA:18305,0
DA:18307,0
DA:18308,0
DA:18309,0
DA:18310,0
DA:18311,0
DA:18313,0
DA:18314,0
DA:18321,0
DA:18328,0
DA:18329,0
DA:18330,0
DA:18333,0
DA:18334,0
DA:18335,0
DA:18338,0
DA:18339,0
DA:18340,0
DA:18343,0
DA:18344,0
DA:18345,0
DA:18348,0
DA:18349,0
DA:18350,0
DA:18353,0
DA:18354,0
DA:18355,0
DA:18358,0
DA:18359,0
DA:18361,0
DA:18362,0
DA:18363,0
DA:18365,0
DA:18369,0
DA:18370,0
DA:18371,0
DA:18381,0
DA:18382,0
DA:18384,0
DA:18385,0
DA:18386,0
DA:18388,0
DA:18392,0
DA:18393,0
DA:18394,0
DA:18407,0
DA:18414,0
DA:18415,0
DA:18416,0
DA:18419,0
DA:18420,0
DA:18421,0
DA:18424,0
DA:18425,0
DA:18426,0
DA:18429,0
DA:18430,0
DA:18431,0
DA:18434,0
DA:18435,0
DA:18436,0
DA:18439,0
DA:18440,0
DA:18441,0
DA:18444,0
DA:18445,0
DA:18447,0
DA:18448,0
DA:18449,0
DA:18451,0
DA:18455,0
DA:18456,0
DA:18457,0
DA:18467,0
DA:18468,0
DA:18470,0
DA:18471,0
DA:18472,0
DA:18474,0
DA:18478,0
DA:18479,0
DA:18480,0
DA:18493,0
DA:18500,0
DA:18501,0
DA:18503,0
DA:18504,0
DA:18506,0
DA:18507,0
DA:18509,0
DA:18510,0
DA:18512,0
DA:18513,0
DA:18514,0
DA:18517,0
DA:18518,0
DA:18520,0
DA:18521,0
DA:18523,0
DA:18524,0
DA:18525,0
DA:18527,0
DA:18531,0
DA:18532,0
DA:18533,0
DA:18543,0
DA:18544,0
DA:18546,0
DA:18547,0
DA:18548,0
DA:18550,0
DA:18554,0
DA:18555,0
DA:18556,0
DA:18582,0
DA:18585,0
DA:18586,0
DA:18589,0
DA:18590,0
DA:18591,0
DA:18592,0
DA:18593,0
DA:18594,0
DA:18596,0
DA:18605,0
DA:18616,0
DA:18625,0
DA:18635,0
DA:18636,0
DA:18637,0
DA:18638,0
DA:18639,0
DA:18642,0
DA:18643,0
DA:18644,0
DA:18646,0
DA:18662,0
DA:18665,0
DA:18667,0
DA:18670,0
DA:18673,0
DA:18674,0
DA:18680,0
DA:18682,0
DA:18685,0
DA:18688,0
DA:18689,0
DA:18696,0
DA:18697,0
DA:18751,0
DA:18757,0
DA:18758,0
DA:18759,0
DA:18760,0
DA:18761,0
DA:18765,0
DA:18766,0
DA:18768,0
DA:18769,0
DA:18770,0
DA:18771,0
DA:18772,0
DA:18774,0
DA:18775,0
DA:18782,0
DA:18789,0
DA:18790,0
DA:18791,0
DA:18794,0
DA:18795,0
DA:18796,0
DA:18799,0
DA:18800,0
DA:18801,0
DA:18804,0
DA:18805,0
DA:18806,0
DA:18809,0
DA:18810,0
DA:18811,0
DA:18814,0
DA:18815,0
DA:18816,0
DA:18819,0
DA:18820,0
DA:18821,0
DA:18824,0
DA:18825,0
DA:18826,0
DA:18829,0
DA:18830,0
DA:18832,0
DA:18833,0
DA:18834,0
DA:18836,0
DA:18840,0
DA:18841,0
DA:18842,0
DA:18855,0
DA:18862,0
DA:18863,0
DA:18864,0
DA:18867,0
DA:18868,0
DA:18869,0
DA:18872,0
DA:18873,0
DA:18874,0
DA:18877,0
DA:18878,0
DA:18879,0
DA:18882,0
DA:18883,0
DA:18884,0
DA:18887,0
DA:18888,0
DA:18889,0
DA:18892,0
DA:18893,0
DA:18894,0
DA:18897,0
DA:18898,0
DA:18899,0
DA:18902,0
DA:18903,0
DA:18905,0
DA:18906,0
DA:18907,0
DA:18909,0
DA:18913,0
DA:18914,0
DA:18915,0
DA:18928,0
DA:18935,0
DA:18936,0
DA:18938,0
DA:18939,0
DA:18941,0
DA:18942,0
DA:18944,0
DA:18945,0
DA:18947,0
DA:18948,0
DA:18949,0
DA:18952,0
DA:18953,0
DA:18954,0
DA:18957,0
DA:18958,0
DA:18959,0
DA:18962,0
DA:18963,0
DA:18965,0
DA:18967,0
DA:18969,0
DA:18970,0
DA:18971,0
DA:18973,0
DA:18977,0
DA:18978,0
DA:18979,0
DA:19005,0
DA:19008,0
DA:19009,0
DA:19012,0
DA:19013,0
DA:19017,0
DA:19018,0
DA:19022,0
DA:19023,0
DA:19028,0
DA:19038,0
DA:19050,0
DA:19060,0
DA:19071,0
DA:19072,0
DA:19073,0
DA:19074,0
DA:19075,0
DA:19078,0
DA:19079,0
DA:19080,0
DA:19082,0
DA:19098,0
DA:19101,0
DA:19103,0
DA:19106,0
DA:19109,0
DA:19110,0
DA:19117,0
DA:19118,0
DA:19161,0
DA:19168,0
DA:19169,0
DA:19170,0
DA:19173,0
DA:19174,0
DA:19175,0
DA:19178,0
DA:19179,0
DA:19180,0
DA:19183,0
DA:19184,0
DA:19185,0
DA:19188,0
DA:19189,0
DA:19190,0
DA:19193,0
DA:19194,0
DA:19195,0
DA:19201,0
DA:19208,0
DA:19209,0
DA:19210,0
DA:19213,0
DA:19214,0
DA:19215,0
DA:19218,0
DA:19219,0
DA:19220,0
DA:19223,0
DA:19224,0
DA:19225,0
DA:19228,0
DA:19229,0
DA:19230,0
DA:19233,0
DA:19234,0
DA:19235,0
DA:19241,0
DA:19248,0
DA:19249,0
DA:19251,0
DA:19252,0
DA:19254,0
DA:19255,0
DA:19257,0
DA:19258,0
DA:19260,0
DA:19261,0
DA:19263,0
DA:19264,0
DA:19265,0
DA:19291,0
DA:19294,0
DA:19295,0
DA:19298,0
DA:19299,0
DA:19303,0
DA:19304,0
DA:19308,0
DA:19309,0
DA:19314,0
DA:19321,0
DA:19330,0
DA:19337,0
DA:19345,0
DA:19346,0
DA:19347,0
DA:19377,0
DA:19378,0
DA:19379,0
DA:19380,0
DA:19381,0
DA:19382,0
DA:19383,0
DA:19384,0
DA:19385,0
DA:19386,0
DA:19387,0
DA:19388,0
DA:19389,0
DA:19391,0
DA:19392,0
DA:19393,0
DA:19394,0
DA:19395,0
DA:19396,0
DA:19397,0
DA:19398,0
DA:19399,0
DA:19400,0
DA:19401,0
DA:19402,0
DA:19403,0
DA:19404,0
DA:19405,0
DA:19406,0
DA:19407,0
DA:19408,0
DA:19409,0
DA:19410,0
DA:19411,0
DA:19412,0
DA:19413,0
DA:19414,0
DA:19415,0
DA:19416,0
DA:19417,0
DA:19418,0
DA:19420,0
DA:19421,0
LF:8237
LH:1212
end_of_record
SF:lib/src/database.dart
DA:50,1
DA:52,1
DA:55,1
DA:57,1
DA:58,1
DA:59,1
DA:65,1
DA:66,1
DA:68,4
DA:70,1
DA:74,1
DA:82,1
DA:85,1
DA:91,1
DA:100,4
DA:101,1
DA:105,4
DA:106,1
DA:111,1
DA:116,4
DA:117,4
DA:118,4
DA:120,1
DA:126,2
DA:127,2
DA:128,4
DA:129,4
DA:130,4
DA:131,4
DA:133,1
DA:139,4
DA:140,2
DA:142,1
DA:147,2
DA:157,0
DA:158,0
DA:159,0
DA:160,0
LF:38
LH:34
end_of_record
SF:lib/src/database_mixin.dart
DA:4,0
DA:5,0
DA:6,0
DA:7,0
LF:4
LH:0
end_of_record
SF:lib/src/pin_hasher.dart
DA:24,0
DA:25,0
DA:32,0
DA:33,0
DA:34,0
DA:35,0
DA:41,0
DA:42,0
DA:43,0
DA:44,0
DA:45,0
DA:46,0
DA:50,0
DA:51,0
DA:53,0
DA:54,0
DA:56,0
LF:17
LH:0
end_of_record
SF:lib/src/seeder/data_seeder.dart
DA:17,1
DA:32,1
DA:41,0
DA:47,0
DA:48,0
DA:49,0
DA:50,0
DA:51,0
DA:52,0
DA:53,0
DA:57,0
DA:58,0
DA:60,0
DA:61,0
DA:62,0
DA:63,0
DA:64,0
DA:65,0
DA:66,0
DA:67,0
DA:68,0
DA:69,0
DA:73,0
DA:76,0
DA:77,0
DA:78,0
DA:79,0
DA:80,0
DA:81,0
DA:82,0
DA:83,0
DA:84,0
DA:88,0
DA:89,0
DA:90,0
DA:91,0
DA:92,0
DA:93,0
DA:96,0
DA:97,0
DA:98,0
DA:99,0
DA:100,0
DA:101,0
DA:108,0
DA:111,0
DA:113,0
DA:121,0
DA:128,0
DA:135,0
DA:143,0
DA:145,0
DA:161,0
DA:173,0
DA:184,0
LF:55
LH:2
end_of_record
SF:lib/src/sync_id.dart
DA:8,0
LF:1
LH:0
end_of_record
SF:lib/src/tables/cash_reconciliations_table.dart
DA:11,0
DA:12,0
DA:13,0
DA:14,0
DA:17,0
DA:18,0
LF:6
LH:0
end_of_record
SF:lib/src/tables/catalog_templates_table.dart
DA:12,0
DA:13,0
LF:2
LH:0
end_of_record
SF:lib/src/tables/categories_table.dart
DA:8,0
DA:9,0
DA:10,0
DA:11,0
DA:12,0
LF:5
LH:0
end_of_record
SF:lib/src/tables/clock_records_table.dart
DA:19,0
DA:20,0
DA:21,0
DA:22,0
LF:4
LH:0
end_of_record
SF:lib/src/tables/combos_table.dart
DA:12,0
DA:13,0
DA:14,0
DA:15,0
DA:23,0
DA:24,0
DA:25,0
DA:26,0
DA:27,0
DA:28,0
LF:10
LH:0
end_of_record
SF:lib/src/tables/discounts_table.dart
DA:7,0
DA:10,0
DA:11,0
DA:13,0
DA:14,0
DA:15,0
DA:18,0
DA:19,0
LF:8
LH:0
end_of_record
SF:lib/src/tables/employees_table.dart
DA:6,0
DA:10,0
DA:11,0
DA:12,0
DA:13,0
DA:14,0
DA:15,0
LF:7
LH:0
end_of_record
SF:lib/src/tables/modifiers_table.dart
DA:10,0
DA:11,0
DA:12,0
DA:18,0
DA:19,0
DA:20,0
DA:21,0
DA:27,0
DA:28,0
DA:33,0
DA:34,0
DA:35,0
LF:12
LH:0
end_of_record
SF:lib/src/tables/order_items_table.dart
DA:11,0
DA:12,0
DA:13,0
DA:14,0
DA:17,0
DA:18,0
DA:19,0
DA:20,0
DA:22,0
DA:23,0
DA:28,0
DA:32,0
DA:39,0
DA:40,0
DA:43,0
DA:47,0
DA:53,0
DA:54,0
DA:57,0
DA:58,0
DA:59,0
LF:21
LH:0
end_of_record
SF:lib/src/tables/orders_table.dart
DA:19,0
DA:22,0
DA:24,0
DA:25,0
DA:26,0
DA:27,0
DA:29,0
DA:30,0
DA:36,0
DA:44,0
DA:45,0
LF:11
LH:0
end_of_record
SF:lib/src/tables/outbox_table.dart
DA:7,0
DA:10,0
DA:13,0
DA:16,0
DA:19,0
DA:22,0
DA:25,0
DA:27,0
DA:29,0
DA:31,0
DA:33,0
LF:11
LH:0
end_of_record
SF:lib/src/tables/products_table.dart
DA:8,0
DA:9,0
DA:10,0
DA:12,0
DA:13,0
DA:15,0
DA:16,0
DA:17,0
DA:18,0
DA:19,0
DA:21,0
DA:22,0
DA:23,0
DA:24,0
DA:29,0
LF:15
LH:0
end_of_record
SF:lib/src/tables/settings_table.dart
DA:8,0
DA:9,0
DA:10,0
DA:12,0
DA:14,0
DA:15,0
LF:6
LH:0
end_of_record
SF:lib/src/tables/stock_movements_table.dart
DA:14,0
DA:15,0
DA:16,0
DA:17,0
DA:24,0
LF:5
LH:0
end_of_record
SF:lib/src/tables/stocks_table.dart
DA:9,0
DA:10,0
DA:11,0
LF:3
LH:0
end_of_record
