SF:lib/src/atoms/app_avatar.dart
DA:8,1
DA:23,1
DA:25,1
DA:26,1
DA:27,1
DA:29,1
DA:30,1
DA:31,1
DA:33,1
DA:34,1
DA:36,1
DA:37,1
DA:38,2
DA:40,1
DA:42,0
DA:44,2
DA:45,1
DA:46,1
DA:47,3
DA:48,1
LF:20
LH:19
end_of_record
SF:lib/src/theme/context_extensions.dart
DA:14,14
DA:15,28
DA:18,13
DA:19,26
DA:22,13
DA:23,26
LF:6
LH:6
end_of_record
SF:lib/src/atoms/app_badge.dart
DA:20,2
DA:31,2
DA:32,2
DA:33,2
DA:34,2
DA:35,0
DA:36,0
DA:39,2
DA:40,1
DA:41,1
DA:44,2
DA:45,2
DA:46,2
DA:49,1
DA:50,1
DA:51,1
DA:54,1
DA:55,1
DA:56,1
DA:59,3
DA:60,1
DA:62,1
DA:63,1
DA:68,2
DA:70,2
DA:71,2
DA:72,2
DA:73,2
DA:74,2
DA:75,2
DA:77,2
DA:79,4
DA:82,2
DA:84,2
DA:86,2
DA:87,2
DA:88,0
DA:89,0
DA:91,10
LF:39
LH:35
end_of_record
SF:lib/src/atoms/app_button.dart
DA:23,3
DA:38,1
DA:53,1
DA:68,2
DA:83,2
DA:113,6
DA:114,3
DA:115,3
DA:116,0
DA:119,6
DA:120,3
DA:121,9
DA:122,0
DA:125,3
DA:128,3
DA:129,3
DA:130,3
DA:131,3
DA:132,3
DA:134,3
DA:136,2
DA:137,1
DA:138,1
DA:140,1
DA:142,2
DA:144,1
DA:146,1
DA:148,2
DA:150,2
DA:151,2
DA:152,2
DA:154,2
DA:155,2
DA:156,2
DA:158,2
DA:163,3
DA:165,3
DA:166,3
DA:167,3
DA:168,3
DA:169,6
DA:172,9
DA:173,3
DA:175,3
DA:176,9
DA:177,9
DA:178,3
DA:179,6
DA:182,6
DA:183,3
DA:184,2
DA:188,6
DA:189,3
DA:190,1
DA:194,5
DA:195,2
DA:196,2
DA:198,0
DA:199,0
DA:200,0
DA:204,3
DA:205,3
DA:206,3
DA:207,6
DA:211,4
DA:212,2
DA:213,0
DA:215,4
DA:220,3
DA:223,3
DA:224,1
DA:225,1
DA:226,1
DA:227,2
DA:229,6
DA:230,6
DA:232,0
DA:234,0
DA:235,0
DA:236,0
DA:237,0
DA:239,0
DA:240,0
DA:241,0
DA:242,0
DA:248,3
DA:249,3
DA:250,3
DA:251,3
DA:252,3
DA:260,3
DA:261,1
DA:264,1
DA:266,1
DA:270,4
LF:95
LH:80
end_of_record
SF:lib/src/atoms/app_spinner.dart
DA:9,2
DA:15,2
DA:17,4
DA:18,2
DA:21,2
DA:24,2
DA:25,2
DA:26,2
DA:27,4
LF:9
LH:9
end_of_record
SF:lib/src/atoms/app_checkbox.dart
DA:9,3
DA:20,3
DA:22,3
DA:23,3
DA:24,3
DA:25,3
DA:26,3
DA:27,3
DA:28,12
DA:29,3
DA:30,6
DA:34,3
DA:35,6
DA:38,1
DA:39,5
DA:40,2
DA:41,1
DA:43,1
DA:45,3
DA:46,3
LF:20
LH:20
end_of_record
SF:lib/src/atoms/app_text.dart
DA:27,0
DA:40,0
DA:50,1
DA:60,1
DA:70,1
DA:80,1
DA:90,2
DA:100,1
DA:110,6
DA:120,3
DA:130,6
DA:140,3
DA:150,0
DA:172,22
DA:173,11
DA:174,12
DA:175,12
DA:176,12
DA:177,12
DA:178,13
DA:179,12
DA:180,19
DA:181,12
DA:182,13
DA:183,6
DA:184,0
DA:187,11
DA:189,11
DA:190,11
DA:191,60
DA:192,11
DA:193,11
DA:195,11
DA:196,11
DA:197,11
DA:198,11
LF:36
LH:32
end_of_record
SF:lib/src/atoms/app_chip.dart
DA:8,4
DA:28,4
DA:30,4
DA:31,4
DA:32,9
DA:33,9
DA:35,4
DA:36,4
DA:37,4
DA:38,4
DA:39,4
DA:41,8
DA:42,4
DA:43,4
DA:44,8
DA:45,4
DA:46,4
DA:47,4
DA:48,4
DA:50,4
DA:52,4
DA:53,4
DA:54,0
DA:55,0
DA:57,8
DA:58,7
DA:59,6
DA:60,3
DA:63,6
DA:64,3
DA:66,3
DA:67,9
LF:32
LH:30
end_of_record
SF:lib/src/atoms/app_divider.dart
DA:9,1
DA:17,1
DA:31,1
DA:33,2
DA:34,2
DA:35,1
DA:36,2
DA:37,1
DA:41,1
DA:42,1
DA:45,1
DA:49,1
DA:50,1
LF:13
LH:13
end_of_record
SF:lib/src/atoms/app_icon_button.dart
DA:13,1
DA:25,0
DA:37,0
DA:49,0
DA:61,0
DA:83,1
DA:84,1
DA:85,1
DA:86,1
DA:87,1
DA:88,1
DA:91,0
DA:92,0
DA:93,0
DA:96,0
DA:98,0
DA:101,0
DA:103,0
DA:104,0
DA:106,0
DA:107,0
DA:108,0
DA:114,1
DA:116,1
DA:117,1
DA:118,2
DA:120,1
DA:121,2
DA:122,1
DA:123,0
DA:125,0
DA:129,2
DA:130,1
DA:131,0
DA:135,2
DA:136,1
DA:137,1
DA:139,0
DA:140,0
DA:141,0
DA:145,1
DA:146,2
DA:150,0
DA:151,0
DA:155,1
DA:156,1
DA:157,1
DA:158,1
DA:159,0
DA:160,1
DA:161,2
DA:162,1
DA:164,1
DA:165,1
DA:166,1
DA:167,1
LF:56
LH:32
end_of_record
SF:lib/src/atoms/app_skeleton.dart
DA:9,1
DA:20,1
DA:21,1
DA:26,2
DA:29,1
DA:31,1
DA:33,2
DA:34,1
DA:37,1
DA:39,1
DA:40,1
DA:41,1
DA:42,3
DA:43,1
DA:44,2
DA:45,2
DA:46,1
DA:47,1
DA:48,4
LF:19
LH:19
end_of_record
SF:lib/src/atoms/app_surface.dart
DA:14,2
DA:39,4
DA:40,2
DA:41,4
DA:42,3
DA:43,0
DA:46,2
DA:48,2
DA:49,6
DA:51,2
DA:52,2
DA:53,2
DA:54,2
DA:55,2
DA:56,4
DA:58,2
DA:59,2
DA:60,2
DA:61,4
DA:64,2
DA:66,2
DA:67,2
DA:70,2
DA:71,2
DA:73,4
LF:25
LH:24
end_of_record
SF:lib/src/atoms/app_switch.dart
DA:8,1
DA:19,1
DA:21,1
DA:22,1
DA:23,1
DA:24,1
DA:25,1
DA:26,1
DA:27,1
DA:28,1
DA:29,1
DA:30,1
DA:31,1
DA:32,2
LF:14
LH:14
end_of_record
SF:lib/src/theme/app_typography.dart
DA:12,15
DA:61,15
DA:62,15
DA:67,15
DA:76,15
DA:77,15
DA:81,15
DA:83,15
DA:87,15
DA:89,15
DA:93,15
DA:95,15
DA:99,15
DA:101,15
DA:105,15
DA:107,15
DA:108,15
DA:109,15
DA:110,15
DA:111,15
DA:117,15
DA:130,30
DA:131,15
DA:132,15
DA:133,15
DA:134,15
DA:135,15
DA:136,15
DA:137,15
DA:138,15
DA:139,15
DA:140,15
DA:141,15
DA:142,15
DA:143,15
DA:144,15
DA:145,15
DA:148,0
DA:163,0
DA:164,0
DA:165,0
DA:166,0
DA:167,0
DA:168,0
DA:169,0
DA:170,0
DA:171,0
DA:172,0
DA:173,0
DA:174,0
DA:175,0
DA:179,1
DA:181,1
DA:182,2
DA:183,1
DA:184,3
DA:185,3
DA:186,3
DA:187,3
DA:188,3
DA:189,3
DA:190,3
DA:191,3
DA:192,3
DA:193,3
DA:194,3
DA:195,3
LF:67
LH:53
end_of_record
SF:lib/src/data/product_stock_gallery.dart
DA:3,6
DA:67,1
DA:68,2
DA:69,2
LF:4
LH:4
end_of_record
SF:lib/src/molecules/app_alert.dart
DA:17,1
DA:32,1
DA:33,1
DA:34,1
DA:35,2
DA:36,2
DA:37,2
DA:38,2
DA:39,2
DA:43,2
DA:44,1
DA:45,1
DA:46,1
DA:47,1
DA:48,1
DA:51,1
DA:53,1
DA:54,1
DA:55,1
DA:57,1
DA:59,2
DA:60,1
DA:61,2
DA:62,1
DA:63,1
DA:64,1
DA:65,1
DA:66,1
DA:67,1
DA:70,1
DA:72,1
DA:73,4
DA:74,2
DA:75,1
DA:76,1
DA:79,1
DA:80,2
DA:81,2
DA:82,2
DA:84,3
DA:85,1
DA:86,0
DA:87,0
LF:43
LH:41
end_of_record
SF:lib/src/theme/agora_icons.dart
DA:8,6
DA:9,6
DA:16,0
LF:3
LH:2
end_of_record
SF:lib/src/molecules/app_card.dart
DA:16,1
DA:37,2
DA:39,1
DA:41,1
DA:42,1
DA:43,1
DA:44,1
DA:45,3
DA:46,1
DA:49,1
DA:50,2
DA:51,1
DA:53,1
DA:54,1
DA:55,1
DA:58,1
DA:59,3
DA:60,2
DA:61,2
DA:62,1
DA:63,1
DA:64,2
DA:70,2
DA:71,2
DA:72,1
DA:76,3
DA:78,3
DA:79,1
LF:28
LH:28
end_of_record
SF:lib/src/molecules/app_empty_state.dart
DA:9,1
DA:22,1
DA:24,1
DA:25,1
DA:26,1
DA:27,1
DA:28,2
DA:29,1
DA:31,1
DA:32,2
DA:33,3
DA:34,2
DA:36,2
DA:37,2
DA:38,2
DA:39,1
DA:40,1
DA:41,1
DA:45,5
LF:19
LH:19
end_of_record
SF:lib/src/molecules/app_list_tile.dart
DA:9,1
DA:24,1
DA:26,1
DA:27,1
DA:28,1
DA:29,1
DA:30,1
DA:31,1
DA:32,1
DA:33,1
DA:35,1
DA:36,1
DA:37,5
DA:38,1
DA:39,1
DA:42,1
DA:43,2
DA:44,1
DA:45,1
DA:46,1
DA:47,2
DA:52,1
DA:53,0
DA:54,0
LF:24
LH:22
end_of_record
SF:lib/src/molecules/app_search_field.dart
DA:12,1
DA:27,1
DA:29,1
DA:30,1
DA:31,1
DA:32,1
DA:33,1
DA:34,1
DA:36,1
DA:38,1
DA:39,2
DA:41,1
DA:43,0
DA:45,0
DA:46,0
LF:15
LH:12
end_of_record
SF:lib/src/molecules/app_text_field.dart
DA:15,2
DA:79,2
DA:80,2
DA:81,4
DA:82,2
DA:85,2
DA:87,2
DA:88,2
DA:89,2
DA:91,2
DA:92,2
DA:93,2
DA:94,2
DA:95,2
DA:96,2
DA:97,2
DA:98,2
DA:99,2
DA:100,2
DA:101,4
DA:102,2
DA:103,2
DA:104,2
DA:105,2
DA:106,2
DA:107,2
DA:108,2
DA:109,2
DA:110,8
DA:111,2
DA:112,2
DA:115,4
DA:116,2
DA:117,6
DA:118,2
DA:120,2
DA:121,2
DA:122,8
DA:123,2
DA:124,2
DA:125,8
DA:126,2
DA:127,2
DA:128,2
DA:131,6
DA:132,6
DA:133,6
DA:134,6
DA:135,2
DA:136,2
DA:137,2
DA:143,2
DA:146,2
DA:147,3
DA:148,2
DA:149,2
DA:151,4
DA:152,3
DA:153,2
DA:154,1
DA:155,1
DA:156,1
LF:62
LH:62
end_of_record
SF:lib/src/molecules/app_segmented_control.dart
DA:6,1
DA:16,1
DA:27,1
DA:29,1
DA:30,1
DA:31,1
DA:32,2
DA:33,1
DA:34,1
DA:35,1
DA:37,1
DA:39,1
DA:40,1
DA:41,1
DA:43,3
DA:44,4
DA:53,1
DA:63,1
DA:65,1
DA:66,1
DA:67,3
DA:68,1
DA:70,1
DA:71,2
DA:72,1
DA:73,2
DA:74,2
DA:75,1
DA:76,1
DA:77,2
DA:78,1
DA:79,1
DA:80,1
DA:81,1
DA:83,1
DA:85,1
DA:86,2
DA:87,0
DA:88,0
DA:90,1
DA:91,2
DA:92,3
LF:42
LH:40
end_of_record
SF:lib/src/organisms/adaptive_app_bar.dart
DA:23,0
DA:29,0
DA:37,0
DA:39,0
DA:52,6
DA:54,0
DA:56,0
DA:59,0
DA:61,0
DA:63,0
DA:64,0
LF:11
LH:1
end_of_record
SF:lib/src/organisms/app_app_bar.dart
DA:10,0
DA:27,1
DA:29,3
DA:31,1
DA:33,1
DA:34,1
DA:36,1
DA:37,1
DA:38,1
DA:39,1
DA:40,1
DA:41,1
DA:42,1
DA:46,1
DA:48,1
DA:50,1
DA:51,1
DA:53,1
DA:54,2
DA:55,1
DA:56,1
DA:57,1
DA:58,0
DA:59,0
DA:61,1
DA:62,1
DA:64,1
DA:65,1
DA:68,1
DA:73,1
DA:78,1
LF:31
LH:28
end_of_record
SF:lib/src/organisms/app_dialog.dart
DA:11,1
DA:27,1
DA:32,1
DA:35,1
DA:39,1
DA:41,1
DA:42,1
DA:44,1
DA:45,1
DA:49,1
DA:50,1
DA:51,3
DA:53,1
DA:54,2
DA:55,1
DA:56,2
DA:57,1
DA:60,1
DA:61,2
DA:62,2
DA:63,2
DA:64,2
DA:65,3
DA:67,2
DA:69,1
DA:70,3
DA:71,2
DA:72,1
DA:74,1
DA:75,5
DA:76,1
DA:77,2
LF:32
LH:32
end_of_record
SF:lib/src/overlays/adaptive_modal.dart
DA:29,0
DA:37,0
DA:38,0
DA:39,0
DA:41,0
DA:43,0
DA:68,0
DA:70,0
DA:84,0
DA:85,0
DA:94,0
DA:100,0
DA:109,0
DA:116,0
DA:123,0
DA:125,0
DA:134,0
DA:140,0
DA:143,0
DA:145,0
DA:146,0
DA:150,0
DA:151,0
DA:152,0
DA:153,0
DA:154,0
DA:157,0
DA:160,0
DA:162,0
DA:164,0
DA:171,0
DA:177,0
DA:180,0
DA:183,0
DA:184,0
DA:185,0
DA:186,0
DA:187,0
DA:192,0
DA:194,0
DA:196,0
DA:207,0
DA:217,0
DA:221,0
DA:222,0
DA:224,0
DA:225,0
DA:226,0
DA:231,0
DA:232,0
DA:233,0
DA:235,0
DA:236,0
DA:237,0
DA:240,0
DA:242,0
DA:250,0
DA:255,0
DA:257,0
DA:259,0
DA:261,0
DA:262,0
DA:263,0
DA:264,0
DA:270,0
DA:274,0
DA:275,0
DA:277,0
LF:68
LH:0
end_of_record
SF:lib/src/overlays/app_combobox.dart
DA:14,1
DA:41,1
DA:58,1
DA:89,1
DA:90,1
DA:102,1
DA:104,2
DA:105,2
DA:106,2
DA:107,2
DA:108,2
DA:109,1
DA:112,1
DA:113,3
DA:114,1
DA:115,1
DA:116,2
DA:117,4
DA:121,1
DA:122,2
DA:123,2
DA:124,2
DA:129,3
DA:130,3
DA:131,2
DA:136,1
DA:137,2
DA:138,3
DA:139,4
DA:144,1
DA:145,2
DA:146,1
DA:147,2
DA:148,5
DA:152,1
DA:153,3
DA:154,2
DA:155,4
DA:156,2
DA:157,3
DA:161,1
DA:162,3
DA:163,1
DA:164,1
DA:165,2
DA:166,2
DA:168,4
DA:169,2
DA:173,1
DA:174,1
DA:175,1
DA:176,2
DA:177,1
DA:178,2
DA:179,1
DA:180,2
DA:181,2
DA:187,1
DA:189,1
DA:190,1
DA:194,1
DA:195,1
DA:196,1
DA:197,1
DA:201,2
DA:202,1
DA:203,1
DA:204,1
DA:205,2
DA:206,1
DA:209,4
DA:210,1
DA:211,1
DA:212,1
DA:213,1
DA:214,1
DA:215,1
DA:216,1
DA:218,2
DA:219,0
DA:226,1
DA:227,0
DA:229,1
DA:230,2
DA:231,1
DA:233,0
DA:236,1
DA:237,2
DA:238,2
DA:239,2
DA:240,2
DA:241,1
DA:242,3
DA:247,1
DA:248,1
DA:249,1
DA:250,1
DA:252,1
DA:253,1
DA:254,1
DA:255,1
DA:256,1
DA:257,1
DA:258,1
DA:259,1
DA:260,1
DA:261,1
DA:262,2
DA:263,1
DA:266,0
DA:267,0
DA:272,1
DA:274,1
DA:275,1
DA:276,1
DA:277,1
DA:278,1
DA:279,1
DA:280,1
DA:284,1
DA:285,1
DA:286,1
DA:288,1
DA:289,1
DA:290,1
DA:292,1
DA:293,1
DA:295,2
DA:296,1
DA:297,1
DA:298,1
DA:299,1
DA:300,2
DA:301,1
DA:303,1
DA:304,1
DA:308,2
DA:309,2
DA:310,1
DA:313,1
DA:314,2
DA:315,2
DA:317,2
DA:319,2
DA:323,1
DA:324,1
DA:326,1
DA:327,2
DA:328,2
DA:330,1
DA:332,1
DA:333,1
DA:339,1
DA:340,1
DA:342,1
DA:343,1
DA:344,1
DA:345,1
DA:346,1
DA:348,1
DA:349,2
DA:350,1
DA:353,1
DA:355,1
DA:356,1
DA:358,1
DA:359,1
DA:360,1
DA:361,2
DA:362,4
DA:363,4
DA:364,1
DA:365,1
DA:366,1
DA:367,1
DA:368,2
DA:370,1
DA:371,1
DA:372,2
LF:179
LH:174
end_of_record
SF:lib/src/overlays/app_dropdown_field.dart
DA:16,4
DA:47,4
DA:49,4
DA:50,4
DA:51,4
DA:53,4
DA:54,1
DA:56,1
DA:57,4
DA:58,3
DA:59,4
DA:60,4
DA:61,4
DA:62,4
DA:64,4
DA:66,4
DA:67,8
DA:68,4
DA:69,4
DA:70,9
DA:71,4
DA:72,4
DA:73,4
DA:75,4
DA:76,8
DA:77,4
DA:78,4
DA:79,4
DA:80,4
DA:81,4
DA:83,4
DA:84,4
DA:85,8
DA:86,8
DA:87,4
DA:89,4
DA:90,4
DA:92,4
DA:93,4
DA:103,4
DA:106,4
DA:107,5
DA:108,2
DA:109,2
DA:111,4
DA:112,5
DA:113,2
DA:114,1
DA:115,1
DA:116,1
LF:50
LH:50
end_of_record
SF:lib/src/overlays/app_dropdown_option_row.dart
DA:16,4
DA:35,4
DA:37,4
DA:38,4
DA:39,8
DA:41,4
DA:43,4
DA:44,4
DA:45,4
DA:46,4
DA:47,4
DA:48,4
DA:49,8
DA:51,4
DA:52,7
DA:53,4
DA:55,4
DA:56,4
DA:57,8
DA:58,4
DA:59,4
DA:60,4
DA:61,4
DA:63,4
DA:64,4
DA:65,6
DA:66,2
DA:67,2
DA:68,2
DA:69,2
DA:72,4
DA:73,3
DA:74,3
DA:75,3
DA:76,3
DA:77,2
DA:79,2
DA:84,6
DA:86,5
DA:87,3
DA:88,2
DA:90,4
DA:91,4
DA:92,8
LF:44
LH:44
end_of_record
SF:lib/src/overlays/app_popover.dart
DA:13,10
DA:15,5
DA:16,5
DA:17,5
DA:18,5
DA:21,4
DA:22,4
DA:23,4
DA:24,4
DA:27,15
DA:41,5
DA:84,5
DA:85,5
DA:91,5
DA:92,11
DA:93,15
DA:103,5
DA:105,5
DA:110,10
DA:114,10
DA:115,15
DA:118,5
DA:119,10
DA:120,5
DA:122,4
DA:126,5
DA:127,5
DA:130,0
DA:131,0
DA:135,10
DA:136,5
DA:138,5
DA:139,5
DA:140,10
DA:141,5
DA:142,20
DA:143,5
DA:144,5
DA:145,20
DA:147,15
DA:149,10
DA:150,0
DA:156,15
DA:157,10
DA:159,5
DA:164,2
DA:165,0
DA:167,1
DA:170,10
DA:171,10
DA:172,5
DA:174,10
DA:176,10
DA:177,10
DA:178,5
DA:180,20
DA:185,10
DA:186,5
DA:187,5
DA:188,5
DA:190,5
DA:191,5
DA:192,11
DA:197,5
DA:198,5
DA:199,5
DA:200,5
DA:201,5
DA:202,10
DA:203,5
DA:204,5
DA:209,5
DA:212,5
DA:213,5
DA:214,2
DA:215,2
DA:216,2
DA:217,2
DA:222,5
DA:224,5
DA:225,5
DA:226,5
DA:227,5
DA:228,5
DA:229,5
DA:230,5
DA:233,5
DA:234,5
DA:241,5
DA:243,15
DA:245,5
DA:259,10
DA:260,15
DA:261,10
DA:262,13
DA:264,10
DA:268,9
DA:269,9
DA:270,6
DA:276,4
DA:277,4
DA:279,8
DA:283,4
DA:284,4
DA:285,8
DA:288,5
DA:289,10
DA:290,10
DA:291,5
DA:292,5
DA:295,5
DA:297,15
DA:300,5
DA:301,10
DA:302,10
DA:303,7
DA:304,5
DA:307,5
DA:309,5
DA:310,5
DA:311,20
LF:121
LH:117
end_of_record
SF:lib/src/overlays/app_creatable_combobox.dart
DA:15,1
DA:35,1
DA:83,1
DA:85,1
DA:99,1
DA:101,2
DA:102,2
DA:103,2
DA:104,2
DA:105,2
DA:106,1
DA:109,1
DA:110,1
DA:111,2
DA:112,2
DA:114,1
DA:115,2
DA:116,3
DA:120,1
DA:121,1
DA:122,1
DA:123,1
DA:124,1
DA:125,1
DA:126,4
DA:130,1
DA:131,1
DA:132,1
DA:133,7
DA:136,1
DA:137,2
DA:138,2
DA:139,2
DA:140,3
DA:141,3
DA:142,2
DA:147,1
DA:148,3
DA:149,2
DA:152,1
DA:153,1
DA:154,1
DA:156,2
DA:157,3
DA:158,1
DA:163,3
DA:164,3
DA:165,2
DA:167,1
DA:168,2
DA:169,1
DA:170,1
DA:171,1
DA:172,2
DA:173,1
DA:174,1
DA:176,3
DA:177,3
DA:180,1
DA:181,1
DA:182,2
DA:183,1
DA:184,1
DA:186,3
DA:187,3
DA:189,3
DA:190,4
DA:195,0
DA:196,0
DA:197,0
DA:198,0
DA:199,0
DA:200,0
DA:203,1
DA:205,1
DA:206,1
DA:208,1
DA:209,1
DA:210,1
DA:212,2
DA:213,4
DA:219,1
DA:220,2
DA:221,2
DA:222,2
DA:223,2
DA:224,1
DA:225,3
DA:226,1
DA:228,1
DA:229,2
DA:230,1
DA:232,2
DA:235,1
DA:236,1
DA:237,1
DA:238,1
DA:240,1
DA:241,1
DA:242,1
DA:243,1
DA:244,1
DA:246,1
DA:247,4
DA:248,2
DA:250,1
DA:251,1
DA:252,1
DA:253,1
DA:254,0
DA:255,0
DA:256,0
DA:257,0
DA:260,0
DA:261,0
DA:266,1
DA:268,1
DA:269,1
DA:270,1
DA:271,1
DA:272,1
DA:273,1
DA:274,1
DA:278,1
DA:279,1
DA:280,1
DA:282,1
DA:283,1
DA:284,1
DA:286,1
DA:287,1
DA:289,2
DA:290,1
DA:291,1
DA:292,1
DA:293,1
DA:294,1
DA:295,2
DA:296,1
DA:298,1
DA:299,1
DA:303,2
DA:304,2
DA:305,1
DA:308,1
DA:309,2
DA:310,2
DA:312,0
DA:313,0
DA:314,0
DA:315,0
DA:317,0
DA:322,1
DA:323,1
DA:325,0
DA:326,0
DA:327,0
DA:329,1
DA:331,1
DA:332,1
DA:338,1
DA:339,1
DA:341,1
DA:342,0
DA:343,0
DA:344,0
DA:345,0
DA:347,0
DA:348,0
DA:349,0
DA:352,1
DA:354,1
DA:355,1
DA:358,1
DA:359,2
DA:360,1
DA:361,1
DA:362,1
DA:363,1
DA:364,1
DA:365,4
DA:366,1
DA:367,1
DA:368,3
DA:373,2
DA:376,1
DA:377,1
DA:380,1
DA:381,2
LF:189
LH:162
end_of_record
SF:lib/src/widgets/app_snack_bar.dart
DA:9,1
DA:14,1
DA:15,1
DA:16,1
DA:17,1
DA:18,1
DA:20,2
LF:7
LH:7
end_of_record
SF:lib/src/overlays/app_multi_select.dart
DA:21,1
DA:46,1
DA:47,1
DA:53,1
DA:55,2
DA:56,1
DA:59,1
DA:60,3
DA:61,2
DA:63,4
DA:64,2
DA:65,3
DA:69,1
DA:70,9
DA:73,1
DA:75,1
DA:76,2
DA:77,5
DA:80,1
DA:81,1
DA:82,1
DA:83,1
DA:84,1
DA:87,1
DA:88,1
DA:89,2
DA:90,1
DA:93,2
DA:95,2
DA:96,1
DA:98,3
DA:99,1
DA:100,1
DA:101,1
DA:102,1
DA:103,1
DA:104,1
DA:105,1
DA:107,5
DA:109,3
DA:114,1
DA:115,2
DA:116,2
DA:117,2
DA:118,2
DA:119,1
DA:120,3
DA:121,1
DA:123,4
DA:127,1
DA:128,1
DA:130,1
DA:132,1
DA:133,2
DA:135,3
DA:136,1
DA:137,3
DA:138,1
DA:139,1
DA:140,1
DA:141,1
DA:143,4
DA:144,4
LF:63
LH:63
end_of_record
SF:lib/src/overlays/app_select.dart
DA:13,0
DA:36,1
DA:66,1
DA:67,1
DA:74,1
DA:76,2
DA:77,2
DA:78,1
DA:81,1
DA:82,3
DA:83,4
DA:88,1
DA:89,5
DA:90,3
DA:91,1
DA:92,4
DA:93,2
DA:96,1
DA:97,1
DA:98,2
DA:100,3
DA:103,0
DA:104,0
DA:105,0
DA:106,0
DA:107,0
DA:108,0
DA:109,0
DA:110,0
DA:111,0
DA:117,1
DA:119,1
DA:120,1
DA:122,1
DA:123,1
DA:124,1
DA:125,1
DA:126,1
DA:127,2
DA:128,2
DA:129,2
DA:130,2
DA:131,1
DA:132,3
DA:133,1
DA:134,2
DA:135,1
DA:137,1
DA:139,2
DA:141,4
DA:145,1
DA:146,2
DA:147,1
DA:149,2
DA:150,2
DA:153,1
DA:154,1
DA:155,1
DA:156,1
DA:157,1
DA:158,0
DA:159,0
DA:160,0
DA:161,0
DA:164,0
DA:165,0
DA:168,0
DA:169,0
DA:170,0
DA:175,1
DA:177,1
DA:179,1
DA:180,2
DA:182,3
DA:183,1
DA:184,3
DA:185,1
DA:186,1
DA:187,1
DA:188,1
DA:189,4
DA:190,1
DA:191,2
LF:83
LH:64
end_of_record
SF:lib/src/overlays/app_persistent_sheet.dart
DA:30,0
DA:68,0
DA:69,0
DA:76,0
DA:77,0
DA:78,0
DA:82,0
DA:85,0
DA:87,0
DA:99,0
DA:101,0
DA:102,0
DA:103,0
DA:106,0
DA:108,0
DA:109,0
DA:110,0
DA:111,0
DA:112,0
DA:116,0
DA:118,0
DA:119,0
DA:120,0
DA:121,0
DA:124,0
DA:125,0
DA:126,0
DA:128,0
DA:130,0
DA:132,0
DA:133,0
DA:134,0
DA:141,0
DA:143,0
DA:145,0
DA:147,0
DA:148,0
DA:149,0
DA:152,0
DA:153,0
DA:154,0
DA:156,0
DA:157,0
DA:159,0
DA:160,0
DA:161,0
DA:162,0
DA:163,0
DA:164,0
DA:167,0
DA:168,0
DA:169,0
DA:170,0
DA:172,0
DA:175,0
DA:176,0
DA:177,0
DA:178,0
DA:179,0
DA:182,0
DA:183,0
DA:186,0
DA:187,0
DA:188,0
DA:200,0
DA:216,0
DA:218,0
DA:220,0
DA:221,0
DA:222,0
DA:224,0
DA:225,0
DA:226,0
DA:227,0
DA:230,0
DA:231,0
DA:232,0
DA:238,0
DA:240,0
DA:241,0
DA:245,0
DA:246,0
DA:249,0
DA:250,0
DA:251,0
DA:252,0
DA:253,0
DA:254,0
DA:255,0
DA:263,0
DA:264,0
DA:265,0
DA:266,0
DA:267,0
DA:268,0
DA:269,0
DA:270,0
DA:275,0
DA:277,0
DA:278,0
DA:279,0
DA:291,0
DA:295,0
DA:297,0
DA:298,0
DA:300,0
DA:301,0
DA:303,0
DA:304,0
DA:305,0
DA:308,0
DA:309,0
DA:310,0
LF:113
LH:0
end_of_record
SF:lib/src/overlays/app_sheet_scaffold.dart
DA:17,0
DA:56,0
DA:58,0
DA:61,0
DA:62,0
DA:65,0
DA:66,0
DA:68,0
DA:70,0
DA:73,0
DA:74,0
DA:75,0
DA:76,0
DA:77,0
DA:78,0
DA:79,0
DA:80,0
DA:81,0
DA:83,0
DA:84,0
DA:85,0
DA:86,0
DA:87,0
DA:88,0
DA:91,0
DA:92,0
DA:93,0
DA:94,0
DA:95,0
DA:97,0
DA:100,0
DA:101,0
DA:110,6
DA:112,0
DA:114,0
DA:115,0
DA:116,0
DA:117,0
DA:120,0
DA:121,0
DA:122,0
DA:131,0
DA:145,0
DA:147,0
DA:149,0
DA:150,0
DA:151,0
DA:154,0
DA:155,0
DA:156,0
DA:157,0
DA:158,0
DA:159,0
DA:160,0
DA:166,0
DA:167,0
DA:168,0
DA:169,0
DA:170,0
DA:172,0
DA:173,0
DA:182,0
DA:192,0
DA:194,0
DA:197,0
DA:199,0
DA:200,0
DA:201,0
DA:202,0
DA:203,0
DA:204,0
DA:206,0
DA:207,0
DA:208,0
DA:209,0
DA:210,0
DA:211,0
DA:212,0
DA:217,0
DA:218,0
DA:221,0
DA:224,0
DA:225,0
DA:226,0
DA:230,0
DA:232,0
DA:233,0
DA:234,0
DA:235,0
LF:89
LH:1
end_of_record
SF:lib/src/responsive/adaptive_layout.dart
DA:20,0
DA:31,0
DA:33,0
DA:34,0
DA:35,0
DA:36,0
DA:37,0
DA:47,0
DA:56,0
DA:62,0
DA:72,0
DA:74,0
DA:75,0
DA:76,0
DA:77,0
DA:79,0
LF:16
LH:0
end_of_record
SF:lib/src/responsive/device.dart
DA:13,0
DA:15,0
DA:17,0
DA:19,0
DA:35,1
DA:37,1
DA:38,0
DA:40,2
DA:41,2
DA:46,0
DA:49,0
DA:52,0
DA:53,0
DA:56,0
DA:61,0
DA:62,0
DA:63,0
DA:66,0
DA:75,0
DA:76,0
DA:103,1
DA:108,0
DA:112,6
DA:117,12
DA:120,0
DA:123,0
DA:126,0
DA:129,0
DA:134,0
DA:139,0
DA:144,0
DA:153,1
DA:154,2
DA:155,0
DA:185,1
DA:186,1
DA:189,1
DA:191,1
DA:193,1
DA:202,0
DA:203,0
DA:204,0
DA:205,0
DA:207,0
DA:208,0
DA:209,0
DA:210,0
DA:211,0
LF:48
LH:14
end_of_record
SF:lib/src/responsive/responsive_scope.dart
DA:21,0
DA:30,0
DA:31,0
DA:35,0
DA:40,0
DA:54,1
DA:55,1
DA:57,0
DA:59,0
DA:60,0
DA:64,0
DA:68,0
DA:70,0
DA:71,0
DA:72,0
DA:73,0
DA:74,0
LF:17
LH:2
end_of_record
SF:lib/src/templates/app_scaffold.dart
DA:12,0
DA:38,1
DA:40,1
DA:42,1
DA:43,1
DA:44,1
DA:45,1
DA:51,1
DA:52,2
DA:55,1
DA:56,3
DA:57,1
DA:58,1
DA:59,1
DA:60,1
DA:61,1
LF:16
LH:15
end_of_record
SF:lib/src/theme/app_colors.dart
DA:16,8
DA:174,1
DA:203,1
DA:204,1
DA:205,1
DA:206,1
DA:207,1
DA:208,1
DA:209,1
DA:210,0
DA:211,1
DA:212,1
DA:213,1
DA:214,1
DA:215,1
DA:216,1
DA:217,1
DA:218,1
DA:220,1
DA:221,1
DA:222,1
DA:223,1
DA:224,1
DA:225,1
DA:226,1
DA:227,1
DA:228,1
DA:229,1
DA:230,1
DA:234,2
DA:236,2
DA:237,4
DA:238,2
DA:239,6
DA:240,6
DA:241,6
DA:242,6
DA:243,6
DA:244,6
DA:245,6
DA:246,6
DA:247,6
DA:248,6
DA:249,6
DA:250,6
DA:251,6
DA:252,6
DA:253,6
DA:254,2
DA:255,2
DA:256,2
DA:258,6
DA:259,6
DA:260,6
DA:261,6
DA:262,6
DA:263,6
DA:264,6
DA:265,6
DA:266,6
DA:267,6
LF:61
LH:60
end_of_record
SF:lib/src/theme/app_theme.dart
DA:14,30
DA:20,30
DA:27,0
DA:28,0
DA:30,15
DA:35,15
DA:37,30
DA:38,15
DA:39,15
DA:42,15
DA:44,15
DA:45,15
DA:46,15
DA:47,15
DA:48,15
DA:49,15
DA:50,15
DA:51,15
DA:52,15
DA:53,15
DA:54,15
DA:55,15
DA:57,15
DA:58,15
DA:61,15
DA:65,15
DA:66,15
DA:67,15
DA:69,15
DA:70,15
DA:71,15
DA:72,15
DA:76,45
DA:77,45
DA:79,15
DA:80,15
DA:81,15
DA:82,15
DA:84,45
DA:85,30
DA:86,30
DA:87,15
DA:88,15
DA:92,15
DA:93,15
DA:94,45
DA:99,15
DA:100,15
DA:104,15
DA:105,15
DA:106,45
DA:108,45
DA:110,15
DA:111,30
LF:54
LH:52
end_of_record
SF:lib/src/theme/app_tokens.dart
DA:14,8
DA:75,15
DA:76,45
DA:77,45
DA:78,0
DA:146,1
DA:172,1
DA:173,1
DA:174,1
DA:175,1
DA:176,1
DA:177,1
DA:178,1
DA:179,1
DA:180,1
DA:181,0
DA:182,1
DA:183,1
DA:184,1
DA:185,1
DA:186,1
DA:187,1
DA:188,1
DA:189,1
DA:190,1
DA:191,1
DA:192,1
DA:193,1
DA:194,1
DA:195,1
DA:199,2
DA:201,2
DA:202,4
DA:203,2
DA:204,2
DA:205,2
DA:206,6
DA:207,6
DA:208,6
DA:209,6
DA:210,6
DA:211,6
DA:212,6
DA:213,6
DA:214,6
DA:215,6
DA:216,6
DA:217,6
DA:218,6
DA:219,6
DA:220,6
DA:221,6
DA:222,6
DA:223,5
DA:224,5
DA:225,5
DA:226,6
DA:227,6
DA:228,6
LF:59
LH:57
end_of_record
SF:lib/src/theme/cubits/theme_cubit.dart
DA:13,0
DA:14,0
DA:18,0
DA:20,0
DA:21,0
DA:22,0
DA:23,0
DA:25,0
DA:29,0
DA:31,0
DA:32,0
DA:35,0
DA:36,0
DA:38,0
LF:14
LH:0
end_of_record
SF:lib/src/theme/cubits/theme_state_utils.dart
DA:3,0
DA:4,0
LF:2
LH:0
end_of_record
SF:lib/src/widgets/adaptive_sheet.dart
DA:14,0
DA:16,0
DA:22,0
LF:3
LH:0
end_of_record
SF:lib/src/widgets/app_menu_drawer/app_menu_drawer.dart
DA:8,0
DA:60,0
DA:62,0
DA:63,0
DA:65,0
DA:66,0
DA:68,0
DA:69,0
DA:71,0
DA:72,0
DA:79,0
DA:80,0
DA:82,0
DA:83,0
DA:84,0
DA:86,0
DA:87,0
DA:88,0
DA:90,0
DA:94,0
DA:95,0
DA:96,0
DA:98,0
DA:101,0
DA:111,0
DA:112,0
DA:114,0
DA:118,0
DA:119,0
DA:120,0
DA:121,0
DA:122,0
DA:124,0
DA:125,0
DA:126,0
DA:128,0
DA:129,0
DA:130,0
DA:138,0
DA:139,0
DA:141,0
DA:143,0
DA:145,0
DA:149,0
DA:153,0
DA:154,0
DA:155,0
DA:156,0
DA:157,0
DA:158,0
DA:159,0
DA:160,0
DA:170,0
LF:53
LH:0
end_of_record
SF:lib/src/widgets/app_menu_drawer/menu_drawer_item.dart
DA:6,0
DA:19,0
DA:21,0
DA:23,0
DA:24,0
DA:25,0
DA:26,0
DA:28,0
DA:29,0
DA:30,0
DA:32,0
DA:33,0
DA:34,0
DA:35,0
DA:37,0
DA:38,0
DA:39,0
DA:42,0
DA:43,0
DA:44,0
DA:45,0
DA:46,0
DA:47,0
DA:48,0
LF:24
LH:0
end_of_record
SF:lib/src/widgets/app_menu_drawer/menu_drawer_user_tile.dart
DA:6,0
DA:23,0
DA:25,0
DA:27,0
DA:28,0
DA:29,0
DA:30,0
DA:32,0
DA:33,0
DA:34,0
DA:36,0
DA:37,0
DA:40,0
DA:41,0
DA:42,0
DA:43,0
DA:45,0
DA:50,0
DA:52,0
DA:53,0
DA:54,0
DA:55,0
DA:65,0
DA:71,0
DA:72,0
DA:73,0
DA:75,0
DA:76,0
DA:80,0
DA:83,0
DA:84,0
DA:87,0
DA:89,0
DA:95,0
DA:96,0
DA:97,0
DA:98,0
DA:99,0
DA:100,0
DA:101,0
DA:103,0
DA:104,0
DA:105,0
DA:106,0
DA:107,0
DA:111,0
DA:113,0
DA:114,0
DA:117,0
DA:123,0
DA:124,0
DA:125,0
LF:52
LH:0
end_of_record
SF:lib/src/widgets/app_shell/app_shell_actions.dart
DA:12,0
DA:21,0
DA:23,0
DA:24,0
DA:27,0
DA:28,0
DA:30,0
DA:31,0
DA:32,0
DA:33,0
DA:34,0
DA:35,0
DA:36,0
DA:38,0
DA:39,0
DA:40,0
DA:41,0
DA:42,0
DA:43,0
DA:45,0
DA:47,0
DA:48,0
DA:50,0
DA:51,0
DA:52,0
DA:54,0
DA:57,0
DA:58,0
DA:59,0
DA:62,0
DA:64,0
DA:65,0
DA:68,0
DA:69,0
DA:70,0
DA:80,0
DA:90,0
DA:92,0
DA:93,0
DA:95,0
DA:97,0
DA:102,0
DA:111,0
DA:113,0
DA:115,0
DA:116,0
DA:118,0
DA:119,0
DA:121,0
DA:122,0
DA:123,0
DA:124,0
DA:125,0
DA:128,0
DA:130,0
DA:131,0
DA:134,0
DA:136,0
DA:154,0
DA:163,0
DA:165,0
DA:166,0
DA:169,0
DA:171,0
DA:172,0
DA:173,0
DA:176,0
DA:177,0
DA:178,0
DA:179,0
DA:181,0
DA:182,0
DA:183,0
DA:185,0
DA:186,0
DA:187,0
DA:192,0
DA:196,0
DA:198,0
DA:200,0
DA:203,0
DA:205,0
DA:206,0
DA:207,0
DA:208,0
DA:211,0
DA:214,0
DA:215,0
DA:216,0
DA:217,0
DA:219,0
DA:222,0
DA:224,0
DA:225,0
DA:226,0
DA:227,0
DA:239,0
DA:242,0
DA:244,0
DA:245,0
DA:248,0
DA:251,0
DA:252,0
DA:253,0
DA:254,0
DA:256,0
DA:260,0
DA:261,0
DA:264,0
DA:266,0
DA:269,0
DA:270,0
DA:278,0
DA:281,0
DA:283,0
DA:284,0
DA:287,0
DA:288,0
DA:289,0
DA:291,0
DA:294,0
DA:297,0
DA:299,0
DA:301,0
DA:312,0
DA:324,0
DA:326,0
DA:327,0
DA:328,0
DA:329,0
DA:330,0
DA:331,0
DA:333,0
DA:336,0
DA:337,0
DA:338,0
DA:339,0
DA:345,0
DA:346,0
DA:347,0
DA:348,0
DA:350,0
DA:356,0
DA:358,0
DA:362,0
DA:365,0
DA:366,0
DA:367,0
DA:368,0
DA:371,0
DA:372,0
DA:373,0
DA:382,0
DA:388,0
DA:393,0
DA:394,0
DA:395,0
DA:396,0
DA:397,0
DA:401,0
DA:402,0
DA:403,0
DA:404,0
DA:405,0
DA:407,0
DA:408,0
DA:409,0
DA:416,0
DA:417,0
DA:418,0
DA:419,0
DA:420,0
LF:172
LH:0
end_of_record
SF:lib/src/widgets/app_shell/app_shell_nav_item.dart
DA:4,0
LF:1
LH:0
end_of_record
SF:lib/src/widgets/app_shell/app_shell_scope.dart
DA:9,0
DA:35,0
DA:36,0
DA:39,0
DA:40,0
DA:41,0
DA:45,0
DA:47,0
DA:48,0
DA:49,0
DA:50,0
LF:11
LH:0
end_of_record
SF:lib/src/widgets/app_shell/app_shell_sidebar.dart
DA:5,0
DA:33,0
DA:35,0
DA:38,0
DA:39,0
DA:40,0
DA:41,0
DA:43,0
DA:45,0
DA:46,0
DA:47,0
DA:48,0
DA:49,0
DA:50,0
DA:53,0
DA:54,0
DA:55,0
DA:56,0
DA:57,0
DA:58,0
DA:59,0
DA:60,0
DA:61,0
DA:62,0
DA:63,0
DA:64,0
DA:65,0
DA:71,0
DA:72,0
DA:78,0
DA:79,0
DA:80,0
DA:81,0
DA:87,0
DA:89,0
DA:90,0
DA:91,0
DA:92,0
DA:95,0
DA:96,0
DA:97,0
DA:104,0
DA:105,0
DA:106,0
DA:107,0
DA:108,0
DA:109,0
DA:113,0
DA:114,0
DA:115,0
DA:116,0
DA:118,0
DA:121,0
DA:122,0
DA:123,0
DA:124,0
DA:126,0
DA:127,0
DA:128,0
DA:129,0
DA:133,0
DA:135,0
DA:137,0
DA:138,0
DA:140,0
DA:141,0
DA:144,0
DA:157,0
DA:175,0
DA:177,0
DA:178,0
DA:179,0
DA:180,0
DA:181,0
DA:182,0
DA:184,0
DA:185,0
DA:187,0
DA:189,0
DA:190,0
DA:191,0
DA:194,0
DA:197,0
DA:198,0
DA:201,0
DA:202,0
DA:203,0
DA:205,0
DA:206,0
DA:207,0
DA:210,0
DA:212,0
DA:217,0
DA:218,0
DA:219,0
DA:221,0
DA:224,0
DA:226,0
DA:227,0
DA:228,0
DA:229,0
DA:230,0
DA:231,0
LF:103
LH:0
end_of_record
SF:lib/src/widgets/app_sourced_image.dart
DA:20,0
DA:33,0
DA:35,0
DA:36,0
DA:38,0
DA:39,0
DA:40,0
DA:41,0
DA:45,0
DA:46,0
DA:47,0
DA:48,0
DA:49,0
DA:52,0
DA:53,0
DA:54,0
DA:55,0
DA:56,0
DA:58,0
DA:59,0
DA:60,0
DA:65,0
DA:66,0
DA:69,0
DA:70,0
DA:71,0
DA:74,0
DA:75,0
DA:77,0
DA:78,0
DA:79,0
DA:83,0
DA:84,0
DA:85,0
DA:86,0
DA:87,0
LF:36
LH:0
end_of_record
SF:lib/src/widgets/confirmation_dialog.dart
DA:16,1
DA:40,1
DA:52,1
DA:55,2
DA:71,1
DA:78,1
DA:89,1
DA:91,1
DA:92,1
DA:94,4
DA:95,2
DA:97,1
DA:98,1
DA:99,2
DA:100,1
DA:102,1
DA:103,2
DA:104,1
DA:106,1
DA:107,1
DA:110,1
DA:114,2
DA:116,2
DA:117,2
DA:118,2
DA:119,1
DA:120,1
DA:121,1
DA:124,2
DA:125,1
DA:126,1
DA:127,1
DA:128,1
DA:129,3
DA:130,1
DA:134,2
DA:135,1
DA:136,1
DA:137,1
DA:138,3
DA:139,1
DA:142,1
DA:143,0
DA:144,1
DA:146,1
DA:148,0
DA:149,0
LF:47
LH:44
end_of_record
SF:lib/src/widgets/data_table/data_table_column.dart
DA:59,0
LF:1
LH:0
end_of_record
SF:lib/src/widgets/data_table/data_table_config.dart
DA:19,0
DA:25,0
DA:26,0
DA:27,0
DA:28,0
DA:29,0
DA:34,0
DA:35,0
DA:36,0
DA:42,0
DA:45,0
DA:47,0
DA:48,0
DA:89,0
DA:104,0
DA:117,0
DA:118,0
DA:119,0
DA:120,0
DA:121,0
DA:122,0
DA:123,0
DA:124,0
DA:125,0
DA:126,0
DA:127,0
DA:128,0
LF:27
LH:0
end_of_record
SF:lib/src/widgets/data_table/data_table_controller.dart
DA:9,1
DA:15,0
DA:16,0
DA:17,0
DA:18,0
DA:19,0
DA:20,0
DA:26,0
DA:27,0
DA:28,0
DA:29,0
DA:30,0
DA:36,0
DA:38,0
DA:39,0
DA:40,0
DA:41,0
DA:44,0
DA:45,0
DA:46,0
DA:47,0
DA:50,0
DA:51,0
DA:52,0
DA:53,0
DA:56,0
DA:57,0
DA:58,0
DA:59,0
DA:62,0
DA:66,2
DA:67,1
DA:68,3
DA:69,1
DA:70,1
DA:75,0
DA:76,0
DA:77,0
DA:78,0
DA:79,0
DA:80,0
DA:85,0
DA:86,1
DA:87,2
DA:88,1
DA:94,4
DA:95,2
DA:96,1
DA:98,1
DA:102,5
DA:104,0
DA:105,0
DA:107,0
DA:108,0
DA:109,0
DA:110,0
DA:114,0
DA:115,0
DA:116,0
DA:117,0
DA:121,0
DA:122,0
DA:123,0
DA:124,0
DA:130,0
DA:131,0
DA:132,0
DA:134,0
DA:136,0
DA:137,0
DA:138,0
DA:141,0
DA:142,0
DA:143,0
DA:146,0
DA:147,0
DA:148,0
DA:150,0
DA:152,0
DA:155,0
DA:156,0
DA:157,0
DA:160,0
DA:161,0
DA:162,0
DA:167,0
DA:168,0
DA:169,0
DA:170,0
DA:171,0
DA:176,0
DA:177,0
DA:178,0
DA:179,0
DA:180,0
DA:181,0
DA:182,0
DA:183,0
LF:98
LH:14
end_of_record
SF:lib/src/widgets/data_table/data_table_delete_dialog.dart
DA:8,0
DA:22,0
DA:29,0
DA:31,0
DA:41,0
DA:43,0
DA:44,0
DA:45,0
DA:46,0
DA:48,0
DA:50,0
DA:52,0
DA:54,0
DA:56,0
DA:59,0
DA:60,0
DA:63,0
DA:65,0
DA:71,0
DA:72,0
DA:73,0
DA:75,0
DA:80,0
DA:81,0
DA:82,0
DA:83,0
DA:89,0
DA:90,0
DA:91,0
DA:92,0
DA:93,0
DA:94,0
DA:95,0
DA:96,0
DA:97,0
DA:103,0
DA:104,0
DA:105,0
DA:106,0
DA:107,0
DA:108,0
LF:41
LH:0
end_of_record
SF:lib/src/widgets/data_table/data_table_empty_state.dart
DA:6,0
DA:17,0
DA:19,0
DA:20,0
DA:22,0
DA:24,0
DA:26,0
DA:29,0
DA:30,0
DA:33,0
DA:35,0
DA:36,0
DA:39,0
DA:41,0
DA:44,0
DA:46,0
DA:47,0
DA:49,0
DA:50,0
DA:54,0
DA:57,0
DA:66,0
DA:67,0
DA:68,0
DA:70,0
DA:74,0
DA:75,0
DA:76,0
DA:77,0
LF:29
LH:0
end_of_record
SF:lib/src/widgets/data_table/data_table_filter_dialog.dart
DA:9,0
DA:23,0
DA:29,0
DA:31,0
DA:33,0
DA:34,0
DA:35,0
DA:36,0
DA:43,0
DA:45,0
DA:46,0
DA:47,0
DA:48,0
DA:50,0
DA:52,0
DA:54,0
DA:57,0
DA:59,0
DA:60,0
DA:61,0
DA:63,0
DA:68,0
DA:71,0
DA:72,0
DA:73,0
DA:74,0
DA:75,0
DA:77,0
DA:78,0
DA:79,0
DA:85,0
DA:86,0
DA:87,0
DA:89,0
DA:90,0
LF:35
LH:0
end_of_record
SF:lib/src/widgets/data_table/data_table_header.dart
DA:13,0
DA:40,0
DA:42,0
DA:48,0
DA:49,0
DA:50,0
DA:51,0
DA:52,0
DA:53,0
DA:54,0
DA:55,0
DA:57,0
DA:58,0
DA:59,0
DA:60,0
DA:61,0
DA:62,0
DA:63,0
DA:67,0
DA:68,0
DA:69,0
DA:70,0
DA:71,0
DA:74,0
DA:75,0
DA:76,0
DA:77,0
DA:79,0
DA:87,0
DA:88,0
DA:90,0
DA:91,0
DA:93,0
DA:94,0
DA:95,0
DA:97,0
DA:101,0
DA:103,0
DA:104,0
DA:105,0
DA:106,0
DA:112,0
DA:113,0
DA:114,0
DA:115,0
DA:116,0
DA:121,0
DA:122,0
DA:124,0
DA:125,0
DA:129,0
DA:130,0
DA:131,0
DA:138,0
DA:140,0
DA:141,0
DA:142,0
DA:144,0
DA:145,0
DA:146,0
DA:160,0
DA:175,0
DA:177,0
DA:181,0
DA:183,0
DA:184,0
DA:186,0
DA:187,0
DA:188,0
DA:189,0
DA:190,0
DA:191,0
DA:192,0
DA:193,0
DA:194,0
DA:202,0
DA:207,0
DA:208,0
DA:210,0
DA:211,0
DA:212,0
DA:214,0
DA:218,0
DA:222,0
DA:224,0
DA:226,0
DA:227,0
DA:228,0
DA:229,0
DA:230,0
DA:231,0
DA:232,0
DA:235,0
DA:239,0
DA:240,0
DA:241,0
LF:96
LH:0
end_of_record
SF:lib/src/widgets/data_table/data_table_loading_state.dart
DA:7,0
DA:16,0
DA:18,0
DA:20,0
DA:21,0
DA:23,0
DA:28,0
DA:29,0
DA:30,0
DA:32,0
DA:33,0
DA:34,0
DA:35,0
DA:36,0
DA:37,0
DA:38,0
DA:41,0
DA:42,0
DA:43,0
DA:52,0
DA:53,0
DA:54,0
DA:59,0
DA:60,0
DA:61,0
DA:64,0
DA:65,0
DA:66,0
DA:67,0
DA:68,0
DA:69,0
DA:71,0
DA:72,0
DA:73,0
DA:74,0
DA:76,0
DA:77,0
DA:78,0
DA:93,0
DA:94,0
DA:95,0
DA:97,0
DA:98,0
DA:101,0
DA:102,0
DA:103,0
DA:109,0
DA:110,0
DA:112,0
DA:113,0
DA:114,0
DA:117,0
DA:118,0
DA:119,0
DA:124,0
DA:125,0
DA:128,0
DA:129,0
DA:130,0
LF:59
LH:0
end_of_record
SF:lib/src/widgets/data_table/data_table_pagination.dart
DA:8,0
DA:25,0
DA:27,0
DA:32,0
DA:33,0
DA:34,0
DA:35,0
DA:36,0
DA:38,0
DA:40,0
DA:41,0
DA:42,0
DA:43,0
DA:47,0
DA:48,0
DA:49,0
DA:51,0
DA:52,0
DA:53,0
DA:62,0
DA:63,0
DA:68,0
DA:69,0
DA:71,0
DA:73,0
DA:74,0
DA:76,0
DA:77,0
DA:81,0
DA:83,0
DA:84,0
DA:85,0
DA:86,0
DA:87,0
DA:89,0
DA:91,0
DA:100,0
DA:102,0
DA:104,0
DA:105,0
DA:106,0
DA:109,0
DA:116,0
DA:118,0
DA:119,0
DA:120,0
DA:123,0
DA:136,0
DA:137,0
DA:140,0
DA:142,0
DA:143,0
DA:147,0
DA:150,0
DA:151,0
DA:154,0
DA:155,0
DA:159,0
DA:160,0
DA:164,0
DA:165,0
DA:169,0
DA:170,0
DA:174,0
DA:180,0
DA:181,0
DA:182,0
DA:184,0
DA:185,0
DA:186,0
DA:187,0
DA:188,0
DA:189,0
DA:190,0
DA:194,0
DA:195,0
DA:196,0
DA:198,0
DA:199,0
DA:209,0
DA:210,0
DA:212,0
DA:214,0
LF:83
LH:0
end_of_record
SF:lib/src/widgets/data_table/data_table_view.dart
DA:35,0
DA:110,0
DA:111,0
DA:119,0
DA:121,0
DA:122,0
DA:123,0
DA:124,0
DA:126,0
DA:127,0
DA:129,0
DA:131,0
DA:134,0
DA:136,0
DA:137,0
DA:138,0
DA:139,0
DA:140,0
DA:141,0
DA:143,0
DA:144,0
DA:146,0
DA:147,0
DA:149,0
DA:151,0
DA:155,0
DA:157,0
DA:158,0
DA:159,0
DA:160,0
DA:162,0
DA:165,0
DA:166,0
DA:169,0
DA:170,0
DA:171,0
DA:172,0
DA:173,0
DA:176,0
DA:179,0
DA:180,0
DA:181,0
DA:188,0
DA:190,0
DA:193,0
DA:194,0
DA:195,0
DA:196,0
DA:197,0
DA:199,0
DA:200,0
DA:202,0
DA:203,0
DA:204,0
DA:205,0
DA:206,0
DA:207,0
DA:208,0
DA:209,0
DA:210,0
DA:211,0
DA:212,0
DA:214,0
DA:216,0
DA:217,0
DA:219,0
DA:221,0
DA:223,0
DA:224,0
DA:227,0
DA:229,0
DA:230,0
DA:231,0
DA:232,0
DA:233,0
DA:234,0
DA:235,0
DA:236,0
DA:239,0
DA:240,0
DA:243,0
DA:244,0
DA:245,0
DA:246,0
DA:247,0
DA:248,0
DA:249,0
DA:250,0
DA:251,0
DA:259,0
DA:260,0
DA:261,0
DA:262,0
DA:264,0
DA:265,0
DA:266,0
DA:267,0
DA:268,0
DA:269,0
DA:270,0
DA:271,0
DA:272,0
DA:273,0
DA:274,0
DA:275,0
DA:281,0
DA:282,0
DA:283,0
DA:285,0
DA:287,0
DA:288,0
DA:289,0
DA:290,0
DA:291,0
DA:298,0
DA:299,0
DA:304,0
DA:305,0
DA:306,0
DA:308,0
DA:309,0
DA:310,0
DA:311,0
DA:312,0
DA:313,0
DA:314,0
DA:317,0
DA:320,0
DA:326,0
DA:327,0
DA:328,0
DA:329,0
DA:330,0
DA:331,0
DA:332,0
DA:340,0
DA:341,0
DA:342,0
DA:343,0
DA:348,0
DA:349,0
DA:351,0
DA:352,0
DA:353,0
DA:354,0
DA:355,0
DA:356,0
DA:357,0
DA:358,0
DA:359,0
DA:363,0
DA:364,0
DA:365,0
DA:366,0
DA:367,0
DA:371,0
DA:372,0
DA:374,0
DA:375,0
DA:376,0
DA:377,0
DA:378,0
DA:379,0
DA:391,0
DA:403,0
DA:405,0
DA:407,0
DA:408,0
DA:409,0
DA:410,0
DA:412,0
DA:417,0
DA:418,0
DA:419,0
DA:420,0
DA:423,0
DA:424,0
DA:425,0
DA:427,0
DA:429,0
DA:430,0
DA:431,0
DA:434,0
DA:436,0
DA:437,0
DA:440,0
DA:442,0
DA:443,0
DA:445,0
DA:459,0
DA:464,0
DA:466,0
DA:467,0
DA:468,0
DA:469,0
DA:470,0
DA:471,0
DA:473,0
DA:475,0
DA:477,0
DA:478,0
DA:479,0
DA:480,0
DA:481,0
DA:482,0
DA:483,0
DA:485,0
DA:486,0
DA:487,0
DA:488,0
DA:489,0
DA:491,0
DA:492,0
DA:494,0
DA:495,0
LF:215
LH:0
end_of_record
SF:lib/src/widgets/data_table/data_table_mobile_list.dart
DA:12,0
DA:31,0
DA:33,0
DA:35,0
DA:36,0
DA:37,0
DA:38,0
DA:39,0
DA:40,0
DA:41,0
DA:43,0
DA:44,0
DA:45,0
DA:46,0
DA:54,0
DA:68,0
DA:69,0
DA:71,0
DA:72,0
DA:74,0
DA:76,0
DA:77,0
DA:79,0
DA:80,0
DA:81,0
DA:83,0
DA:84,0
DA:85,0
DA:86,0
DA:87,0
DA:88,0
DA:89,0
DA:90,0
DA:92,0
DA:94,0
DA:95,0
DA:96,0
DA:102,0
DA:103,0
DA:104,0
DA:105,0
DA:106,0
DA:108,0
DA:110,0
DA:111,0
DA:112,0
DA:115,0
DA:116,0
DA:117,0
DA:118,0
DA:119,0
DA:120,0
DA:121,0
DA:123,0
DA:124,0
DA:125,0
DA:132,0
DA:133,0
DA:134,0
DA:137,0
DA:138,0
DA:139,0
DA:140,0
DA:145,0
DA:154,0
DA:159,0
DA:161,0
DA:162,0
DA:164,0
DA:166,0
DA:167,0
DA:168,0
DA:169,0
LF:73
LH:0
end_of_record
SF:lib/src/widgets/money_keypad.dart
DA:13,0
DA:29,0
DA:30,0
DA:31,0
DA:32,0
DA:33,0
DA:36,0
DA:37,0
DA:38,0
DA:39,0
DA:40,0
DA:43,0
DA:44,0
DA:45,0
DA:48,0
DA:49,0
DA:50,0
DA:53,0
DA:55,0
DA:57,0
DA:58,0
DA:59,0
DA:60,0
DA:61,0
DA:63,0
DA:64,0
DA:65,0
DA:66,0
DA:68,0
DA:69,0
DA:70,0
DA:71,0
DA:73,0
DA:74,0
DA:75,0
DA:76,0
DA:78,0
DA:79,0
DA:86,0
DA:87,0
DA:89,0
DA:90,0
DA:91,0
DA:92,0
DA:93,0
DA:95,0
DA:105,0
DA:113,0
DA:123,0
DA:128,0
DA:130,0
DA:131,0
DA:133,0
DA:134,0
DA:135,0
DA:136,0
DA:137,0
DA:138,0
DA:139,0
DA:140,0
DA:142,0
DA:145,0
DA:146,0
DA:148,0
DA:149,0
DA:150,0
DA:151,0
DA:152,0
DA:153,0
DA:155,0
LF:70
LH:0
end_of_record
SF:lib/src/widgets/quantity_button.dart
DA:11,1
DA:19,1
DA:21,2
DA:22,2
DA:24,1
DA:25,1
DA:26,2
DA:27,2
DA:29,1
DA:31,1
DA:33,1
DA:34,1
DA:36,3
DA:37,3
DA:40,1
DA:42,1
DA:43,2
DA:44,2
DA:49,1
DA:51,1
DA:52,5
DA:54,1
DA:70,1
DA:77,1
DA:79,2
DA:81,1
DA:83,1
DA:84,1
DA:85,1
DA:86,1
DA:87,1
DA:90,1
DA:91,1
DA:92,1
DA:93,2
DA:95,1
DA:96,1
DA:98,1
DA:99,1
DA:100,2
LF:40
LH:40
end_of_record
SF:lib/src/widgets/section_page_layout/section_mobile_navigator.dart
DA:17,0
DA:33,0
DA:34,0
DA:40,0
DA:41,0
DA:42,0
DA:43,0
DA:44,0
DA:48,0
DA:50,0
DA:53,0
DA:54,0
DA:56,0
DA:58,0
DA:59,0
DA:60,0
DA:61,0
DA:62,0
DA:63,0
DA:64,0
DA:73,0
DA:83,0
DA:85,0
DA:87,0
DA:88,0
DA:89,0
DA:90,0
DA:91,0
DA:92,0
DA:93,0
DA:94,0
DA:95,0
DA:96,0
DA:98,0
DA:99,0
DA:100,0
DA:101,0
DA:102,0
DA:103,0
DA:104,0
DA:105,0
DA:106,0
DA:108,0
DA:111,0
DA:113,0
DA:114,0
DA:122,0
DA:127,0
DA:129,0
DA:130,0
DA:132,0
DA:133,0
DA:134,0
DA:135,0
DA:136,0
DA:137,0
DA:139,0
DA:140,0
DA:141,0
DA:142,0
DA:143,0
DA:144,0
DA:146,0
DA:147,0
DA:157,0
DA:161,0
DA:163,0
DA:164,0
DA:165,0
DA:166,0
DA:167,0
DA:168,0
DA:169,0
DA:171,0
DA:172,0
DA:176,0
LF:76
LH:0
end_of_record
SF:lib/src/widgets/section_page_layout/section_page_layout.dart
DA:29,0
DA:53,0
DA:54,0
DA:64,0
DA:66,0
DA:67,0
DA:70,0
DA:71,0
DA:72,0
DA:75,0
DA:77,0
DA:80,0
DA:83,0
DA:86,0
DA:90,0
DA:91,0
DA:92,0
DA:93,0
DA:94,0
DA:98,0
DA:99,0
DA:101,0
DA:103,0
DA:104,0
DA:105,0
DA:106,0
DA:112,0
DA:113,0
DA:114,0
DA:116,0
DA:117,0
DA:118,0
DA:119,0
DA:120,0
DA:121,0
DA:124,0
DA:129,0
DA:130,0
DA:134,0
DA:136,0
DA:138,0
DA:140,0
DA:144,0
DA:145,0
DA:146,0
LF:45
LH:0
end_of_record
SF:lib/src/widgets/section_page_layout/section_sidebar.dart
DA:9,0
DA:39,0
DA:41,0
DA:44,0
DA:45,0
DA:46,0
DA:47,0
DA:48,0
DA:51,0
DA:53,0
DA:55,0
DA:58,0
DA:59,0
DA:60,0
DA:61,0
DA:64,0
DA:65,0
DA:66,0
DA:67,0
DA:68,0
DA:69,0
DA:70,0
DA:71,0
DA:72,0
DA:73,0
DA:74,0
DA:84,0
DA:85,0
DA:86,0
DA:87,0
DA:89,0
DA:92,0
DA:93,0
DA:94,0
DA:95,0
DA:96,0
DA:98,0
DA:101,0
DA:102,0
DA:103,0
DA:104,0
DA:108,0
DA:109,0
DA:110,0
LF:44
LH:0
end_of_record
SF:lib/src/widgets/section_page_layout/section_sidebar_item.dart
DA:6,0
DA:33,0
DA:61,0
DA:63,0
DA:65,0
DA:67,0
DA:68,0
DA:69,0
DA:70,0
DA:73,0
DA:74,0
DA:77,0
DA:78,0
DA:79,0
DA:80,0
DA:81,0
DA:84,0
DA:85,0
DA:86,0
DA:88,0
DA:92,0
DA:93,0
DA:94,0
DA:95,0
DA:99,0
DA:100,0
DA:102,0
DA:103,0
DA:104,0
DA:107,0
DA:109,0
DA:110,0
DA:111,0
DA:112,0
DA:113,0
DA:116,0
DA:117,0
DA:118,0
LF:38
LH:0
end_of_record
SF:lib/src/widgets/section_page_layout/section_tab_bar.dart
DA:9,0
DA:25,0
DA:27,0
DA:29,0
DA:30,0
DA:31,0
DA:32,0
DA:34,0
DA:36,0
DA:38,0
DA:39,0
DA:40,0
DA:41,0
DA:42,0
DA:46,0
DA:49,0
DA:50,0
DA:51,0
DA:53,0
DA:62,0
DA:63,0
DA:64,0
DA:66,0
DA:68,0
DA:69,0
DA:70,0
DA:72,0
DA:74,0
DA:79,0
DA:80,0
DA:85,0
DA:86,0
DA:89,0
DA:90,0
DA:94,0
DA:95,0
DA:96,0
DA:99,0
DA:100,0
LF:39
LH:0
end_of_record
SF:lib/src/theme/cubits/theme_state.dart
LF:0
LH:0
end_of_record
