SF:lib/src/models/receipt.dart
DA:6,1
DA:26,4
DA:28,0
DA:31,0
DA:32,0
DA:33,0
DA:34,0
DA:35,0
DA:37,0
DA:39,0
DA:49,1
DA:116,0
DA:134,0
DA:135,0
DA:136,0
DA:137,0
DA:138,0
DA:139,0
DA:140,0
DA:141,0
DA:142,0
DA:143,0
DA:144,0
DA:145,0
DA:146,0
DA:147,0
DA:148,0
DA:149,0
DA:150,0
DA:154,0
DA:157,0
DA:158,0
DA:159,0
DA:160,0
DA:161,0
DA:162,0
DA:163,0
DA:164,0
DA:165,0
DA:166,0
DA:167,0
DA:168,0
DA:169,0
DA:170,0
DA:171,0
DA:172,0
DA:173,0
DA:175,0
DA:176,0
DA:177,0
DA:178,0
DA:179,0
DA:180,0
DA:181,0
DA:182,0
DA:183,0
DA:184,0
DA:185,0
DA:186,0
DA:187,0
DA:188,0
DA:189,0
DA:190,0
DA:191,0
DA:192,0
LF:65
LH:3
end_of_record
SF:lib/src/rendering/receipt_renderer.dart
DA:12,1
DA:15,1
DA:19,1
DA:20,2
DA:21,1
DA:23,1
DA:34,2
DA:37,1
DA:38,1
DA:39,4
DA:48,2
DA:49,0
DA:50,0
DA:51,0
DA:52,0
DA:57,2
DA:58,0
DA:59,0
DA:60,0
DA:66,2
DA:69,5
DA:70,5
DA:71,2
DA:74,2
DA:75,1
DA:76,2
DA:77,5
DA:78,1
DA:79,1
DA:80,2
DA:87,1
DA:88,0
DA:89,0
DA:90,0
DA:97,2
DA:100,1
DA:101,2
DA:103,2
DA:104,0
DA:105,0
DA:108,3
DA:109,0
DA:111,1
DA:112,1
DA:115,1
DA:123,2
DA:124,0
DA:125,0
DA:127,2
DA:128,0
DA:130,2
DA:131,0
DA:135,2
DA:136,0
DA:137,0
DA:138,0
DA:139,0
DA:145,2
DA:146,2
DA:151,1
DA:159,1
DA:164,2
DA:165,2
DA:166,1
DA:167,2
DA:169,1
DA:174,1
DA:175,1
DA:176,1
DA:185,1
DA:186,1
DA:187,1
DA:188,4
DA:192,1
DA:193,3
DA:194,6
DA:195,4
LF:77
LH:56
end_of_record
SF:lib/src/config/receipt_config.dart
DA:20,0
DA:51,0
DA:60,0
DA:61,0
DA:62,0
DA:63,0
DA:64,0
DA:65,0
DA:66,0
DA:67,0
DA:71,0
DA:74,0
DA:75,0
DA:76,0
DA:77,0
DA:78,0
DA:79,0
DA:80,0
DA:81,0
DA:83,0
DA:84,0
DA:85,0
DA:86,0
DA:87,0
DA:88,0
DA:89,0
DA:90,0
DA:91,0
LF:28
LH:0
end_of_record
SF:lib/src/rendering/money_format.dart
DA:6,1
DA:7,1
DA:8,0
DA:9,1
DA:10,3
DA:12,1
LF:6
LH:5
end_of_record
SF:lib/src/service/fake_printer_service.dart
DA:16,0
DA:18,0
DA:19,0
DA:21,0
DA:26,0
DA:27,0
LF:6
LH:0
end_of_record
SF:lib/src/service/thermal_printer_service.dart
DA:19,1
DA:23,1
DA:24,1
DA:26,2
DA:37,1
DA:55,1
DA:57,1
DA:59,3
DA:61,1
DA:67,2
DA:68,1
DA:69,3
DA:71,4
DA:74,2
DA:75,1
DA:76,1
DA:81,0
LF:17
LH:16
end_of_record
SF:lib/src/widgets/receipt_preview.dart
DA:15,0
DA:23,0
DA:25,0
DA:27,0
DA:28,0
DA:30,0
DA:32,0
DA:33,0
DA:34,0
DA:35,0
DA:41,0
DA:48,0
DA:50,0
DA:51,0
DA:52,0
DA:61,0
DA:62,0
DA:63,0
DA:64,0
DA:65,0
DA:66,0
DA:67,0
DA:68,0
DA:69,0
DA:70,0
DA:71,0
DA:72,0
DA:74,0
DA:75,0
DA:76,0
DA:84,0
DA:85,0
DA:87,0
DA:89,0
DA:90,0
DA:92,0
DA:93,0
DA:97,0
DA:98,0
DA:100,0
DA:102,0
DA:104,0
DA:107,0
DA:109,0
DA:111,0
DA:112,0
DA:114,0
DA:115,0
DA:119,0
DA:120,0
DA:122,0
DA:124,0
DA:126,0
DA:134,0
DA:136,0
DA:137,0
DA:138,0
DA:139,0
DA:144,0
DA:150,0
DA:152,0
DA:153,0
DA:155,0
DA:157,0
DA:158,0
DA:159,0
DA:160,0
DA:161,0
DA:165,0
DA:166,0
DA:167,0
DA:176,1
DA:178,0
LF:73
LH:1
end_of_record
