SF:lib/src/app_config.dart
DA:23,1
DA:66,1
DA:85,1
DA:86,1
DA:90,1
DA:98,0
DA:101,3
DA:104,3
DA:106,1
DA:116,1
DA:117,0
DA:118,1
DA:119,0
DA:120,1
DA:121,0
DA:122,1
DA:123,1
DA:124,1
DA:128,0
DA:129,0
DA:130,0
DA:131,0
DA:132,0
DA:133,0
DA:134,0
DA:136,1
DA:139,0
DA:140,0
DA:141,0
DA:142,0
DA:143,0
DA:144,0
DA:145,0
DA:146,0
DA:147,0
DA:148,0
DA:150,1
DA:151,1
DA:152,1
DA:153,1
DA:154,1
DA:155,1
DA:156,1
DA:157,1
DA:158,1
DA:159,1
LF:46
LH:25
end_of_record
SF:lib/src/bootstrap_mode.dart
DA:17,1
DA:18,2
DA:19,3
DA:24,0
DA:26,0
LF:5
LH:3
end_of_record
SF:lib/src/flavor.dart
DA:18,1
DA:19,2
DA:20,2
DA:21,2
DA:26,2
DA:28,0
DA:30,2
DA:33,2
LF:8
LH:7
end_of_record
