SF:lib/src/blocs/business_profile_cubit.dart
DA:17,0
DA:19,0
DA:24,0
DA:25,0
DA:29,0
DA:30,0
DA:31,0
DA:36,0
DA:39,0
LF:9
LH:0
end_of_record
SF:lib/src/blocs/feature_flags_cubit.dart
DA:23,1
DA:25,2
DA:30,3
DA:33,1
DA:34,3
DA:38,1
DA:39,3
DA:44,0
DA:46,0
DA:49,0
LF:10
LH:7
end_of_record
SF:lib/src/business_profile_repository.dart
DA:27,0
DA:30,0
DA:37,0
DA:38,0
DA:40,0
DA:42,0
DA:44,0
DA:46,0
DA:47,0
DA:48,0
DA:51,0
DA:53,0
DA:54,0
DA:57,0
DA:58,0
DA:59,0
DA:60,0
LF:17
LH:0
end_of_record
SF:lib/src/feature_flags.dart
DA:18,3
DA:27,8
DA:30,2
DA:33,4
DA:35,0
DA:36,0
DA:38,1
DA:39,3
DA:41,1
DA:44,1
DA:45,3
DA:46,3
DA:48,0
DA:49,0
LF:14
LH:10
end_of_record
SF:lib/src/feature_flags_repository.dart
DA:32,1
DA:36,0
DA:37,2
DA:45,1
DA:46,2
DA:48,1
DA:49,1
DA:51,1
DA:53,1
DA:54,3
DA:55,1
DA:58,1
DA:60,2
DA:61,4
DA:62,1
DA:65,1
DA:66,2
DA:67,1
DA:68,1
DA:70,3
LF:20
LH:19
end_of_record
SF:lib/src/models/business_profile.dart
DA:20,3
DA:44,3
DA:48,2
DA:51,2
DA:55,1
DA:57,1
DA:74,1
DA:89,1
DA:103,1
DA:118,0
DA:119,0
DA:121,0
DA:124,0
DA:125,0
DA:126,0
DA:128,0
DA:129,0
LF:17
LH:9
end_of_record
SF:lib/src/models/business_type.dart
DA:25,1
DA:26,3
DA:27,3
DA:28,3
DA:29,2
DA:35,0
DA:36,0
DA:37,0
DA:38,0
DA:39,0
LF:10
LH:5
end_of_record
SF:lib/src/models/subscription_tier.dart
DA:20,2
DA:21,6
DA:22,6
DA:23,6
DA:28,0
DA:30,2
DA:33,2
DA:34,2
DA:35,2
DA:36,2
DA:40,8
LF:11
LH:10
end_of_record
