SF:lib/src/effect_bloc.dart
DA:7,3
DA:22,9
DA:24,3
DA:26,12
DA:29,3
DA:33,3
DA:34,6
DA:35,9
LF:8
LH:8
end_of_record
SF:lib/src/app_feature.dart
DA:10,0
LF:1
LH:0
end_of_record
SF:lib/src/effect_bloc_consumer.dart
DA:11,1
DA:28,1
DA:30,1
DA:31,1
DA:32,1
DA:33,1
DA:34,1
DA:35,1
DA:36,1
DA:37,1
LF:10
LH:10
end_of_record
SF:lib/src/effect_listener.dart
DA:10,2
DA:21,2
DA:22,2
DA:30,2
DA:32,2
DA:33,4
DA:34,4
DA:35,2
DA:36,2
DA:37,8
DA:38,2
DA:39,0
DA:45,2
DA:46,2
DA:47,10
DA:48,8
DA:52,2
DA:54,4
DA:55,2
DA:58,2
DA:59,4
LF:21
LH:20
end_of_record
