SF:lib/src/enum_mapper.dart
DA:4,0
DA:6,0
DA:10,0
DA:11,0
DA:13,0
DA:14,0
LF:6
LH:0
end_of_record
SF:lib/src/extensions.dart
DA:11,0
DA:12,0
DA:13,0
DA:14,0
DA:15,0
DA:16,0
DA:17,0
DA:21,0
DA:23,0
DA:25,0
DA:29,0
DA:30,0
DA:33,0
DA:34,0
DA:35,0
DA:37,0
DA:38,0
DA:40,0
DA:41,0
DA:44,0
DA:45,0
DA:46,0
DA:51,0
DA:53,0
DA:61,0
DA:65,0
DA:70,0
LF:27
LH:0
end_of_record
SF:lib/src/money.dart
DA:28,1
DA:35,1
DA:36,1
DA:38,1
DA:39,1
DA:41,2
DA:42,2
DA:44,1
DA:47,2
DA:65,1
DA:67,3
DA:68,2
DA:70,1
DA:71,1
DA:74,1
DA:75,1
DA:76,1
DA:80,2
DA:84,1
DA:85,2
DA:89,2
DA:90,2
DA:92,1
DA:94,2
DA:98,2
DA:99,1
DA:101,2
DA:102,1
DA:106,1
DA:107,3
DA:109,1
DA:110,2
DA:112,1
DA:113,2
DA:114,3
DA:117,3
DA:118,3
DA:119,4
DA:122,1
LF:39
LH:39
end_of_record
SF:lib/src/persistence_service.dart
DA:26,0
DA:30,0
DA:32,0
DA:35,0
DA:37,0
DA:40,0
DA:42,0
DA:45,0
DA:47,0
DA:50,0
DA:52,0
DA:55,0
DA:57,0
DA:60,0
DA:62,0
DA:65,0
DA:67,0
DA:70,0
DA:72,0
DA:75,0
DA:77,0
DA:80,0
DA:82,0
DA:85,0
DA:87,0
LF:25
LH:0
end_of_record
